5205.18133317786   -5205.17690208002
Total number of readers: 7
Number of data sets: 1
Bias options by reader: 0
Bias options by reader: 1
Bias options by reader: 1
Bias options by reader: 1
Bias options by reader: 1
Bias options by reader: 1
Bias options by reader: 1
Sigma options by reader: 7
Sigma options by reader: 7
Sigma options by reader: 7
Sigma options by reader: 7
Sigma options by reader: 7
Sigma options by reader: 7
Sigma options by reader: 7
Total objective function: 5205.18133317786
maximum gradient: 8.75597114697819
Number of readers:  7
Range of ages:  0  -  23
Reader # 1  Minus/Plus ages:  0  /  18
Number of data sets: 1
Number of lines of data per data set:  427
Number of data points per data set: 552


# Bias options
#   -X: Mirrored with pattrn X
#   0: Unbiased [0 parameters]
#   1: Linearly proportional to age [1 parameter]
#   2: Michaelis-Menten [3 parameters]

# SD options
#   1: Constant CV [1 parameter]
#   2: SD Michaelis-Menten [3 parameters]
#   3: CV Michaelis-Menten [3 parameters]
#   4: Known perfectly [0 parameters]
#   5: SD spline function of age [variable parameters]
#   6: SD linear piecewise function of age [
      variable parameters
      ]
#   7: SD linear function of age [2 parameters]
#   8: CV linear function of age [2 parameters]
Reader BiasType SigmaType
1   0   7
2   1   7
3   1   7
4   1   7
5   1   7
6   1   7
7   1   7

Reader Age CV SD Expected age
1   0   0.08025   0.08025   0.5
1   1   0.08025   0.08025   1.5
1   2   0.0834   0.16681   2.5
1   3   0.08446   0.25337   3.5
1   4   0.08498   0.33992   4.5
1   5   0.0853   0.42648   5.5
1   6   0.08551   0.51304   6.5
1   7   0.08566   0.5996   7.5
1   8   0.08577   0.68616   8.5
1   9   0.08586   0.77272   9.5
1   10   0.08593   0.85928   10.5
1   11   0.08599   0.94584   11.5
1   12   0.08603   1.0324   12.5
1   13   0.08607   1.11895   13.5
1   14   0.08611   1.20551   14.5
1   15   0.08614   1.29207   15.5
1   16   0.08616   1.37863   16.5
1   17   0.08619   1.46519   17.5
1   18   0.08621   1.55175   18.5
1   19   0.08623   1.63831   19.5
1   20   0.08624   1.72487   20.5
1   21   0.08626   1.81143   21.5
1   22   0.08627   1.89798   22.5
1   23   0.08628   1.98454   23.5
2   0   0.29917   0.29917   0.55297
2   1   0.29917   0.29917   1.65892
2   2   0.19305   0.3861   2.76487
2   3   0.15768   0.47303   3.87082
2   4   0.13999   0.55996   4.97677
2   5   0.12938   0.64689   6.08272
2   6   0.1223   0.73382   7.18867
2   7   0.11725   0.82074   8.29462
2   8   0.11346   0.90767   9.40057
2   9   0.11051   0.9946   10.50652
2   10   0.10815   1.08153   11.61247
2   11   0.10622   1.16846   12.71842
2   12   0.10462   1.25538   13.82437
2   13   0.10325   1.34231   14.93032
2   14   0.10209   1.42924   16.03626
2   15   0.10108   1.51617   17.14221
2   16   0.10019   1.6031   18.24816
2   17   0.09941   1.69002   19.35411
2   18   0.09872   1.77695   20.46006
2   19   0.0981   1.86388   21.56601
2   20   0.09754   1.95081   22.67196
2   21   0.09704   2.03774   23.77791
2   22   0.09658   2.12466   24.88386
2   23   0.09616   2.21159   25.98981
3   0   0.04267   0.04267   0.50973
3   1   0.04267   0.04267   1.5292
3   2   0.08229   0.16457   2.54866
3   3   0.09549   0.28648   3.56813
3   4   0.1021   0.40838   4.58759
3   5   0.10606   0.53029   5.60706
3   6   0.1087   0.65219   6.62652
3   7   0.11058   0.77409   7.64599
3   8   0.112   0.896   8.66545
3   9   0.1131   1.0179   9.68492
3   10   0.11398   1.1398   10.70439
3   11   0.1147   1.26171   11.72385
3   12   0.1153   1.38361   12.74332
3   13   0.11581   1.50551   13.76278
3   14   0.11624   1.62742   14.78225
3   15   0.11662   1.74932   15.80171
3   16   0.11695   1.87122   16.82118
3   17   0.11724   1.99313   17.84064
3   18   0.1175   2.11503   18.86011
3   19   0.11773   2.23693   19.87957
3   20   0.11794   2.35884   20.89904
3   21   0.11813   2.48074   21.9185
3   22   0.1183   2.60264   22.93797
3   23   0.11846   2.72455   23.95743
4   0   0.36368   0.36368   0.5128
4   1   0.36368   0.36368   1.53841
4   2   0.21052   0.42104   2.56402
4   3   0.15947   0.4784   3.58962
4   4   0.13394   0.53576   4.61523
4   5   0.11862   0.59311   5.64083
4   6   0.10841   0.65047   6.66644
4   7   0.10112   0.70783   7.69205
4   8   0.09565   0.76518   8.71765
4   9   0.09139   0.82254   9.74326
4   10   0.08799   0.8799   10.76887
4   11   0.08521   0.93726   11.79447
4   12   0.08288   0.99461   12.82008
4   13   0.08092   1.05197   13.84568
4   14   0.07924   1.10933   14.87129
4   15   0.07778   1.16668   15.8969
4   16   0.0765   1.22404   16.9225
4   17   0.07538   1.2814   17.94811
4   18   0.07438   1.33876   18.97371
4   19   0.07348   1.39611   19.99932
4   20   0.07267   1.45347   21.02493
4   21   0.07194   1.51083   22.05053
4   22   0.07128   1.56819   23.07614
4   23   0.07068   1.62554   24.10175
5   0   0.16388   0.16388   0.51922
5   1   0.16388   0.16388   1.55765
5   2   0.11676   0.23352   2.59608
5   3   0.10105   0.30316   3.63452
5   4   0.0932   0.37281   4.67295
5   5   0.08849   0.44245   5.71139
5   6   0.08535   0.51209   6.74982
5   7   0.0831   0.58173   7.78825
5   8   0.08142   0.65138   8.82669
5   9   0.08011   0.72102   9.86512
5   10   0.07907   0.79066   10.90356
5   11   0.07821   0.8603   11.94199
5   12   0.0775   0.92994   12.98042
5   13   0.07689   0.99959   14.01886
5   14   0.07637   1.06923   15.05729
5   15   0.07592   1.13887   16.09572
5   16   0.07553   1.20851   17.13416
5   17   0.07519   1.27816   18.17259
5   18   0.07488   1.3478   19.21103
5   19   0.0746   1.41744   20.24946
5   20   0.07435   1.48708   21.28789
5   21   0.07413   1.55672   22.32633
5   22   0.07393   1.62637   23.36476
5   23   0.07374   1.69601   24.4032
6   0   0.10969   0.10969   0.49748
6   1   0.10969   0.10969   1.49245
6   2   0.09186   0.18371   2.48742
6   3   0.08591   0.25773   3.48238
6   4   0.08294   0.33175   4.47735
6   5   0.08115   0.40577   5.47232
6   6   0.07997   0.47979   6.46729
6   7   0.07912   0.55381   7.46225
6   8   0.07848   0.62783   8.45722
6   9   0.07798   0.70185   9.45219
6   10   0.07759   0.77587   10.44715
6   11   0.07726   0.84989   11.44212
6   12   0.07699   0.92391   12.43709
6   13   0.07676   0.99793   13.43205
6   14   0.07657   1.07195   14.42702
6   15   0.0764   1.14597   15.42199
6   16   0.07625   1.21999   16.41695
6   17   0.07612   1.29401   17.41192
6   18   0.076   1.36803   18.40689
6   19   0.0759   1.44205   19.40186
6   20   0.0758   1.51607   20.39682
6   21   0.07572   1.59009   21.39179
6   22   0.07564   1.66411   22.38676
6   23   0.07557   1.73813   23.38172
7   0   0.01   0.01   0.50085
7   1   0.01   0.01   1.50256
7   2   0.06773   0.13545   2.50427
7   3   0.08697   0.2609   3.50598
7   4   0.09659   0.38635   4.50769
7   5   0.10236   0.51181   5.5094
7   6   0.10621   0.63726   6.51111
7   7   0.10896   0.76271   7.51282
7   8   0.11102   0.88816   8.51453
7   9   0.11262   1.01361   9.51624
7   10   0.11391   1.13906   10.51794
7   11   0.11496   1.26451   11.51965
7   12   0.11583   1.38997   12.52136
7   13   0.11657   1.51542   13.52307
7   14   0.1172   1.64087   14.52478
7   15   0.11775   1.76632   15.52649
7   16   0.11824   1.89177   16.5282
7   17   0.11866   2.01722   17.52991
7   18   0.11904   2.14267   18.53162
7   19   0.11937   2.26812   19.53333
7   20   0.11968   2.39358   20.53503
7   21   0.11995   2.51903   21.53674
7   22   0.1202   2.64448   22.53845
7   23   0.12043   2.76993   23.54016

Estimated age-structure by data set
===================================
Age  Data set# 1
Age  1.08811053983121e-12
Age  3.83779158353488e-10
Age  0.00182299980673454
Age  0.0785977986662
Age  0.0964380025898424
Age  0.13239816696959
Age  0.128570281647492
Age  0.130036780307665
Age  0.181391863152937
Age  0.0961720756252379
Age  0.0561077138964899
Age  0.055854107565583
Age  0.0335494382085718
Age  0.00906065048724228
Age  4.9443525463726e-12
Age  6.33372730026924e-14
Age  2.04730286518829e-09
Age  1.12250522700132e-12
Age  2.15413275631484e-08
Age  2.08009365471546e-08
Age  2.00859933061393e-08
Age  1.93956231816621e-08
Age  1.87289815779259e-08
Age  1.80852529285027e-08

Final age-reading error matrices
Matrix for reader#  1
1 7.86485e-10 0 0 0 0 0 0 0 0 0 0 0 0 0 0 0 0 0 0 0 0 0 0
7.86485e-10 1 7.86485e-10 0 0 0 0 0 0 0 0 0 0 0 0 0 0 0 0 0 0 0 0 0
1.702031e-17 0.001463759 0.9970725 0.001463759 0 0 0 0 0 0 0 0 0 0 0 0 0 0 0 0 0 0 0 0
3.193525e-20 4.377407e-09 0.02458829 0.9508234 0.02458829 4.377407e-09 0 0 0 0 0 0 0 0 0 0 0 0 0 0 0 0 0 0
1.348459e-21 9.606566e-13 7.043106e-06 0.0710083 0.8579693 0.0710083 7.043106e-06 9.60676e-13 0 0 0 0 0 0 0 0 0 0 0 0 0 0 0 0
2.013166e-22 3.769177e-15 6.003782e-09 0.0002494629 0.1205421 0.7584169 0.1205421 0.0002494629 6.003782e-09 3.774758e-15 0 0 0 0 0 0 0 0 0 0 0 0 0 0
5.664698e-23 7.985314e-17 2.528779e-11 8.82093e-07 0.001846636 0.1632282 0.6698485 0.1632282 0.001846636 8.82093e-07 2.528777e-11 1.110223e-16 0 0 0 0 0 0 0 0 0 0 0 0
2.290493e-23 4.765209e-18 3.708977e-13 6.856187e-09 1.977005e-05 0.0063908 0.1958975 0.5953838 0.1958975 0.0063908 1.977005e-05 6.856187e-09 3.709255e-13 0 0 0 0 0 0 0 0 0 0 0
1.161734e-23 5.57727e-19 1.345768e-14 1.203098e-10 2.970315e-07 0.0001565689 0.01456793 0.2184684 0.5336135 0.2184684 0.01456793 0.0001565689 2.970315e-07 1.203098e-10 1.34337e-14 0 0 0 0 0 0 0 0 0
6.853156e-24 1.034397e-19 9.430775e-16 4.194492e-12 7.372566e-09 4.215134e-06 0.0006654772 0.02581776 0.2323802 0.4822647 0.2323802 0.02581776 0.0006654772 4.215134e-06 7.372566e-09 4.194534e-12 8.881784e-16 0 0 0 0 0 0 0
4.493503e-24 2.662139e-20 1.075353e-16 2.536071e-13 2.990547e-10 1.520948e-07 2.922047e-05 0.001902542 0.03888946 0.2395563 0.4392447 0.2395563 0.03888946 0.001902542 2.922047e-05 1.520948e-07 2.990547e-10 2.535749e-13 1.110223e-16 0 0 0 0 0
3.18169e-24 8.718682e-21 1.770981e-17 2.374056e-14 1.868618e-11 7.707586e-09 1.498751e-06 0.0001252064 0.00416921 0.05246243 0.2418145 0.4028543 0.2418145 0.05246243 0.00416921 0.0001252064 1.498751e-06 7.707586e-09 1.868616e-11 2.375877e-14 0 0 0 0
2.386471e-24 3.426369e-21 3.871637e-18 3.148596e-15 1.684141e-12 5.42144e-10 9.651045e-08 8.793641e-06 0.0003835493 0.007588443 0.06549526 0.2406402 0.3717674 0.2406402 0.06549526 0.007588443 0.0003835493 8.793641e-06 9.651045e-08 5.42144e-10 1.684208e-12 3.108624e-15 0 0
1.871107e-24 1.550543e-21 1.057106e-18 5.525406e-16 2.06294e-13 5.127574e-11 7.925579e-09 7.145971e-07 3.547529e-05 0.0009227363 0.01208232 0.07732006 0.2371587 0.3449599 0.2371587 0.07732006 0.01208232 0.0009227363 3.547529e-05 7.145971e-07 7.925579e-09 5.127576e-11 2.062794e-13 5.551115e-16
1.518996e-24 7.843092e-22 3.44639e-19 1.21727e-16 3.265885e-14 6.289581e-12 8.225598e-10 6.928359e-08 3.578214e-06 0.0001084345 0.001856805 0.01742624 0.08759769 0.2321873 0.3216397 0.2321873 0.08759769 0.01742624 0.001856805 0.0001084345 3.578214e-06 6.928359e-08 8.225598e-10 6.322387e-12
1.267956e-24 4.338099e-22 1.297071e-19 3.23204e-17 6.411055e-15 9.667064e-13 1.058742e-10 8.058804e-09 4.089146e-07 1.331126e-05 0.0002686539 0.003264782 0.0233268 0.09622705 0.2263041 0.3011897 0.2263041 0.09622705 0.0233268 0.003264782 0.0002686539 1.331126e-05 4.089146e-07 8.165651e-09
1.082609e-24 2.580579e-22 5.491641e-20 1.00179e-17 1.508637e-15 1.80558e-13 1.65373e-11 1.117107e-09 5.37199e-08 1.778955e-06 3.935419e-05 0.0005661063 0.005174301 0.02948743 0.1032574 0.2199109 0.2831253 0.2199109 0.1032574 0.02948743 0.005174301 0.0005661063 3.935419e-05 1.833809e-06
9.417254e-25 1.630063e-22 2.563733e-20 3.534534e-18 4.139886e-16 3.991029e-14 3.06821e-12 1.823345e-10 8.127158e-09 2.640159e-07 6.085814e-06 9.714334e-05 0.001050814 0.007561521 0.03564913 0.1088209 0.2132833 0.2670617 0.2132833 0.1088209 0.03564913 0.007561521 0.001050814 0.0001035015
8.319802e-25 1.082527e-22 1.299028e-20 1.391208e-18 1.295218e-16 1.020695e-14 6.629055e-13 3.455643e-11 1.409019e-09 4.383594e-08 1.016401e-06 1.718493e-05 0.0002077169 0.001763675 0.01036219 0.04160854 0.113087 0.2066074 0.2526906 0.2066074 0.113087 0.04160854 0.01036219 0.001989639
7.446859e-25 7.498896e-23 7.054576e-21 6.010306e-19 4.535198e-17 2.963086e-15 1.638576e-13 7.498021e-12 2.776771e-10 8.144971e-09 1.85372e-07 3.210508e-06 4.15604e-05 0.0003956337 0.002729995 0.01348708 0.04722037 0.1162336 0.200007 0.2397627 0.200007 0.1162336 0.04722037 0.01665768
6.739894e-25 5.384377e-23 4.064607e-21 2.812517e-19 1.750217e-17 9.607282e-16 4.561975e-14 1.837814e-12 6.161766e-11 1.687398e-09 3.706621e-08 6.419507e-07 8.625117e-06 8.857049e-05 0.0006858227 0.003956874 0.01683685 0.05239132 0.1184317 0.1935624 0.2280745 0.1935624 0.1184317 0.07396874
6.158338e-25 3.98683e-23 2.46414e-21 1.410142e-19 7.350099e-18 3.431693e-16 1.411225e-14 5.02622e-13 1.52473e-11 3.87553e-10 8.123397e-09 1.382825e-07 1.884151e-06 2.027152e-05 0.0001700793 0.001100293 0.005434077 0.02031353 0.05707035 0.1198367 0.1873235 0.2174582 0.1873235 0.2039474
5.673364e-25 3.031455e-23 1.561177e-21 7.507309e-20 3.323274e-18 1.334773e-16 4.793509e-15 1.516818e-13 4.167844e-12 9.802552e-11 1.945861e-09 3.216054e-08 4.368384e-07 4.81681e-06 4.262386e-05 0.0002995158 0.001655495 0.007137221 0.02382825 0.0612386 0.1205858 0.1813198 0.2077747 0.3961126
5.264036e-25 2.358841e-23 1.027832e-21 4.212022e-20 1.603277e-18 5.597358e-17 1.769536e-15 5.00102e-14 1.247433e-12 2.711627e-11 5.073325e-10 8.07136e-09 1.079253e-07 1.199462e-06 1.096419e-05 8.162982e-05 0.0004905805 0.002360768 0.009032004 0.02730533 0.06490023 0.1207972 0.1755661 0.5994539
Matrix for reader#  2
0.9320745 0.06792447 1.044667e-06 4.551914e-15 0 0 0 0 0 0 0 0 0 0 0 0 0 0 0 0 0 0 0 0
0.01413168 0.8584798 0.1273833 5.192384e-06 4.707346e-14 0 0 0 0 0 0 0 0 0 0 0 0 0 0 0 0 0 0 0
3.510801e-06 0.02415577 0.7045076 0.270576 0.0007570757 8.879954e-09 1.221245e-15 0 0 0 0 0 0 0 0 0 0 0 0 0 0 0 0 0
1.938833e-09 4.726481e-05 0.03314927 0.5744028 0.3836461 0.00874974 4.78527e-06 8.623879e-11 1.110223e-16 0 0 0 0 0 0 0 0 0 0 0 0 0 0 0
4.624696e-12 1.027422e-07 0.0002378202 0.04069566 0.4756105 0.4492481 0.03403231 0.0001754684 6.762363e-08 2.771228e-12 0 0 0 0 0 0 0 0 0 0 0 0 0 0
3.817452e-14 4.985616e-10 1.452976e-06 0.0007048094 0.04676883 0.4016492 0.472432 0.07681502 0.001624069 4.605558e-06 2.08766e-09 2.001732e-13 0 0 0 0 0 0 0 0 0 0 0 0
8.137949e-16 5.596633e-12 1.364032e-08 9.405809e-06 0.001525406 0.05147803 0.3455399 0.4667606 0.1276603 0.006949423 7.668653e-05 1.884343e-07 1.21457e-10 2.542411e-14 0 0 0 0 0 0 0 0 0 0
3.544093e-17 1.29274e-13 2.240025e-10 1.554963e-07 3.714028e-05 0.002699848 0.05499357 0.3020935 0.4449812 0.1759873 0.01866323 0.0005394756 4.496167e-06 1.194277e-08 1.158518e-11 4.773959e-15 0 0 0 0 0 0 0 0
2.654646e-18 5.3825e-15 6.289963e-12 3.720165e-09 9.864784e-07 0.0001054324 0.00416977 0.05750626 0.2677359 0.4159078 0.2151644 0.03718495 0.002179221 4.496441e-05 3.48513e-07 1.110413e-09 1.623368e-12 1.221245e-15 0 0 0 0 0 0
3.019479e-19 3.603253e-16 2.828709e-13 1.321026e-10 3.333607e-08 4.160592e-06 0.0002377781 0.005848215 0.05920099 0.2400293 0.3847533 0.2429604 0.06064975 0.006062382 0.0002492931 4.408691e-06 3.566882e-08 1.425717e-10 3.075318e-13 4.440892e-16 0 0 0 0
4.762851e-20 3.538319e-17 1.898711e-14 6.797963e-12 1.504065e-09 1.912353e-07 1.307743e-05 0.0004541401 0.007644118 0.06024262 0.2172926 0.3542868 0.2600014 0.0861131 0.0130064 0.0009141728 3.086923e-05 5.23297e-07 4.705933e-09 2.394451e-11 7.405188e-14 1.110223e-16 0 0
9.742956e-21 4.742669e-18 1.784966e-15 4.872423e-13 9.069513e-11 1.08459e-08 7.879562e-07 3.305907e-05 0.0007665789 0.009476859 0.06077089 0.1983449 0.32582 0.2681863 0.1108014 0.02316521 0.002488946 0.0001407236 4.324336e-06 7.521381e-08 7.767798e-10 5.026868e-12 2.153833e-14 1.110223e-16
2.457807e-21 8.202168e-19 2.226694e-16 4.665007e-14 7.173562e-12 7.708824e-10 5.523381e-08 2.52561e-06 7.084363e-05 0.001177862 0.01128244 0.06090048 0.1823398 0.2998573 0.269678 0.1327609 0.03599851 0.00544062 0.0004666378 2.327316e-05 6.959045e-07 1.293633e-08 1.557795e-10 1.278533e-12
7.358293e-22 1.751173e-19 3.524878e-17 5.739182e-15 7.253899e-13 6.833312e-11 4.611794e-09 2.147721e-07 6.66539e-06 0.0001335902 0.001682464 0.01301431 0.06072367 0.168659 0.2764813 0.266421 0.1509553 0.05052789 0.01008336 0.001216489 9.040122e-05 4.236472e-06 1.287468e-07 2.656941e-09
2.537978e-22 4.457122e-20 6.825793e-18 8.76799e-16 9.130022e-14 7.449094e-12 4.605898e-10 2.089989e-08 6.751379e-07 1.509566e-05 0.0002277839 0.002268791 0.01464142 0.06031378 0.1568416 0.2555693 0.2599798 0.1650811 0.06565797 0.0164741 0.002636059 0.0002729616 1.862986e-05 8.844437e-07
9.852979e-23 1.315245e-20 1.569032e-18 1.615279e-16 1.394588e-14 9.81299e-13 5.470573e-11 2.350577e-09 7.581449e-08 1.79043e-06 3.02562e-05 0.0003583704 0.002921676 0.0161453 0.05972856 0.1465389 0.2369099 0.2515351 0.1753136 0.08041566 0.02441058 0.004945856 0.0006766338 6.776281e-05
4.226515e-23 4.39995e-21 4.176877e-19 3.499833e-17 2.52673e-15 1.534094e-13 7.646325e-12 3.055436e-10 9.566273e-09 2.295829e-07 4.137322e-06 5.493358e-05 0.0005282751 0.003624544 0.01751703 0.0590133 0.1374823 0.2202649 0.2419414 0.1820859 0.0940692 0.0335041 0.008282723 0.00162709
1.973673e-23 1.63859e-21 1.261702e-19 8.732051e-18 5.321483e-16 2.797123e-14 1.242135e-12 4.565868e-11 1.361752e-09 3.232348e-08 5.995303e-07 8.540922e-06 9.198487e-05 0.0007383033 0.004361034 0.01875453 0.05820339 0.1294623 0.2053991 0.2317977 0.1859344 0.1061514 0.04327837 0.01581834
9.91289e-24 6.692637e-22 4.25205e-20 2.464231e-18 1.279976e-16 5.853663e-15 2.315306e-13 7.781163e-12 2.183552e-10 5.030333e-09 9.359592e-08 1.384889e-06 1.606102e-05 0.0001440569 0.0009873289 0.005116053 0.0198605 0.05732643 0.1223129 0.1920949 0.2215126 0.1874033 0.1164272 0.07679711
5.302187e-24 2.961275e-22 1.576311e-20 7.747341e-19 3.462666e-17 1.385887e-15 4.890808e-14 1.498521e-12 3.925948e-11 8.664278e-10 1.587556e-08 2.381744e-07 2.887404e-06 2.793942e-05 0.0002133543 0.001272653 0.005876361 0.02084065 0.0564039 0.1159017 0.1801574 0.2113565 0.186993 0.2209534
2.995561e-24 1.404955e-22 6.352393e-21 2.67871e-19 1.039665e-17 3.664551e-16 1.157294e-14 3.230682e-13 7.865888e-12 1.648421e-10 2.935325e-09 4.386303e-08 5.435192e-07 5.522105e-06 4.551888e-05 0.000301484 0.001590428 0.006630814 0.02170258 0.05545245 0.1101212 0.1694152 0.2015022 0.433232
1.775406e-24 7.086239e-23 2.755082e-21 1.007438e-19 3.424959e-18 1.069928e-16 3.035109e-15 7.726068e-14 1.744093e-12 3.45086e-11 5.916237e-10 8.691041e-09 1.082245e-07 1.130673e-06 9.814836e-06 7.014919e-05 0.0004093831 0.001936077 0.007370366 0.02245484 0.05448503 0.1048837 0.1597192 0.6486602
1.097527e-24 3.772144e-23 1.275084e-21 4.082555e-20 1.225644e-18 3.414741e-17 8.737431e-16 2.031845e-14 4.249432e-13 7.910268e-12 1.297246e-10 1.855545e-09 2.292514e-08 2.423684e-07 2.173124e-06 1.638615e-05 0.0001030955 0.0005373179 0.002304658 0.008087931 0.02310637 0.05351159 0.1001169 0.8122133
7.042304e-25 2.10622e-23 6.251657e-22 1.768243e-20 4.723407e-19 1.180804e-17 2.737172e-16 5.828996e-15 1.129829e-13 1.974861e-12 3.084514e-11 4.266303e-10 5.179817e-09 5.473645e-08 4.993273e-07 3.901728e-06 2.592397e-05 0.0001454605 0.0006849382 0.002691162 0.008778171 0.02366605 0.05253982 0.911464
Matrix for reader#  3
1 0 0 0 0 0 0 0 0 0 0 0 0 0 0 0 0 0 0 0 0 0 0 0
1.468291e-28 1 0 0 0 0 0 0 0 0 0 0 0 0 0 0 0 0 0 0 0 0 0 0
8.766252e-19 0.0004778047 0.9963108 0.003211384 1.110223e-16 0 0 0 0 0 0 0 0 0 0 0 0 0 0 0 0 0 0 0
2.071941e-17 4.618993e-08 0.02403938 0.9097561 0.06620397 4.873853e-07 5.551115e-16 0 0 0 0 0 0 0 0 0 0 0 0 0 0 0 0 0
7.261309e-17 4.32811e-10 6.169473e-05 0.07538881 0.7680615 0.15618 0.000307989 4.699255e-09 1.332268e-15 0 0 0 0 0 0 0 0 0 0 0 0 0 0 0
1.422266e-16 2.849428e-11 7.190483e-07 0.001316005 0.1250928 0.6441408 0.224946 0.004499116 4.550057e-06 3.034483e-10 2.220446e-15 0 0 0 0 0 0 0 0 0 0 0 0 0
2.162565e-16 4.859363e-12 2.953525e-08 3.535546e-05 0.006513504 0.1620014 0.5479559 0.2655501 0.01778444 0.0001591409 2.093348e-07 5.052658e-11 2.997602e-15 0 0 0 0 0 0 0 0 0 0 0
2.879137e-16 1.407143e-12 2.804239e-09 1.871689e-06 0.000353647 0.01671628 0.1850608 0.4741195 0.2832305 0.03924424 0.001263256 9.916207e-06 2.114142e-08 1.432043e-11 3.774758e-15 0 0 0 0 0 0 0 0 0
3.544379e-16 5.630322e-13 4.658326e-10 1.762559e-07 2.714618e-05 0.001545653 0.03033659 0.197026 0.4166149 0.2859035 0.06375967 0.004669434 0.0001159251 1.036343e-06 3.643598e-09 5.626721e-12 4.32987e-15 0 0 0 0 0 0 0
4.150345e-16 2.783205e-13 1.138021e-10 2.590938e-08 3.022806e-06 0.0001680281 0.004193044 0.04495191 0.2012779 0.3709412 0.2799675 0.0867293 0.01114546 0.0006078589 1.461515e-05 1.635034e-07 9.111852e-10 2.739253e-12 4.884981e-15 0 0 0 0 0
4.697848e-16 1.591296e-13 3.66043e-11 5.348267e-09 4.670105e-07 2.305876e-05 0.0006135999 0.008460777 0.0586792 0.2005792 0.3339579 0.2695984 0.1057267 0.02031753 0.001945449 9.524739e-05 2.470391e-06 3.549157e-08 2.976829e-10 1.545986e-12 5.329071e-15 0 0 0
5.191244e-16 1.009781e-13 1.44122e-11 1.432747e-09 9.475515e-08 3.994941e-06 0.0001033327 0.001586297 0.01406348 0.07050088 0.1968781 0.3034848 0.2572718 0.1201097 0.03108773 0.00451609 0.000375023 1.824471e-05 5.361543e-07 9.867459e-09 1.184733e-10 9.703349e-13 5.662137e-15 0
5.636013e-16 6.92139e-14 6.609941e-12 4.701085e-10 2.403391e-08 8.542436e-07 2.047046e-05 0.0003217539 0.003239274 0.02048067 0.08007643 0.1914598 0.2779872 0.2443796 0.1302085 0.04225953 0.008431078 0.001047893 8.258239e-05 4.217668e-06 1.432342e-07 3.330418e-09 5.475154e-11 6.648015e-13
6.037688e-16 5.030357e-14 3.410477e-12 1.810339e-10 7.317296e-09 2.193145e-07 4.754802e-06 7.28919e-05 0.0007742878 0.005599901 0.02717469 0.08746477 0.1851438 0.2563644 0.2316712 0.1367303 0.05290193 0.01351021 0.002300131 0.0002644833 2.087183e-05 1.151956e-06 4.543084e-08 1.33995e-09
6.401408e-16 3.826159e-14 1.930593e-12 7.925187e-11 2.588552e-09 6.584843e-08 1.278449e-06 1.859045e-05 0.000199023 0.001544803 0.008579023 0.03371184 0.09291304 0.1784417 0.2378108 0.2195272 0.1404389 0.06244035 0.01939431 0.004240121 0.0006589309 7.367025e-05 6.010242e-06 3.808353e-07
6.731763e-16 3.016952e-14 1.17705e-12 3.849986e-11 1.036856e-09 2.259369e-08 3.917599e-07 5.321018e-06 5.579413e-05 0.0004457057 0.00268072 0.01201595 0.03979698 0.09672959 0.1716672 0.221726 0.2081206 0.1420166 0.07060458 0.02567582 0.0068694 0.001362337 0.0002021298 2.476755e-05
7.032773e-16 2.448847e-14 7.622285e-13 2.037274e-11 4.606843e-10 8.687161e-09 1.347237e-07 1.695793e-06 1.711159e-05 0.0001368458 0.0008583946 0.004184518 0.01572639 0.04526078 0.09921834 0.1650083 0.2076541 0.1975096 0.1420233 0.0773362 0.03198897 0.01009627 0.002445723 0.0005332993
7.307928e-16 2.035324e-14 5.187217e-13 1.157446e-11 2.23339e-10 3.682045e-09 5.126383e-08 5.960522e-07 5.726924e-06 4.502287e-05 0.0002869892 0.001471071 0.006019372 0.01953689 0.05002978 0.1006502 0.1585735 0.1952437 0.1876901 0.1408971 0.08270409 0.0380514 0.01377107 0.005023375
7.560242e-16 1.725068e-14 3.679094e-13 6.980031e-12 1.16585e-10 1.696994e-09 2.131478e-08 2.288316e-07 2.08089e-06 1.58915e-05 0.0001011111 0.0005320637 0.002300241 0.008122034 0.02330325 0.05409582 0.1012539 0.1524213 0.1842197 0.1786262 0.1389723 0.08684254 0.04367126 0.02552007
7.792317e-16 1.486247e-14 2.701852e-13 4.427529e-12 6.482766e-11 8.408153e-10 9.579005e-09 9.507765e-08 8.157887e-07 6.006048e-06 3.767666e-05 0.0002000784 0.000894076 0.003343844 0.0104167 0.02691661 0.05749108 0.1012171 0.1465789 0.1743641 0.1702671 0.1364994 0.08991115 0.08185532
8.006398e-16 1.298336e-14 2.043732e-13 2.932354e-12 3.806161e-11 4.436225e-10 4.609419e-09 4.239626e-08 3.428551e-07 2.422015e-06 1.485434e-05 7.863772e-05 0.0003574192 0.001387894 0.004583899 0.01282629 0.03030201 0.06026987 0.1006904 0.1410543 0.1655018 0.1625563 0.1336643 0.1867091
8.204431e-16 1.147655e-14 1.585585e-13 2.01565e-12 2.34241e-11 2.472571e-10 2.355841e-09 2.013717e-08 1.535098e-07 1.037739e-06 6.187251e-06 3.236943e-05 0.0001478802 0.0005873329 0.00201968 0.005991048 0.01528006 0.03341335 0.06249645 0.09979348 0.1358436 0.1574911 0.1554374 0.3314589
8.3881e-16 1.024821e-14 1.257349e-13 1.430905e-12 1.501964e-11 1.446043e-10 1.26999e-09 1.012037e-08 7.279747e-08 4.703111e-07 2.715926e-06 1.395498e-05 6.352504e-05 0.0002551589 0.000900953 0.002786975 0.007529457 0.01771768 0.03622727 0.06423727 0.09862074 0.1309359 0.1502154 0.4904924
8.558875e-16 9.232308e-15 1.016212e-13 1.04477e-12 9.983345e-12 8.823347e-11 7.178114e-10 5.350187e-09 3.636843e-08 2.244681e-07 1.252587e-06 6.293806e-06 2.836531e-05 0.0001142467 0.0004098261 0.00130522 0.003679955 0.009161088 0.02009082 0.03873729 0.06555646 0.09724614 0.1263168 0.637346
Matrix for reader#  4
0.9094896 0.09048289 2.750931e-05 2.285772e-11 0 0 0 0 0 0 0 0 0 0 0 0 0 0 0 0 0 0 0 0
0.06973918 0.8277742 0.10245 3.660212e-05 3.482448e-11 0 0 0 0 0 0 0 0 0 0 0 0 0 0 0 0 0 0 0
0.0001200898 0.09039734 0.7590473 0.15007 0.0003652241 9.038415e-09 5.107026e-15 0 0 0 0 0 0 0 0 0 0 0 0 0 0 0 0 0
6.295671e-08 0.0004963286 0.1086773 0.6951847 0.1939302 0.001711066 4.018001e-07 3.919975e-12 0 0 0 0 0 0 0 0 0 0 0 0 0 0 0 0
3.936543e-11 8.476306e-07 0.001383881 0.12429 0.637909 0.2313374 0.005072857 5.956196e-06 4.807199e-10 4.32987e-15 0 0 0 0 0 0 0 0 0 0 0 0 0 0
4.725576e-14 1.318219e-09 5.922482e-06 0.002983211 0.1372134 0.587333 0.2612082 0.0112131 4.317181e-05 1.7247e-08 9.909851e-13 0 0 0 0 0 0 0 0 0 0 0 0 0
1.209593e-16 2.964694e-12 1.987152e-08 2.638848e-05 0.005390986 0.1475812 0.5429159 0.2835592 0.02033333 0.0001927083 2.643388e-07 6.539069e-11 3.996803e-15 0 0 0 0 0 0 0 0 0 0 0
6.378345e-19 1.133176e-14 7.958923e-11 1.689402e-07 8.544722e-05 0.008590408 0.1556264 0.5039165 0.2990877 0.03207888 0.0006123466 2.212843e-06 1.762754e-09 3.854694e-13 0 0 0 0 0 0 0 0 0 0
6.400714e-21 7.557404e-17 4.566485e-13 1.134343e-09 9.424804e-07 0.0002191292 0.01247618 0.1616327 0.4695888 0.3088157 0.04573238 0.001522142 1.1921e-05 2.449086e-08 1.550338e-11 3.663736e-15 0 0 0 0 0 0 0 0
1.120681e-22 8.532562e-19 3.991498e-15 9.60531e-12 9.994434e-09 3.830312e-06 0.0004718418 0.01689073 0.1658969 0.4392567 0.3138392 0.06044058 0.003153678 4.624056e-05 2.064482e-07 3.165465e-10 1.936229e-13 1.110223e-16 0 0 0 0 0 0
3.158158e-24 1.550286e-20 5.330902e-17 1.111505e-13 1.215928e-10 6.07343e-08 1.220923e-05 0.0008886524 0.02165755 0.1687035 0.412335 0.3151812 0.07539022 0.005690696 0.0001397259 1.186489e-06 3.819113e-09 5.233924e-12 3.441691e-15 0 0 0 0 0
1.335165e-25 4.290581e-22 1.062394e-18 1.801404e-15 1.854785e-12 1.030023e-09 2.757816e-07 3.219543e-05 0.001507456 0.0266057 0.1703102 0.3883277 0.3137262 0.08990954 0.009227567 0.0003479991 5.060567e-06 3.047371e-08 8.324241e-11 1.14686e-13 1.110223e-16 0 0 0
7.977743e-27 1.716671e-23 3.052915e-20 4.071679e-17 3.684904e-14 2.046543e-11 6.325754e-09 9.932137e-07 7.304884e-05 0.002353396 0.03158472 0.1709428 0.3668189 0.3102024 0.1035058 0.0137563 0.0007444734 1.705506e-05 1.750089e-07 8.648769e-10 2.24154e-12 3.330669e-15 0 0
6.408612e-28 9.473105e-25 1.219218e-21 1.260323e-18 9.625049e-16 4.987428e-13 1.611565e-10 2.994291e-08 2.967786e-06 0.0001468747 0.003436424 0.03647159 0.1707931 0.3474606 0.3051906 0.1158604 0.01917823 0.00141075 4.760808e-05 7.714212e-07 6.362936e-09 2.862965e-11 7.593925e-14 1.110223e-16
6.638616e-29 6.918958e-26 6.529658e-23 5.214642e-20 3.285244e-17 1.519007e-14 4.793548e-12 9.614671e-10 1.145419e-07 7.616184e-06 0.0002676475 0.004751693 0.0411721 0.1700223 0.3299618 0.2991438 0.1268023 0.02532989 0.002423901 0.0001140964 2.742242e-06 3.529613e-08 2.574909e-10 1.13809e-12
8.564678e-30 6.454763e-27 4.538086e-24 2.81033e-21 1.444769e-18 5.798394e-16 1.70667e-13 3.461946e-11 4.556132e-09 3.674708e-07 1.724316e-05 0.0004498099 0.006281885 0.04561883 0.1687633 0.3140784 0.2924095 0.1362737 0.03201268 0.003844617 0.0002413664 8.170111e-06 1.550988e-07 1.742645e-09
1.336681e-30 7.460217e-28 3.973993e-25 1.923374e-22 8.042679e-20 2.75699e-17 7.341531e-15 1.438547e-12 1.966278e-10 1.780714e-08 1.01814e-06 3.517602e-05 0.0007067875 0.008000495 0.04976747 0.1671251 0.2996052 0.2852506 0.1442976 0.03901919 0.005709113 0.000460606 2.10292e-05 5.706734e-07
2.462747e-31 1.040644e-28 4.272027e-26 1.632374e-23 5.561377e-21 1.61492e-18 3.815299e-16 6.995323e-14 9.49575e-12 9.113304e-10 5.916844e-08 2.494022e-06 6.575539e-05 0.001049713 0.00987527 0.05359257 0.1651966 0.2863687 0.277864 0.1509497 0.04615298 0.008025868 0.0008066856 4.967047e-05
5.2474e-32 1.713215e-29 5.510125e-27 1.68108e-24 4.688625e-22 1.149893e-19 2.381882e-17 3.998863e-15 5.220193e-13 5.085443e-11 3.552401e-09 1.71302e-07 5.504507e-06 0.0001141691 0.001486538 0.01187132 0.0570834 0.1630497 0.2742216 0.2703951 0.1563368 0.05324107 0.01077678 0.00141782
1.270648e-32 3.265461e-30 8.358495e-28 2.060003e-25 4.734784e-23 9.813097e-21 1.770762e-18 2.683547e-16 3.292885e-14 3.154237e-12 2.275374e-10 1.193895e-08 4.409034e-07 1.111614e-05 0.0001861543 0.002021595 0.01395359 0.06024027 0.1607424 0.2630384 0.2629503 0.1605813 0.06014021 0.0161341
3.445208e-33 7.088151e-31 1.465401e-28 2.951634e-26 5.633926e-24 9.896447e-22 1.551579e-19 2.103615e-17 2.388094e-15 2.197477e-13 1.587001e-11 8.71581e-10 3.531321e-08 1.025722e-06 2.080186e-05 0.0002876205 0.002655567 0.01608877 0.06307142 0.1583215 0.2527117 0.255606 0.1638099 0.0874257
1.03276e-33 1.727414e-31 2.924367e-29 4.868777e-27 7.781303e-25 1.163607e-22 1.585007e-20 1.912716e-18 1.987405e-16 1.727411e-14 1.220184e-12 6.807318e-11 2.917291e-09 9.351394e-08 2.186718e-06 3.645117e-05 0.0004242517 0.003385772 0.01824639 0.06559054 0.1558244 0.2431488 0.2484159 0.2649252
3.385617e-34 4.668604e-32 6.555e-30 9.119081e-28 1.230572e-25 1.574979e-23 1.867254e-21 2.000955e-19 1.88978e-17 1.533056e-15 1.040953e-13 5.76546e-12 2.539587e-10 8.680658e-09 2.249171e-07 4.321389e-06 6.033547e-05 0.0006011428 0.004206661 0.02039963 0.06781483 0.153281 0.2342697 0.519362
1.202373e-34 1.3844e-32 1.631238e-30 1.915797e-28 2.201103e-26 2.42538e-24 2.510236e-22 2.387879e-20 2.041434e-18 1.532941e-16 9.878716e-15 5.337764e-13 2.363173e-11 8.381383e-10 2.330036e-08 4.973215e-07 7.993131e-06 9.50314e-05 0.0008225077 0.005110428 0.02252553 0.0697635 0.1507152 0.7509593
Matrix for reader#  5
0.9982094 0.001790578 0 0 0 0 0 0 0 0 0 0 0 0 0 0 0 0 0 0 0 0 0 0
0.0003753935 0.9959758 0.003648838 1.110223e-16 0 0 0 0 0 0 0 0 0 0 0 0 0 0 0 0 0 0 0 0
2.342615e-11 0.005561577 0.9522073 0.04223114 2.655242e-09 0 0 0 0 0 0 0 0 0 0 0 0 0 0 0 0 0 0 0
1.401147e-16 7.024719e-08 0.01851761 0.8672059 0.1142717 4.723548e-06 5.451195e-14 0 0 0 0 0 0 0 0 0 0 0 0 0 0 0 0 0
3.56464e-20 3.042068e-12 5.082585e-06 0.03590867 0.77376 0.1901125 0.0002137533 7.383365e-10 0 0 0 0 0 0 0 0 0 0 0 0 0 0 0 0
9.728009e-23 1.107006e-15 1.396807e-09 6.659781e-05 0.05424834 0.6885096 0.2552617 0.00191353 2.09326e-07 5.867529e-13 0 0 0 0 0 0 0 0 0 0 0 0 0 0
1.212918e-24 2.297841e-18 1.174631e-12 7.840798e-08 0.0003569251 0.07156562 0.6154611 0.3050516 0.007557038 7.635355e-06 4.072834e-10 1.998401e-15 0 0 0 0 0 0 0 0 0 0 0 0
4.167333e-26 1.740764e-20 3.200928e-15 1.574665e-10 1.279727e-06 0.001142819 0.08689345 0.5540152 0.3389768 0.01888444 8.599832e-05 3.624087e-08 1.967759e-12 0 0 0 0 0 0 0 0 0 0 0
2.896198e-27 3.42387e-22 2.371768e-17 6.774981e-13 5.600249e-09 9.649444e-06 0.002657518 0.09983175 0.5024027 0.3588851 0.03573983 0.0004724999 8.867635e-07 2.888348e-10 2.187139e-14 0 0 0 0 0 0 0 0 0
3.342911e-28 1.372401e-23 3.935174e-19 6.107383e-15 3.943845e-11 8.207048e-08 4.378242e-05 0.005005054 0.1103271 0.4588176 0.3676864 0.05647621 0.001634508 9.306467e-06 1.184261e-08 4.093392e-12 4.440892e-16 0 0 0 0 0 0 0
5.622881e-29 9.447141e-25 1.240325e-20 1.052499e-16 4.732715e-13 9.247145e-10 6.509347e-07 0.0001401846 0.00814693 0.118534 0.4217201 0.3683597 0.07890507 0.004138336 5.489506e-05 2.005925e-07 2.308517e-10 9.914292e-14 0 0 0 0 0 0
1.259874e-29 9.881227e-26 6.523038e-22 3.136282e-18 9.428434e-15 1.517382e-11 1.123701e-08 3.329716e-06 0.0003502562 0.01194097 0.1247138 0.389872 0.3634459 0.1010375 0.008418615 0.0002159043 1.810518e-06 5.457918e-09 6.685208e-12 3.885781e-15 0 0 0 0
3.52874e-30 1.436568e-26 5.17788e-23 1.476408e-19 2.956053e-16 3.675817e-13 2.512259e-10 8.396816e-08 1.234354e-05 0.0007295754 0.01619357 0.1291648 0.3622973 0.354907 0.1214333 0.01461845 0.0006332073 1.032281e-05 6.787646e-08 1.970611e-10 2.809974e-13 2.220446e-16 0 0
1.179709e-30 2.717549e-27 5.741575e-24 1.017553e-20 1.376148e-17 1.287367e-14 7.544101e-12 2.513429e-09 4.345425e-07 3.592053e-05 0.001325297 0.02070332 0.1321797 0.3382297 0.3441704 0.1392495 0.02256987 0.001493574 4.177957e-05 5.204326e-07 3.090795e-09 9.494183e-12 1.654232e-14 0
4.548625e-31 6.3642e-28 8.375364e-25 9.645871e-22 9.00911e-19 6.302352e-16 3.045101e-13 9.375662e-11 1.702047e-08 1.694834e-06 8.680759e-05 0.002167023 0.02528889 0.1340245 0.3170654 0.3322342 0.1541341 0.03187786 0.002986538 0.0001302829 2.755042e-06 2.976568e-08 1.750228e-10 6.028511e-13
1.970736e-31 1.776032e-28 1.533382e-25 1.195312e-22 7.906348e-20 4.157956e-17 1.62621e-14 4.42288e-12 7.831817e-10 8.4795e-08 5.297527e-06 0.0001814349 0.00326325 0.02980259 0.1349295 0.2983254 0.3197763 0.1660769 0.04203936 0.005256736 0.000331997 1.093236e-05 1.956003e-07 2.010931e-09
9.403637e-32 5.733245e-29 3.394899e-26 1.857898e-23 8.927702e-21 3.569559e-18 1.123377e-15 2.630442e-13 4.333607e-11 4.758025e-09 3.307397e-07 1.388743e-05 0.00033794 0.004602715 0.03413364 0.1350886 0.281627 0.3072451 0.1752748 0.05254661 0.00837203 0.0007218624 3.45547e-05 9.647664e-07
4.864585e-32 2.09131e-29 8.82349e-27 3.502002e-24 1.252859e-21 3.862664e-19 9.796109e-17 1.948883e-14 2.900154e-12 3.080641e-10 2.233013e-08 1.058794e-06 3.159798e-05 0.0005737133 0.006158724 0.03820558 0.1346616 0.2666615 0.2949287 0.1820296 0.06295485 0.01231514 0.001383126 9.476041e-05
2.694308e-32 8.460161e-30 2.628407e-27 7.786775e-25 2.122103e-22 5.1225e-20 1.052991e-17 1.770501e-15 2.337947e-13 2.328636e-11 1.681862e-09 8.483005e-08 2.884752e-06 6.405989e-05 0.0009031691 0.007894537 0.04197089 0.1337788 0.2531781 0.2830051 0.1866807 0.07291442 0.01699502 0.00261218
1.581729e-32 3.738669e-30 8.800727e-28 1.996381e-25 4.232937e-23 8.123665e-21 1.364701e-18 1.938885e-16 2.249716e-14 2.058675e-12 1.435416e-10 7.375791e-09 2.705874e-07 6.881197e-06 0.0001181028 0.001336204 0.009768502 0.04540489 0.1325455 0.2409709 0.2715778 0.1895639 0.08217697 0.02653
9.762208e-33 1.782695e-30 3.259613e-28 5.791031e-26 9.738894e-24 1.508266e-21 2.090269e-19 2.516732e-17 2.554419e-15 2.120272e-13 1.396523e-11 7.086786e-10 2.693086e-08 7.460513e-07 1.469511e-05 0.0002012124 0.001877498 0.0117382 0.04849997 0.1310461 0.2298698 0.2607006 0.1909894 0.1250618
6.291825e-33 9.079181e-31 1.317885e-28 1.87082e-26 2.539446e-24 3.218844e-22 3.716783e-20 3.810978e-18 3.38029e-16 2.526026e-14 1.548857e-12 7.591822e-11 2.900089e-09 8.426144e-08 1.819801e-06 2.860027e-05 0.0003208654 0.002526569 0.01376342 0.05126073 0.129348 0.2197331 0.250394 0.3326228
4.211131e-33 4.897333e-31 5.752397e-29 6.642079e-27 7.393462e-25 7.772267e-23 7.552228e-21 6.634022e-19 5.149409e-17 3.451213e-15 1.951319e-13 9.094946e-12 3.416194e-10 1.011612e-08 2.312594e-07 4.001555e-06 5.146248e-05 0.0004838768 0.003278376 0.01580803 0.05369998 0.1275052 0.210442 0.5887268
2.913347e-33 2.778089e-31 2.6856e-29 2.562683e-27 2.373052e-25 2.09452e-23 1.729353e-21 1.309992e-19 8.924288e-18 5.357666e-16 2.77699e-14 1.217528e-12 4.424882e-11 1.306932e-09 3.077805e-08 5.675052e-07 8.054409e-06 8.661771e-05 0.0006958615 0.004124244 0.01784092 0.05583577 0.1255604 0.7958476
Matrix for reader#  6
0.9999966 3.35687e-06 0 0 0 0 0 0 0 0 0 0 0 0 0 0 0 0 0 0 0 0 0 0
5.041993e-06 0.9999922 2.732431e-06 0 0 0 0 0 0 0 0 0 0 0 0 0 0 0 0 0 0 0 0 0
7.87653e-15 0.004173936 0.9930416 0.002784455 3.108624e-15 0 0 0 0 0 0 0 0 0 0 0 0 0 0 0 0 0 0 0
1.775416e-19 1.083496e-08 0.03100755 0.9463288 0.02266361 5.206669e-09 0 0 0 0 0 0 0 0 0 0 0 0 0 0 0 0 0 0
3.391066e-22 4.709513e-13 5.907121e-06 0.07543948 0.8665977 0.05795371 3.229496e-06 1.970646e-13 0 0 0 0 0 0 0 0 0 0 0 0 0 0 0 0
5.819791e-24 3.495316e-16 1.699152e-09 0.0001658921 0.1223137 0.7804802 0.09694101 9.921368e-05 7.93002e-10 1.110223e-16 0 0 0 0 0 0 0 0 0 0 0 0 0 0
3.394967e-25 1.78362e-18 2.138532e-12 2.427163e-07 0.001204259 0.1640325 0.7010824 0.1329122 0.0007683001 1.238055e-07 9.112711e-13 0 0 0 0 0 0 0 0 0 0 0 0 0
4.179231e-26 3.293399e-20 1.020913e-14 6.990476e-10 6.093913e-06 0.004325097 0.1977568 0.6319456 0.163067 0.00289605 3.337455e-06 3.22007e-10 4.107825e-15 0 0 0 0 0 0 0 0 0 0 0
8.380383e-27 1.468676e-21 1.381016e-16 4.697228e-12 3.903019e-08 5.559662e-05 0.01037009 0.2229034 0.5728747 0.186554 0.007209995 3.22436e-05 1.923123e-08 2.021716e-12 0 0 0 0 0 0 0 0 0 0
2.351164e-27 1.223496e-22 4.125839e-18 6.817395e-14 4.152008e-10 7.107613e-07 0.0002706244 0.01934573 0.240154 0.5225714 0.203627 0.01386579 0.000164476 3.709443e-07 1.898462e-10 2.797762e-14 0 0 0 0 0 0 0 0
8.39233e-28 1.609294e-23 2.25666e-19 1.885981e-15 7.605389e-12 1.202747e-08 6.164476e-06 0.0008733073 0.03057716 0.2507959 0.4795914 0.2151217 0.02247906 0.0005518669 3.379326e-06 5.805335e-09 3.293921e-12 7.771561e-16 0 0 0 0 0 0
3.580817e-28 2.982688e-24 1.969543e-20 8.839734e-17 2.297736e-13 2.946912e-10 1.600549e-07 3.21057e-05 0.002127484 0.0430903 0.2562506 0.442644 0.2220742 0.03237311 0.001389584 1.836043e-05 8.105286e-08 1.341096e-10 9.55902e-14 0 0 0 0 0
1.750202e-28 7.195334e-25 2.479705e-21 6.363107e-18 1.07423e-14 1.052445e-11 5.293883e-09 1.21955e-06 0.0001163916 0.004245471 0.0559313 0.2578143 0.4106564 0.2254911 0.04282115 0.00285305 6.905047e-05 6.444162e-07 2.520705e-09 4.578116e-12 4.32987e-15 0 0 0
9.509286e-29 2.134318e-25 4.178879e-22 6.502082e-19 7.29319e-16 5.338269e-13 2.309909e-10 5.375395e-08 6.168431e-06 0.0003237974 0.007322049 0.06833932 0.2565591 0.3827609 0.2262445 0.05319781 0.005044488 0.0001983784 3.38492e-06 2.666946e-08 1.047821e-10 2.24154e-13 3.330669e-16 0
5.619375e-29 7.46612e-26 8.90999e-23 8.861992e-20 6.795311e-17 3.707775e-14 1.328445e-11 2.889809e-09 3.544807e-07 2.293299e-05 0.0007388123 0.01132059 0.07979634 0.2533235 0.3582622 0.2250432 0.0630406 0.007972484 0.0004657128 1.301606e-05 1.825547e-07 1.362885e-09 5.797474e-12 1.521006e-14
3.553599e-29 2.985102e-26 2.302316e-23 1.533529e-20 8.280963e-18 3.396159e-15 9.90289e-13 1.923548e-10 2.337717e-08 1.676705e-06 6.735045e-05 0.001448762 0.01609973 0.09000572 0.248741 0.336603 0.2224415 0.0720519 0.01156231 0.0009367136 3.940059e-05 8.9323e-07 1.142857e-08 8.747691e-11
2.375467e-29 1.331877e-26 6.973418e-24 3.239705e-21 1.267894e-18 3.961193e-16 9.353928e-14 1.580941e-11 1.813425e-09 1.342072e-07 6.115744e-06 0.0001645996 0.002525128 0.02145689 0.09884264 0.2432796 0.317335 0.2188623 0.0800721 0.01568279 0.001670305 9.895759e-05 3.360011e-06 6.867808e-08
1.662671e-29 6.50945e-27 2.411869e-24 8.097198e-22 2.359067e-19 5.70334e-17 1.093082e-14 1.586285e-12 1.665971e-10 1.212096e-08 5.862625e-07 1.815142e-05 0.0003478662 0.004010187 0.02716993 0.1063014 0.2372797 0.3000956 0.2146233 0.08704449 0.02017596 0.002707848 0.0002143806 1.056841e-05
1.2095e-29 3.434351e-27 9.329411e-25 2.334375e-22 5.188674e-20 9.866684e-18 1.54447e-15 1.9142e-13 1.807207e-11 1.251543e-09 6.131904e-08 2.054674e-06 4.565141e-05 0.0006543844 0.005911937 0.03302786 0.1124511 0.2309859 0.2845891 0.2099606 0.0929824 0.02488154 0.004067392 0.0004400804
9.090243e-30 1.933271e-27 3.969022e-25 7.604181e-23 1.318459e-20 2.00388e-18 2.583719e-16 2.733829e-14 2.296343e-12 1.48198e-10 7.119132e-09 2.469994e-07 6.01791e-06 0.0001003634 0.001120139 0.008206456 0.03884898 0.1174021 0.2245719 0.2705731 0.2050476 0.0979427 0.02965333 0.006527028
7.02495e-30 1.15025e-27 1.832062e-25 2.751864e-23 3.797187e-21 4.68387e-19 5.022029e-17 4.548882e-15 3.382539e-13 2.007046e-11 9.24236e-10 3.215888e-08 8.243562e-07 1.520616e-05 0.0001975867 0.001774824 0.01084493 0.04448865 0.1212835 0.2181596 0.2578471 0.2000111 0.1020064 0.04337022
5.560612e-30 7.177928e-28 9.073698e-26 1.090971e-23 1.21978e-21 1.238784e-19 1.115476e-17 8.689134e-16 5.711578e-14 3.090586e-12 1.343486e-10 4.581757e-09 1.198313e-07 2.352606e-06 3.399142e-05 0.0003550148 0.00263823 0.01376246 0.04983982 0.1242282 0.2118331 0.2462443 0.1949426 0.1561198
4.493929e-30 4.668302e-28 4.777606e-26 4.683217e-24 4.311848e-22 3.653703e-20 2.790288e-18 1.879805e-16 1.093249e-14 5.370923e-13 2.181578e-11 7.173741e-10 1.871268e-08 3.797635e-07 5.887959e-06 6.857911e-05 0.0005910166 0.003718552 0.01688656 0.0548296 0.1263641 0.205649 0.2356246 0.3562616
3.698305e-30 3.147617e-28 2.653854e-26 2.155603e-24 1.658235e-22 1.186874e-20 7.760678e-19 4.549945e-17 2.346848e-15 1.044855e-13 3.939837e-12 1.234898e-10 3.159382e-09 6.482948e-08 1.049311e-06 1.318931e-05 0.0001269087 0.000922756 0.005012475 0.0201441 0.05941382 0.1278092 0.1996445 0.5869119
Matrix for reader#  7
1 0 0 0 0 0 0 0 0 0 0 0 0 0 0 0 0 0 0 0 0 0 0 0
4.984902e-87 1 0 0 0 0 0 0 0 0 0 0 0 0 0 0 0 0 0 0 0 0 0 0
3.078486e-24 0.0001163921 0.999736 0.0001475818 0 0 0 0 0 0 0 0 0 0 0 0 0 0 0 0 0 0 0 0
2.15117e-19 9.70979e-09 0.02660003 0.9438776 0.02952239 1.238848e-08 0 0 0 0 0 0 0 0 0 0 0 0 0 0 0 0 0 0
9.255978e-18 1.782296e-10 5.82028e-05 0.09467368 0.8036744 0.1015257 6.802867e-05 2.243449e-10 0 0 0 0 0 0 0 0 0 0 0 0 0 0 0 0
6.065753e-17 2.051645e-11 7.655978e-07 0.001705123 0.1582892 0.6709319 0.1671591 0.001912947 9.097788e-07 2.55751e-11 1.110223e-16 0 0 0 0 0 0 0 0 0 0 0 0 0
1.87078e-16 5.324805e-12 3.840417e-08 5.002439e-05 0.009081955 0.2022559 0.5670134 0.211585 0.009956182 5.741065e-05 4.593546e-08 6.592948e-12 2.220446e-16 0 0 0 0 0 0 0 0 0 0 0
3.959636e-16 2.120411e-12 4.458705e-09 3.001206e-06 0.0005440875 0.02347351 0.226736 0.4876811 0.2355975 0.02535105 0.0006102948 3.488069e-06 5.348601e-09 2.612577e-12 4.440892e-16 0 0 0 0 0 0 0 0 0
6.760448e-16 1.086721e-12 8.880207e-10 3.231228e-07 4.65459e-05 0.002411763 0.0420015 0.236782 0.4263865 0.2447772 0.04487903 0.002661803 5.298199e-05 3.784267e-07 1.066711e-09 1.333933e-12 8.881784e-16 0 0 0 0 0 0 0
1.00936e-15 6.541345e-13 2.541636e-10 5.404687e-08 5.790089e-06 0.0002908227 0.006463211 0.06094669 0.2376018 0.3780739 0.2446418 0.06459611 0.00704723 0.0003258673 6.656369e-06 6.361268e-08 3.055001e-10 8.006928e-13 1.221245e-15 0 0 0 0 0
1.37824e-15 4.389012e-13 9.375394e-11 1.256901e-08 9.957882e-07 4.416051e-05 0.00104632 0.01275588 0.07780349 0.2330358 0.339217 0.2391735 0.08193655 0.01377707 0.001158028 5.002504e-05 1.152822e-06 1.484398e-08 1.127194e-10 5.360157e-13 1.665335e-15 0 0 0
1.767971e-15 3.179199e-13 4.15605e-11 3.750965e-09 2.234429e-07 8.427947e-06 0.0001939619 0.00263853 0.02067441 0.09149109 0.2255687 0.3073855 0.2309077 0.09585395 0.02215925 0.0028913 0.000217105 9.62513e-06 2.600131e-07 4.440622e-09 4.997047e-11 3.874678e-13 2.220446e-15 0
2.167259e-15 2.435259e-13 2.113006e-11 1.356124e-09 6.219809e-08 1.973785e-06 4.207559e-05 0.0005868996 0.005237494 0.02935564 0.1018759 0.216713 0.2808835 0.2213655 0.1062793 0.03126612 0.005692291 0.0006504386 4.750862e-05 2.268243e-06 7.266013e-08 1.608323e-09 2.540446e-11 2.989831e-13
2.56786e-15 1.945386e-13 1.192973e-11 5.69679e-10 2.062066e-08 5.515005e-07 1.064218e-05 0.0001449965 0.001368344 0.008798183 0.0380239 0.109293 0.2073578 0.2585048 0.2114278 0.1136099 0.04028495 0.009496453 0.001503852 0.0001621468 1.209947e-05 6.368796e-07 2.416208e-08 6.911116e-10
2.963964e-15 1.605055e-13 7.309639e-12 2.696272e-10 7.884546e-09 1.79069e-07 3.098113e-06 4.010838e-05 0.0003822841 0.00264431 0.01311155 0.04612968 0.1142411 0.1980109 0.2393736 0.2015886 0.1183933 0.04865365 0.0140693 0.002885491 0.0004239752 4.518035e-05 3.541955e-06 2.171918e-07
3.351619e-15 1.358254e-13 4.779896e-12 1.405005e-10 3.390197e-09 6.603945e-08 1.02215e-06 1.238491e-05 0.0001158718 0.0008267552 0.004449627 0.01789453 0.05335491 0.1172259 0.1889517 0.2228413 0.1921131 0.1211701 0.05605725 0.01910481 0.004825601 0.0009103586 0.0001294752 1.528969e-05
3.728239e-15 1.17291e-13 3.294358e-12 7.920253e-11 1.606915e-09 2.713645e-08 3.764387e-07 4.236426e-06 3.82307e-05 0.0002737059 0.00153964 0.006747009 0.02286522 0.05956247 0.1186944 0.1803241 0.2084187 0.1831324 0.1224108 0.06236966 0.02430454 0.007277843 0.001684715 0.0003519577
4.092231e-15 1.029633e-13 2.37043e-12 4.764795e-11 8.264344e-10 1.222752e-08 1.526291e-07 1.590497e-06 1.369982e-05 9.664363e-05 0.0005536442 0.002556074 0.009446632 0.02778625 0.06473683 0.1190161 0.1721923 0.1957306 0.1746999 0.1224999 0.06758902 0.02942159 0.01014178 0.003517315
4.442707e-15 9.16153e-14 1.767656e-12 3.026664e-11 4.55375e-10 5.962399e-09 6.730777e-08 6.492522e-07 5.306071e-06 3.644809e-05 0.0002088809 0.000991969 0.003879911 0.01243177 0.03248069 0.06893465 0.1184852 0.1645745 0.1844849 0.1668246 0.1217406 0.07178536 0.03427519 0.01885932
4.779282e-15 8.244046e-14 1.358249e-12 2.012902e-11 2.660911e-10 3.112032e-09 3.194538e-08 2.85623e-07 2.208093e-06 1.465779e-05 8.300876e-05 0.0003986293 0.00161442 0.00548682 0.01558089 0.03683078 0.07224957 0.1173305 0.1574627 0.1744509 0.1594912 0.1203675 0.07506411 0.06357177
5.101917e-15 7.489063e-14 1.070486e-12 1.392082e-11 1.635197e-10 1.722864e-09 1.617114e-08 1.343286e-07 9.812469e-07 6.265321e-06 3.47683e-05 0.0001667937 0.0006883167 0.002432512 0.007332051 0.01878265 0.04076867 0.07478945 0.1157281 0.1508348 0.1654443 0.1526716 0.1185591 0.1517595
5.410808e-15 6.858262e-14 8.621836e-13 9.956137e-12 1.049572e-10 1.004007e-09 8.663617e-09 6.705178e-08 4.6288e-07 2.835134e-06 1.532992e-05 7.282966e-05 0.000302661 0.00109575 0.003443165 0.009359414 0.02194379 0.04426469 0.07666287 0.1138117 0.1446615 0.157316 0.1463316 0.2807152
5.706314e-15 6.324179e-14 7.075069e-13 7.330481e-12 6.996658e-11 6.119621e-10 4.879804e-09 3.529812e-08 2.304992e-07 1.352488e-06 7.099218e-06 3.319467e-05 0.0001377157 0.0005050684 0.001631885 0.004630797 0.01150919 0.02499185 0.04731642 0.07797171 0.1116828 0.138911 0.1499444 0.4307252
5.988892e-15 5.866695e-14 5.900671e-13 5.535545e-12 4.821116e-11 3.880349e-10 2.873271e-09 1.948763e-08 1.205501e-07 6.77354e-07 3.443412e-06 1.577803e-05 6.493209e-05 0.0002391974 0.0007863085 0.002299988 0.005970692 0.01372399 0.02787445 0.04993953 0.0788077 0.1094177 0.1335509 0.5773046

Variable estimate SD
BiasPar 1.10594930808725 0.00636022603808261
BiasPar 1.01946524422097 0.00584146941671447
BiasPar 1.02560620119263 0.00574249091578763
BiasPar 1.03843386840204 0.00517739129912826
BiasPar 0.994966956220911 0.005046011694233
BiasPar 1.00170899409519 0.00583277413338827
SDPar 0.0802471987360944 0.0407329927333487
SDPar 1.98454365240224 0.155334974149497
SDPar 0.299174778350491 0.0686407415610877
SDPar 2.21159231174483 0.21576606371626
SDPar 0.0426715041585165 0.0457193212295832
SDPar 2.7245482353627 0.178130397440228
SDPar 0.36368335238306 0.0551132520616921
SDPar 1.62554289877485 0.172891540189529
SDPar 0.163880637754156 0.0474193162280913
SDPar 1.69600828585704 0.167834207851959
SDPar 0.109694963179993 0.04215748832173
SDPar 1.73813089353359 0.15818361743354
SDPar 0.01 0.0512886837531702
SDPar 2.7699304006865 0.196254367325323
Slope -0.0349752902880531 7.03593369615243
Probs -5.86562453631249 707.001013581422
Probs 15.3736819479329 192.908864283202
Probs 19.1375422505031 192.906716609941
Probs 19.3420988999215 192.906708655094
Probs 19.659012357018 192.906700585413
Probs 19.6296742519611 192.906706350881
Probs 19.6410158941347 192.906706779969
Probs 19.9738582390992 192.906699592624
Probs 19.3393375996195 192.906722958268
Probs 18.8004718639387 192.906768216264
Probs 18.7959416274469 192.906770139575
Probs 18.2862186766279 192.906849306594
Probs 16.9771394734379 192.907263164379
Probs -4.35182125315861 707.05353471995
Probs -8.70934857081373 707.100818821442
Probs 1.67421125165865 569.852673111036
Probs -5.83450428150021 706.997670911819
Probs 4.02766130257435 223.900669310255
