3014.08165566753   -3014.07630069755
Total number of readers: 6
Number of data sets: 1
Bias options by reader: 0
Bias options by reader: 1
Bias options by reader: 1
Bias options by reader: 1
Bias options by reader: 1
Bias options by reader: 1
Sigma options by reader: 7
Sigma options by reader: 7
Sigma options by reader: 7
Sigma options by reader: 7
Sigma options by reader: 7
Sigma options by reader: 7
Total objective function: 3014.08165566753
maximum gradient: 65.8284534240594
Number of readers:  6
Range of ages:  0  -  23
Reader # 1  Minus/Plus ages:  0  /  18
Number of data sets: 1
Number of lines of data per data set:  547
Number of data points per data set: 547


# Bias options
#   -X: Mirrored with pattrn X
#   0: Unbiased [0 parameters]
#   1: Linearly proportional to age [1 parameter]
#   2: Michaelis-Menten [3 parameters]

# SD options
#   1: Constant CV [1 parameter]
#   2: SD Michaelis-Menten [3 parameters]
#   3: CV Michaelis-Menten [3 parameters]
#   4: Known perfectly [0 parameters]
#   5: SD spline function of age [variable parameters]
#   6: SD linear piecewise function of age [
      variable parameters
      ]
#   7: SD linear function of age [2 parameters]
#   8: CV linear function of age [2 parameters]
Reader BiasType SigmaType
1   0   7
2   1   7
3   1   7
4   1   7
5   1   7
6   1   7

Reader Age CV SD Expected age
1   0   0.20096   0.20096   0.5
1   1   0.20096   0.20096   1.5
1   2   0.11285   0.2257   2.5
1   3   0.08348   0.25045   3.5
1   4   0.0688   0.27519   4.5
1   5   0.05999   0.29993   5.5
1   6   0.05411   0.32468   6.5
1   7   0.04992   0.34942   7.5
1   8   0.04677   0.37417   8.5
1   9   0.04432   0.39891   9.5
1   10   0.04237   0.42365   10.5
1   11   0.04076   0.4484   11.5
1   12   0.03943   0.47314   12.5
1   13   0.0383   0.49789   13.5
1   14   0.03733   0.52263   14.5
1   15   0.03649   0.54737   15.5
1   16   0.03576   0.57212   16.5
1   17   0.03511   0.59686   17.5
1   18   0.03453   0.62161   18.5
1   19   0.03402   0.64635   19.5
1   20   0.03355   0.67109   20.5
1   21   0.03314   0.69584   21.5
1   22   0.03275   0.72058   22.5
1   23   0.03241   0.74533   23.5
2   0   0.1932   0.1932   0.48422
2   1   0.1932   0.1932   1.45265
2   2   0.1076   0.2152   2.42108
2   3   0.07907   0.23721   3.38951
2   4   0.0648   0.25921   4.35795
2   5   0.05624   0.28122   5.32638
2   6   0.05054   0.30322   6.29481
2   7   0.04646   0.32522   7.26325
2   8   0.0434   0.34723   8.23168
2   9   0.04103   0.36923   9.20011
2   10   0.03912   0.39124   10.16854
2   11   0.03757   0.41324   11.13698
2   12   0.03627   0.43525   12.10541
2   13   0.03517   0.45725   13.07384
2   14   0.03423   0.47925   14.04228
2   15   0.03342   0.50126   15.01071
2   16   0.0327   0.52326   15.97914
2   17   0.03207   0.54527   16.94757
2   18   0.03152   0.56727   17.91601
2   19   0.03101   0.58927   18.88444
2   20   0.03056   0.61128   19.85287
2   21   0.03016   0.63328   20.82131
2   22   0.02979   0.65529   21.78974
2   23   0.02945   0.67729   22.75817
3   0   0.25816   0.25816   0.49313
3   1   0.25816   0.25816   1.47939
3   2   0.13499   0.26999   2.46564
3   3   0.09394   0.28181   3.4519
3   4   0.07341   0.29364   4.43816
3   5   0.06109   0.30547   5.42441
3   6   0.05288   0.31729   6.41067
3   7   0.04702   0.32912   7.39693
3   8   0.04262   0.34095   8.38318
3   9   0.0392   0.35277   9.36944
3   10   0.03646   0.3646   10.3557
3   11   0.03422   0.37643   11.34195
3   12   0.03235   0.38825   12.32821
3   13   0.03078   0.40008   13.31447
3   14   0.02942   0.41191   14.30073
3   15   0.02825   0.42373   15.28698
3   16   0.02722   0.43556   16.27324
3   17   0.02632   0.44739   17.2595
3   18   0.02551   0.45921   18.24575
3   19   0.02479   0.47104   19.23201
3   20   0.02414   0.48287   20.21827
3   21   0.02356   0.49469   21.20452
3   22   0.02302   0.50652   22.19078
3   23   0.02254   0.51835   23.17704
4   0   0.17264   0.17264   0.50609
4   1   0.17264   0.17264   1.51827
4   2   0.09599   0.19197   2.53045
4   3   0.07044   0.21131   3.54262
4   4   0.05766   0.23064   4.5548
4   5   0.05   0.24998   5.56698
4   6   0.04489   0.26931   6.57916
4   7   0.04124   0.28865   7.59134
4   8   0.0385   0.30798   8.60352
4   9   0.03637   0.32732   9.61569
4   10   0.03467   0.34665   10.62787
4   11   0.03327   0.36599   11.64005
4   12   0.03211   0.38532   12.65223
4   13   0.03113   0.40466   13.66441
4   14   0.03029   0.424   14.67659
4   15   0.02956   0.44333   15.68876
4   16   0.02892   0.46267   16.70094
4   17   0.02835   0.482   17.71312
4   18   0.02785   0.50134   18.7253
4   19   0.0274   0.52067   19.73748
4   20   0.027   0.54001   20.74966
4   21   0.02664   0.55934   21.76183
4   22   0.0263   0.57868   22.77401
4   23   0.026   0.59801   23.78619
5   0   0.24069   0.24069   0.50178
5   1   0.24069   0.24069   1.50534
5   2   0.12888   0.25777   2.5089
5   3   0.09162   0.27485   3.51246
5   4   0.07298   0.29193   4.51601
5   5   0.0618   0.30901   5.51957
5   6   0.05435   0.32609   6.52313
5   7   0.04902   0.34317   7.52669
5   8   0.04503   0.36025   8.53025
5   9   0.04193   0.37733   9.53381
5   10   0.03944   0.39441   10.53737
5   11   0.03741   0.41149   11.54093
5   12   0.03571   0.42858   12.54449
5   13   0.03428   0.44566   13.54804
5   14   0.03305   0.46274   14.5516
5   15   0.03199   0.47982   15.55516
5   16   0.03106   0.4969   16.55872
5   17   0.03023   0.51398   17.56228
5   18   0.0295   0.53106   18.56584
5   19   0.02885   0.54814   19.5694
5   20   0.02826   0.56522   20.57296
5   21   0.02773   0.5823   21.57651
5   22   0.02724   0.59938   22.58007
5   23   0.0268   0.61646   23.58363
6   0   0.01   0.01   0.47037
6   1   0.01   0.01   1.4111
6   2   0.03888   0.07777   2.35184
6   3   0.04851   0.14554   3.29257
6   4   0.05333   0.2133   4.23331
6   5   0.05621   0.28107   5.17404
6   6   0.05814   0.34884   6.11478
6   7   0.05952   0.41661   7.05551
6   8   0.06055   0.48438   7.99625
6   9   0.06135   0.55214   8.93698
6   10   0.06199   0.61991   9.87772
6   11   0.06252   0.68768   10.81845
6   12   0.06295   0.75545   11.75918
6   13   0.06332   0.82322   12.69992
6   14   0.06364   0.89098   13.64065
6   15   0.06392   0.95875   14.58139
6   16   0.06416   1.02652   15.52212
6   17   0.06437   1.09429   16.46286
6   18   0.06456   1.16206   17.40359
6   19   0.06473   1.22982   18.34433
6   20   0.06488   1.29759   19.28506
6   21   0.06502   1.36536   20.2258
6   22   0.06514   1.43313   21.16653
6   23   0.06526   1.5009   22.10727

Estimated age-structure by data set
===================================
Age  Data set# 1
Age  4.53811629886926e-08
Age  3.67421126502881e-10
Age  0.025593067276295
Age  0.0767718131305551
Age  0.0858180183510707
Age  0.10186844507652
Age  0.14438666803313
Age  0.156119368592729
Age  0.118643092446963
Age  0.0949752284761666
Age  0.0684973350332051
Age  0.0456868439507177
Age  0.0397287919835419
Age  0.0215815285077914
Age  0.00734658917688309
Age  0.00930061781427339
Age  0.00368246563383145
Age  8.07676779268548e-08
Age  1.05399907293932e-14
Age  1.05846565776543e-14
Age  1.06295117086247e-14
Age  1.06745569244371e-14
Age  1.07197930306238e-14
Age  1.07652208361304e-14

Final age-reading error matrices
Matrix for reader#  1
0.9933441 0.006655915 4.806155e-13 0 0 0 0 0 0 0 0 0 0 0 0 0 0 0 0 0 0 0 0 0
0.006655915 0.9866882 0.006655915 4.806155e-13 0 0 0 0 0 0 0 0 0 0 0 0 0 0 0 0 0 0 0 0
7.19822e-11 0.01368192 0.9726362 0.01368192 7.19822e-11 0 0 0 0 0 0 0 0 0 0 0 0 0 0 0 0 0 0 0
1.37465e-20 3.005372e-09 0.02330491 0.9533902 0.02330491 3.005372e-09 0 0 0 0 0 0 0 0 0 0 0 0 0 0 0 0 0 0
1.262943e-29 8.893223e-18 5.196786e-08 0.03499762 0.9300047 0.03499762 5.196786e-08 0 0 0 0 0 0 0 0 0 0 0 0 0 0 0 0 0
2.77585e-37 4.16072e-26 1.586485e-15 4.806499e-07 0.04813765 0.9037237 0.04813765 4.806499e-07 1.554312e-15 0 0 0 0 0 0 0 0 0 0 0 0 0 0 0
1.465956e-43 1.81925e-33 3.618681e-23 1.061828e-13 2.819403e-06 0.06215008 0.8756942 0.06215008 2.819403e-06 1.061373e-13 0 0 0 0 0 0 0 0 0 0 0 0 0 0
1.162557e-48 1.047465e-39 3.655395e-30 1.067759e-20 3.340502e-12 1.178532e-05 0.07656273 0.846851 0.07656273 1.178532e-05 3.34055e-12 0 0 0 0 0 0 0 0 0 0 0 0 0
8.160523e-53 6.47016e-45 2.833189e-36 2.658402e-27 1.308898e-18 5.834755e-11 3.80962e-05 0.09101154 0.8179007 0.09101154 3.80962e-05 5.834755e-11 0 0 0 0 0 0 0 0 0 0 0 0
3.20034e-56 2.993253e-49 1.675948e-41 3.182545e-33 8.123276e-25 7.837572e-17 6.407465e-10 0.0001009779 0.1052247 0.7893487 0.1052247 0.0001009779 6.407465e-10 1.110223e-16 0 0 0 0 0 0 0 0 0 0
4.851558e-59 7.226464e-53 6.104664e-46 2.103336e-38 1.633325e-30 1.187301e-22 2.608379e-15 4.859534e-09 0.0002290771 0.1190019 0.7615381 0.1190019 0.0002290771 4.859534e-09 2.553513e-15 0 0 0 0 0 0 0 0 0
2.136605e-61 6.653401e-56 1.048059e-49 6.966415e-43 1.347959e-35 4.195816e-28 9.271085e-21 5.348364e-14 2.73477e-08 0.0004591881 0.1321961 0.7346893 0.1321961 0.0004591881 2.73477e-08 5.351275e-14 0 0 0 0 0 0 0 0
2.195407e-63 1.806713e-58 6.564647e-53 9.627077e-47 4.547247e-40 4.672113e-33 5.867105e-26 4.246075e-19 7.337773e-13 1.207135e-07 0.0008331385 0.1447005 0.7089325 0.1447005 0.0008331385 1.207135e-07 7.337464e-13 0 0 0 0 0 0 0
4.448296e-65 1.178277e-60 1.200118e-55 4.54396e-50 5.610933e-44 1.751672e-37 9.279207e-31 4.814345e-24 1.233651e-17 7.198277e-12 4.36433e-07 0.001393742 0.1564391 0.6843335 0.1564391 0.001393742 4.36433e-07 7.198242e-12 0 0 0 0 0 0
1.561082e-66 1.568432e-62 5.314786e-58 6.073198e-53 2.182835e-47 2.101009e-41 4.128176e-35 1.116218e-28 2.477288e-22 2.428283e-16 5.32761e-11 1.337377e-06 0.002180786 0.1673613 0.6609131 0.1673613 0.002180786 1.337377e-06 5.327616e-11 2.220446e-16 0 0 0 0
8.57936e-68 3.746899e-64 4.894714e-60 1.950214e-55 2.299254e-50 7.275439e-45 5.153008e-39 6.18102e-33 8.563991e-27 8.471278e-21 3.421754e-15 3.107762e-10 3.569373e-06 0.003227742 0.1774379 0.6386617 0.1774379 0.003227742 3.569373e-06 3.107762e-10 3.441691e-15 0 0 0
6.823458e-69 1.450648e-65 8.282139e-62 1.308806e-57 5.694835e-53 6.457268e-48 1.69466e-42 8.473662e-37 6.104744e-31 4.393715e-25 2.024777e-19 3.615274e-14 1.480816e-09 8.480784e-06 0.004559532 0.1866572 0.6175495 0.1866572 0.004559532 8.480784e-06 1.480816e-09 3.619327e-14 0 0
7.378757e-70 8.391224e-67 2.328842e-63 1.633965e-59 2.928583e-55 1.305633e-50 1.343662e-45 2.792747e-40 9.582534e-35 4.123651e-29 1.573172e-23 3.53401e-18 2.977771e-13 5.935736e-09 1.825942e-05 0.006191387 0.1950233 0.5975341 0.1950233 0.006191387 1.825942e-05 5.935736e-09 2.977618e-13 0
1.032253e-70 6.794294e-68 1.003126e-64 3.445865e-61 2.809542e-57 5.39506e-53 2.334334e-48 2.08032e-43 3.307256e-38 7.648795e-33 1.971048e-27 4.084534e-22 4.678152e-17 1.975939e-12 2.050933e-08 3.614369e-05 0.008128652 0.2025524 0.5785655 0.2025524 0.008128652 3.614369e-05 2.050933e-08 1.975975e-12
1.794864e-71 7.305574e-69 6.194436e-66 1.133511e-62 4.591792e-59 4.136865e-55 8.098717e-51 3.249616e-46 2.415734e-41 2.864091e-36 4.42173e-31 6.88092e-26 7.957082e-21 4.853305e-16 1.086108e-11 6.233667e-08 6.656462e-05 0.01036733 0.2092711 0.5605899 0.2092711 0.01036733 6.656462e-05 6.234753e-08
3.755073e-72 9.994584e-70 5.194421e-67 5.445071e-64 1.184327e-60 5.412438e-57 5.151938e-53 9.852323e-49 3.530764e-44 2.126495e-39 1.847533e-34 1.897918e-29 1.806122e-24 1.198876e-19 4.059662e-15 5.063567e-11 1.695226e-07 0.0001151864 0.01289513 0.2152136 0.5435519 0.2152136 0.01289513 0.0001153559
9.204765e-73 1.67979e-70 5.657316e-68 3.616721e-65 4.520482e-62 1.124127e-58 5.567829e-55 5.383194e-51 9.697136e-47 3.010098e-42 1.436565e-37 9.044602e-33 6.193045e-28 3.660214e-23 1.435058e-18 2.806234e-14 2.043036e-10 4.18418e-07 0.0001888308 0.0156928 0.2204196 0.5273966 0.2204196 0.01588204
2.586483e-73 3.369608e-71 7.713073e-69 3.174248e-66 2.419163e-63 3.484587e-60 9.559744e-57 4.950885e-53 4.698174e-49 7.73213e-45 2.028539e-40 7.547561e-36 3.422746e-31 1.570708e-26 5.866318e-22 1.397542e-17 1.637665e-13 7.258032e-10 9.487255e-07 0.0002952904 0.01873562 0.2249328 0.5120706 0.2439647
8.181229e-74 7.876439e-72 1.276718e-69 3.544222e-67 1.734519e-64 1.529581e-61 2.459952e-58 7.207895e-55 3.780988e-51 3.419244e-47 5.012497e-43 1.090222e-38 3.126659e-34 1.019272e-29 3.160832e-25 7.599137e-21 1.130831e-16 8.220016e-13 2.304166e-09 1.996537e-06 0.0004430501 0.02199489 0.2287989 0.7487612
Matrix for reader#  2
0.9960222 0.003977825 4.118927e-14 0 0 0 0 0 0 0 0 0 0 0 0 0 0 0 0 0 0 0 0 0
0.009843804 0.9877119 0.002444307 1.409983e-14 0 0 0 0 0 0 0 0 0 0 0 0 0 0 0 0 0 0 0 0
9.238832e-11 0.02556148 0.9706907 0.003747804 1.073919e-12 0 0 0 0 0 0 0 0 0 0 0 0 0 0 0 0 0 0 0
7.019337e-21 6.13828e-09 0.05066906 0.94409 0.005240923 3.075451e-11 0 0 0 0 0 0 0 0 0 0 0 0 0 0 0 0 0 0
2.027168e-30 8.171875e-18 1.510485e-07 0.08399114 0.9091456 0.006863108 4.363548e-10 0 0 0 0 0 0 0 0 0 0 0 0 0 0 0 0 0
1.532383e-38 1.223294e-26 2.420459e-15 1.819116e-06 0.1231649 0.8682702 0.008563057 3.697359e-09 0 0 0 0 0 0 0 0 0 0 0 0 0 0 0 0
3.398051e-45 1.737194e-34 1.889243e-23 2.478806e-13 1.296922e-05 0.1656347 0.8240521 0.01030017 2.12757e-08 0 0 0 0 0 0 0 0 0 0 0 0 0 0 0
1.388425e-50 3.818894e-41 6.13214e-31 9.402281e-21 1.107172e-11 6.2498e-05 0.209199 0.7786947 0.0120437 9.103245e-08 8.881784e-16 0 0 0 0 0 0 0 0 0 0 0 0 0
5.972948e-55 1.093333e-46 1.708837e-37 7.718191e-28 1.832494e-18 2.572107e-10 0.0002236868 0.2521704 0.7338345 0.0137711 3.091998e-07 1.787459e-14 0 0 0 0 0 0 0 0 0 0 0 0
1.645108e-58 2.800998e-51 4.310443e-43 3.231395e-34 3.950377e-25 1.643928e-16 3.554268e-09 0.0006365669 0.2933301 0.6905661 0.01546626 8.748318e-07 2.253753e-13 0 0 0 0 0 0 0 0 0 0 0
1.94188e-61 4.340001e-55 7.952855e-48 8.584624e-40 2.776963e-31 9.275007e-23 7.749749e-15 3.238491e-08 0.001514445 0.3318171 0.6495483 0.01711795 2.137584e-06 2.002398e-12 0 0 0 0 0 0 0 0 0 0
7.190848e-64 2.881428e-58 8.046671e-52 1.338715e-44 8.888747e-37 1.170783e-28 1.111769e-20 2.139023e-13 2.107138e-07 0.003126993 0.3670288 0.6111208 0.01871853 4.636285e-06 1.33451e-11 0 0 0 0 0 0 0 0 0
6.575709e-66 6.172654e-61 3.365982e-55 1.010586e-48 1.335452e-41 4.980713e-34 2.610061e-26 7.468433e-19 3.775345e-12 1.041897e-06 0.005764573 0.3985572 0.5754051 0.02026295 9.117768e-06 7.007428e-11 0 0 0 0 0 0 0 0
1.236374e-67 3.400678e-63 4.541313e-58 2.962999e-52 8.442964e-46 8.002537e-39 1.580848e-31 3.301059e-24 3.046743e-17 4.579026e-11 4.11155e-06 0.009696075 0.4261534 0.5423818 0.021748 1.653103e-05 3.014714e-10 3.330669e-16 0 0 0 0 0 0
4.152061e-69 4.027289e-65 1.605318e-60 2.736426e-55 1.91153e-49 4.672533e-43 2.946139e-36 2.97986e-29 2.526091e-22 8.084932e-16 4.048157e-10 1.346208e-05 0.01513234 0.4497086 0.5119458 0.02317178 2.799802e-05 1.096545e-09 2.664535e-15 0 0 0 0 0
2.233492e-70 8.900704e-67 1.254314e-62 6.618233e-58 1.307473e-52 8.901064e-47 1.722851e-40 6.851127e-34 3.495099e-27 1.239378e-20 1.479777e-14 2.738009e-09 3.772606e-05 0.02220225 0.4692379 0.4839441 0.02453331 4.476663e-05 3.459018e-09 1.965095e-14 0 0 0 0
1.767748e-71 3.283295e-68 1.887631e-64 3.583477e-60 2.304108e-55 4.84827e-50 2.975089e-44 4.286165e-38 1.037451e-31 2.666823e-25 4.105032e-19 1.963625e-13 1.474516e-08 9.278319e-05 0.03094303 0.4848628 0.458201 0.02583227 6.815381e-05 9.661707e-09 1.175726e-13 0 0 0
1.925507e-72 1.85008e-69 4.895785e-66 3.811624e-62 9.085945e-58 6.609495e-53 1.37756e-47 7.149736e-42 7.319106e-36 1.055498e-29 1.379844e-23 9.606875e-18 1.97109e-12 6.53537e-08 0.0002043715 0.04130271 0.4967906 0.4345339 0.02706884 9.948603e-05 2.430865e-08 5.894174e-13 0 0
2.737264e-73 1.483707e-70 2.000445e-67 7.149458e-64 7.102187e-60 1.992928e-55 1.535937e-50 2.981815e-45 1.244039e-39 8.750601e-34 7.441634e-28 5.029859e-22 1.653531e-16 1.55187e-11 2.450495e-07 0.0004099226 0.05315113 0.5052919 0.4127632 0.02824356 0.0001400434 5.587701e-08 2.532752e-12 0
4.867237e-74 1.599913e-71 1.197379e-68 2.163704e-65 9.931307e-62 1.190619e-57 3.709937e-53 2.860776e-48 4.914799e-43 1.584009e-37 7.482458e-32 3.745847e-26 1.337456e-20 2.16811e-15 9.883675e-11 7.954179e-07 0.000758992 0.06629592 0.5106781 0.3927178 0.02935726 0.0001910115 1.187436e-07 9.506174e-12
1.04602e-74 2.215432e-72 9.89509e-70 9.820045e-67 2.279247e-63 1.280797e-59 1.760387e-55 5.782145e-51 4.246941e-46 6.190929e-41 1.495389e-35 4.676477e-30 1.384721e-24 2.677098e-19 2.233405e-14 5.228386e-10 2.278692e-06 0.001311965 0.08050058 0.513282 0.3742385 0.03041099 0.000253443 2.356492e-07
2.642138e-75 3.794516e-73 1.075607e-70 6.292403e-68 7.987847e-65 2.285562e-61 1.50347e-57 2.26107e-53 7.47759e-49 5.017457e-44 5.999259e-39 1.062126e-33 2.182851e-28 3.8598e-23 4.149583e-18 1.856876e-13 2.349832e-09 5.855982e-06 0.002137108 0.09550231 0.5134415 0.3571785 0.03140602 0.00032867
7.666066e-76 7.795382e-74 1.477845e-71 5.415336e-69 4.02466e-66 6.309243e-63 2.140353e-59 1.581235e-55 2.495077e-51 7.982608e-47 4.725081e-42 4.511478e-37 5.76402e-32 7.770533e-27 8.313261e-22 5.108886e-17 1.275801e-12 9.149091e-09 1.36876e-05 0.003306362 0.1110285 0.5114863 0.3414045 0.03276062
2.507041e-76 1.872731e-74 2.48333e-72 6.005241e-70 2.771773e-67 2.539157e-64 4.75182e-61 1.842546e-57 1.471892e-53 2.347584e-49 7.020117e-45 3.561239e-40 2.659692e-35 2.427877e-30 2.152254e-25 1.414966e-20 5.110887e-16 7.395248e-12 3.138152e-08 2.944151e-05 0.004890475 0.1268105 0.5077292 0.3605404
Matrix for reader#  3
0.9748327 0.02516731 6.866697e-09 0 0 0 0 0 0 0 0 0 0 0 0 0 0 0 0 0 0 0 0 0
0.03204123 0.9457337 0.02222511 5.153778e-09 0 0 0 0 0 0 0 0 0 0 0 0 0 0 0 0 0 0 0 0
5.820245e-08 0.0426783 0.93306 0.02426164 1.557108e-08 0 0 0 0 0 0 0 0 0 0 0 0 0 0 0 0 0 0 0
1.304362e-16 2.316036e-07 0.05478715 0.9189493 0.0262633 4.178722e-08 0 0 0 0 0 0 0 0 0 0 0 0 0 0 0 0 0 0
3.072717e-26 1.968946e-15 7.852159e-07 0.06819208 0.9035826 0.0282244 1.012977e-07 1.110223e-16 0 0 0 0 0 0 0 0 0 0 0 0 0 0 0 0
1.478031e-35 1.3881e-24 2.265403e-14 2.320905e-06 0.08269469 0.887162 0.03014081 2.249214e-07 7.771561e-16 0 0 0 0 0 0 0 0 0 0 0 0 0 0 0
6.469788e-44 1.324956e-33 4.559017e-23 2.052586e-13 6.096181e-06 0.09808888 0.8698949 0.03200967 4.627804e-07 5.107026e-15 0 0 0 0 0 0 0 0 0 0 0 0 0 0
4.264063e-51 7.786294e-42 8.757627e-32 1.121612e-21 1.506478e-12 1.4459e-05 0.1141719 0.8519836 0.03382911 8.909597e-07 2.720046e-14 0 0 0 0 0 0 0 0 0 0 0 0 0
4.070745e-57 5.133151e-49 7.271152e-40 4.352647e-30 2.123977e-20 9.178108e-12 3.138624e-05 0.1307517 0.8336172 0.03559805 1.618251e-06 1.24678e-13 0 0 0 0 0 0 0 0 0 0 0 0
4.246408e-62 4.051357e-55 5.114583e-47 5.310673e-38 1.658371e-28 3.173229e-19 4.741223e-11 6.306585e-05 0.1476511 0.8149671 0.03731599 2.792318e-06 5.039302e-13 0 0 0 0 0 0 0 0 0 0 0
3.385845e-66 3.139592e-60 3.554123e-53 4.211e-45 3.062289e-36 4.934826e-27 3.824472e-18 2.11538e-10 0.0001184375 0.1647095 0.7961846 0.03898287 4.604645e-06 1.819211e-12 0 0 0 0 0 0 0 0 0 0
1.452876e-69 1.771887e-64 2.159718e-58 2.726293e-51 2.86691e-43 1.408565e-34 1.167493e-25 3.79383e-17 8.283784e-10 0.0002096006 0.1817834 0.7774007 0.04059897 7.293787e-06 5.935918e-12 0 0 0 0 0 0 0 0 0
2.459165e-72 5.322637e-68 9.005478e-63 1.366378e-56 1.818552e-49 1.618084e-41 5.224657e-33 2.233244e-24 3.154027e-16 2.887395e-09 0.0003520126 0.1987457 0.7587263 0.04216481 1.114659e-05 1.768907e-11 0 0 0 0 0 0 0 0
1.264492e-74 6.375773e-71 1.95583e-66 4.387932e-61 7.877246e-55 1.051298e-47 7.600905e-40 1.580166e-31 3.508917e-23 2.233506e-15 9.068882e-09 0.0005644309 0.2154844 0.7402536 0.04368107 1.649728e-05 4.858447e-11 0 0 0 0 0 0 0
1.595419e-76 2.372537e-73 1.697038e-69 7.115575e-65 2.02723e-59 4.108416e-53 5.258735e-46 2.986649e-38 3.940244e-30 4.595813e-22 1.36704e-14 2.59447e-08 0.0008685892 0.2319013 0.7220578 0.04514854 2.372452e-05 1.239816e-10 0 0 0 0 0 0
4.158829e-78 2.226008e-75 4.645676e-72 4.580378e-68 2.533908e-63 8.79839e-58 1.928037e-51 2.275824e-44 9.873419e-37 8.189421e-29 5.086834e-21 7.327301e-14 6.824999e-08 0.001288633 0.247911 0.704199 0.04656809 3.324661e-05 2.960443e-10 1.110223e-16 0 0 0 0
1.952072e-79 4.437236e-77 3.279572e-74 9.382325e-71 1.239872e-66 8.74388e-62 3.559751e-56 8.109929e-50 8.530286e-43 2.763466e-35 1.433828e-27 4.818736e-20 3.480141e-13 1.664708e-07 0.001850369 0.2634393 0.686724 0.04794062 4.551521e-05 6.655974e-10 3.330669e-16 0 0 0
1.478603e-80 1.635244e-78 5.045514e-76 5.041128e-73 1.934666e-69 3.332618e-65 2.89835e-60 1.334249e-54 3.04986e-48 2.774834e-41 6.592164e-34 2.136446e-26 3.952792e-19 1.480286e-12 3.792754e-07 0.002580391 0.2784229 0.6696683 0.04926705 6.100804e-05 1.416855e-09 1.332268e-15 0 0
1.656114e-81 9.957656e-80 1.472716e-77 6.029495e-75 8.012284e-72 4.035186e-68 8.815307e-64 9.159337e-59 4.609972e-53 1.023998e-46 7.8554e-40 1.349436e-32 2.735796e-25 2.83824e-18 5.692947e-12 8.124265e-07 0.003505161 0.2928079 0.6530576 0.05054831 8.02208e-05 2.869675e-09 4.662937e-15 0
2.557968e-82 9.152382e-81 7.281988e-79 1.399668e-76 7.513729e-74 1.305605e-70 8.439909e-67 2.276511e-62 2.742012e-57 1.462662e-51 3.068232e-45 1.941868e-38 2.386805e-31 3.038872e-24 1.801715e-17 1.996672e-11 1.645654e-06 0.004650108 0.3065497 0.6369096 0.05178531 0.0001036589 5.554353e-09 1.498801e-14
5.151876e-83 1.180513e-81 5.562025e-80 5.629774e-78 1.394514e-75 9.691022e-73 2.163866e-69 1.756342e-65 5.699368e-61 7.734693e-56 4.249614e-50 8.207463e-44 4.207694e-37 3.672806e-30 2.953963e-23 1.020441e-16 6.436106e-11 3.168481e-06 0.006038797 0.3196123 0.6212349 0.05297896 0.000131829 1.031395e-08
1.29343e-83 2.014996e-82 6.088448e-81 3.573864e-79 4.575834e-77 1.447076e-74 1.284427e-71 3.62063e-68 3.610594e-64 1.374791e-59 2.046781e-54 1.128425e-48 1.962062e-42 8.024769e-36 4.950238e-29 2.533808e-22 5.200031e-16 1.920118e-10 5.825214e-06 0.007692212 0.3319676 0.6060389 0.05413016 0.0001652499
3.903139e-84 4.340807e-83 8.987066e-82 3.316727e-80 2.416901e-78 3.888543e-76 1.554148e-73 1.737494e-70 6.074174e-67 7.285486e-63 3.178238e-58 5.063022e-53 2.73528e-47 4.198428e-41 1.352913e-34 5.882521e-28 1.932938e-21 2.40269e-15 5.335432e-10 1.026827e-05 0.009628175 0.3435953 0.5913221 0.05544418
1.374455e-84 1.135816e-83 1.702384e-82 4.226305e-81 1.901319e-79 1.712299e-77 3.436159e-75 1.717068e-72 2.383591e-69 1.0153e-65 1.434692e-61 7.009623e-57 1.167468e-51 6.049351e-46 8.057655e-40 2.025352e-33 6.202785e-27 1.321081e-20 1.01379e-14 1.388787e-09 1.741791e-05 0.01186092 0.3544819 0.6336398
Matrix for reader#  4
0.9977558 0.0022442 2.220446e-16 0 0 0 0 0 0 0 0 0 0 0 0 0 0 0 0 0 0 0 0 0
0.001442539 0.9957759 0.002781604 3.330669e-16 0 0 0 0 0 0 0 0 0 0 0 0 0 0 0 0 0 0 0 0
1.792758e-14 0.003019152 0.9895108 0.007470031 1.418865e-13 0 0 0 0 0 0 0 0 0 0 0 0 0 0 0 0 0 0 0
2.536501e-27 1.349709e-12 0.005325896 0.9791359 0.01553817 1.611966e-11 0 0 0 0 0 0 0 0 0 0 0 0 0 0 0 0 0 0
1.239002e-38 3.82905e-24 4.097367e-11 0.00833442 0.9645056 0.02715994 6.447949e-10 0 0 0 0 0 0 0 0 0 0 0 0 0 0 0 0 0
1.149891e-47 7.721323e-35 1.655009e-21 6.356838e-10 0.0119588 0.9460391 0.04200209 1.198544e-08 0 0 0 0 0 0 0 0 0 0 0 0 0 0 0 0
1.18273e-54 9.25835e-44 1.502819e-31 2.638585e-19 5.947309e-09 0.01608649 0.9244712 0.0594422 1.256474e-07 0 0 0 0 0 0 0 0 0 0 0 0 0 0 0
4.925931e-60 6.579839e-51 3.015562e-40 1.075461e-28 1.891056e-17 3.775417e-08 0.02060017 0.9006334 0.07876549 8.524066e-07 1.44329e-15 0 0 0 0 0 0 0 0 0 0 0 0 0
3.320213e-64 1.444055e-56 1.940754e-47 4.255425e-37 3.276399e-26 7.108433e-16 1.771674e-07 0.02539044 0.8753143 0.09929095 4.133382e-06 6.27276e-14 0 0 0 0 0 0 0 0 0 0 0 0
1.774714e-67 4.743408e-61 2.806497e-53 3.046532e-44 2.812968e-34 4.825918e-24 1.581046e-14 6.54768e-07 0.03036168 0.8491905 0.1204318 1.541187e-05 1.49214e-12 0 0 0 0 0 0 0 0 0 0 0
4.445258e-70 1.254664e-64 5.310066e-58 3.502348e-50 2.606806e-41 9.426659e-32 3.830588e-22 2.287568e-13 1.998691e-06 0.03543376 0.8228059 0.1417117 4.666309e-05 2.231415e-11 0 0 0 0 0 0 0 0 0 0
3.561859e-72 1.643416e-67 7.827216e-62 4.439773e-55 2.777258e-47 1.259706e-38 1.726782e-29 1.795679e-20 2.320717e-12 5.225415e-06 0.04054129 0.7965767 0.1627573 0.0001195594 2.278813e-10 0 0 0 0 0 0 0 0 0
6.921596e-74 7.372306e-70 5.818975e-65 4.088402e-59 2.692912e-52 1.405554e-44 3.582247e-36 1.853187e-27 5.368832e-19 1.752387e-11 1.203359e-05 0.04563185 0.7708081 0.1832804 0.0002675681 1.698017e-09 1.110223e-16 0 0 0 0 0 0 0
2.664666e-75 8.589034e-72 1.544439e-67 1.874942e-62 1.722375e-56 1.167615e-49 4.605253e-42 6.258504e-34 1.240331e-25 1.092022e-17 1.033278e-10 2.495182e-05 0.05066384 0.7457148 0.2030604 0.0005360413 9.733526e-09 2.997602e-15 0 0 0 0 0 0
1.75047e-76 2.111701e-73 1.118981e-69 3.124219e-65 5.284709e-60 5.708019e-54 3.604706e-47 9.970459e-40 7.010015e-32 5.472857e-24 1.595063e-16 4.945553e-10 4.740088e-05 0.05560442 0.7214397 0.2219284 0.0009800602 4.479127e-08 4.318768e-14 0 0 0 0 0
1.755194e-77 9.368704e-75 1.799519e-71 1.46725e-67 5.873637e-63 1.265205e-57 1.465866e-51 7.953786e-45 1.460959e-37 5.243169e-30 1.671895e-22 1.750869e-15 1.983026e-09 8.365297e-05 0.06042771 0.6980714 0.2397566 0.001660505 1.712783e-07 4.662937e-13 0 0 0 0
2.469174e-78 6.658721e-76 5.476659e-73 1.58788e-69 1.869106e-65 9.955636e-61 2.519446e-55 2.895933e-49 1.265896e-42 1.486416e-35 2.720449e-28 3.691158e-21 1.500642e-14 6.835881e-09 0.0001386941 0.06511342 0.6756578 0.2564503 0.002639223 5.597906e-07 3.87701e-12 0 0 0
4.569061e-79 6.919903e-77 2.788028e-74 3.378576e-71 1.405395e-67 2.246263e-63 1.486057e-58 4.115209e-53 4.395151e-47 1.471946e-40 1.077701e-33 1.014149e-26 6.114607e-20 1.03725e-13 2.069603e-08 0.0002180133 0.06964566 0.6542169 0.2719436 0.003974198 1.600305e-06 2.571943e-11 0 0
1.057961e-79 9.796768e-78 2.156525e-75 1.24709e-72 2.138468e-69 1.214054e-65 2.486689e-61 1.919588e-56 5.467891e-51 5.140092e-45 1.269347e-38 5.711874e-32 2.804633e-25 7.853231e-19 5.942452e-13 5.601564e-08 0.0003273507 0.07401214 0.6337456 0.2861954 0.005715426 4.078751e-06 1.402467e-10 4.440892e-16
2.94786e-80 1.787802e-78 2.350404e-76 7.233132e-74 5.814048e-71 1.3547e-67 1.000314e-63 2.488222e-59 2.119243e-54 5.887672e-49 4.661118e-43 8.251376e-37 2.267797e-30 5.923097e-24 8.046564e-18 2.888271e-12 1.375618e-07 0.0004724355 0.07820357 0.6142255 0.299187 0.007901875 9.416538e-06 6.447096e-10
9.583265e-81 4.025886e-79 3.400797e-77 6.093428e-75 2.555576e-72 2.763029e-69 8.406302e-66 7.712843e-62 2.217741e-57 1.983235e-52 5.136231e-47 3.305323e-41 4.111657e-35 6.902672e-29 9.805273e-23 6.743502e-17 1.214876e-11 3.103576e-07 0.0006587402 0.08221318 0.5956285 0.3109196 0.01055966 1.995765e-05
3.546204e-81 1.080517e-79 6.229601e-78 7.00172e-76 1.675532e-73 9.325655e-71 1.312352e-67 5.016521e-64 5.479627e-60 1.741606e-55 1.565681e-50 3.638921e-45 1.851281e-39 1.597119e-33 1.64591e-27 1.302547e-21 4.724291e-16 4.498237e-11 6.500902e-07 0.0008912689 0.08603636 0.5779198 0.3214113 0.01374061
1.46423e-81 3.361498e-80 1.390742e-78 1.043288e-76 1.535294e-74 4.80251e-72 3.45263e-69 6.123136e-66 2.834794e-62 3.543317e-58 1.195762e-53 1.040621e-48 2.103064e-43 8.279283e-38 4.916052e-32 3.136734e-26 1.418009e-20 2.819961e-15 1.487736e-10 1.275597e-06 0.001174389 0.08967039 0.5610608 0.3480932
6.63769e-82 1.185167e-80 3.669253e-79 1.935078e-77 1.864827e-75 3.531134e-73 1.412096e-70 1.276384e-67 2.764902e-64 1.497645e-60 2.065715e-56 7.141485e-52 5.824074e-47 9.97343e-42 2.990271e-36 1.218216e-30 4.866987e-25 1.289107e-19 1.458348e-14 4.451099e-10 2.362628e-06 0.001511711 0.0931142 0.9053717
Matrix for reader#  5
0.9804262 0.01957377 8.134224e-10 0 0 0 0 0 0 0 0 0 0 0 0 0 0 0 0 0 0 0 0 0
0.01822437 0.9614958 0.02027987 8.839227e-10 0 0 0 0 0 0 0 0 0 0 0 0 0 0 0 0 0 0 0 0
6.274788e-09 0.02454222 0.9467065 0.02875125 9.084684e-09 0 0 0 0 0 0 0 0 0 0 0 0 0 0 0 0 0 0 0
5.958888e-18 3.978881e-08 0.03150512 0.9300668 0.03842794 6.324022e-08 0 0 0 0 0 0 0 0 0 0 0 0 0 0 0 0 0 0
2.326112e-27 2.293973e-16 1.892726e-07 0.03894902 0.9119969 0.04905354 3.234527e-07 4.440892e-16 0 0 0 0 0 0 0 0 0 0 0 0 0 0 0 0
4.972414e-36 3.533637e-25 5.373313e-15 7.149512e-07 0.04672544 0.8928952 0.06037738 1.292643e-06 1.24345e-14 0 0 0 0 0 0 0 0 0 0 0 0 0 0 0
1.492264e-43 1.672245e-33 3.014443e-23 8.324753e-14 2.240011e-06 0.05470613 0.8731157 0.07217168 4.231094e-06 2.078338e-13 0 0 0 0 0 0 0 0 0 0 0 0 0 0
6.887673e-50 6.856769e-41 3.243442e-31 1.56054e-21 9.125274e-13 6.021282e-06 0.06278384 0.8529596 0.08423877 1.176477e-05 2.412626e-12 0 0 0 0 0 0 0 0 0 0 0 0 0
3.746622e-55 3.102147e-47 1.974711e-38 3.831829e-29 5.240963e-20 7.475164e-12 1.425976e-05 0.0708707 0.8326743 0.09641218 2.859509e-05 2.067679e-11 0 0 0 0 0 0 0 0 0 0 0 0
1.654427e-59 1.352328e-52 9.685278e-45 3.670248e-36 2.901444e-27 1.209054e-18 4.784971e-11 3.038474e-05 0.07889568 0.8124575 0.1085542 6.21458e-05 1.37098e-10 0 0 0 0 0 0 0 0 0 0 0
4.103091e-63 4.297193e-57 3.726258e-50 2.11414e-42 4.540977e-34 1.475256e-25 2.011908e-17 2.482718e-10 5.924271e-05 0.08680179 0.7924638 0.1205522 0.0001229721 7.308353e-10 1.110223e-16 0 0 0 0 0 0 0 0 0
4.137903e-66 7.318534e-61 9.256457e-55 7.793154e-48 3.269647e-40 3.858269e-32 5.253606e-24 2.517931e-16 1.076196e-09 0.0001071429 0.09454339 0.7728103 0.1323143 0.0002248108 3.233008e-09 9.992007e-16 0 0 0 0 0 0 0 0
1.297757e-68 5.018625e-64 1.1575e-58 1.629881e-52 1.237208e-45 3.641552e-38 2.320526e-30 1.360758e-22 2.456252e-15 3.996362e-09 0.0001817439 0.102084 0.7535841 0.1437659 0.0003842397 1.218441e-08 9.880985e-15 0 0 0 0 0 0 0
1.01898e-70 1.082226e-66 5.685503e-62 1.592802e-56 2.325745e-50 1.497528e-43 2.973732e-36 1.016853e-28 2.651283e-21 1.925712e-14 1.298187e-08 0.0002917975 0.1093946 0.7348473 0.1548463 0.0006199957 3.998783e-08 7.893686e-14 0 0 0 0 0 0
1.684491e-72 5.972818e-69 8.768916e-65 5.892832e-60 1.880851e-54 2.678628e-48 1.392406e-41 1.814215e-34 3.33543e-27 4.003769e-20 1.245697e-13 3.754352e-08 0.0004467898 0.116452 0.7166421 0.1655069 0.000952063 1.163994e-07 5.188072e-13 0 0 0 0 0
5.108549e-74 7.128824e-71 3.503115e-67 6.761173e-63 5.497238e-58 1.887958e-52 2.489004e-46 1.00414e-39 8.426213e-33 8.397674e-26 4.812077e-19 6.800752e-13 9.810427e-08 0.000656525 0.123238 0.6989953 0.1757091 0.001400658 3.052041e-07 2.865375e-12 0 0 0 0
2.547502e-75 1.605225e-72 3.085017e-69 2.014878e-65 4.876141e-61 4.558015e-56 1.601509e-50 1.870358e-44 5.678569e-38 3.035031e-31 1.660745e-24 4.712399e-18 3.19519e-12 2.34555e-07 0.0009307022 0.1297387 0.6819212 0.1854232 0.001985232 7.303519e-07 1.356437e-11 0 0 0
1.914427e-76 6.106888e-74 5.241727e-71 1.339173e-67 1.117371e-63 3.243554e-59 3.328029e-54 1.144698e-48 1.141661e-42 2.548175e-36 8.63027e-30 2.634857e-23 3.839045e-17 1.313895e-11 5.18614e-07 0.00127852 0.1359438 0.6654248 0.1946272 0.002723579 1.612912e-06 5.601053e-11 2.220446e-16 0
2.021897e-77 3.590488e-75 1.540229e-72 1.745807e-69 5.738126e-66 5.889227e-62 1.9679e-57 2.125979e-52 6.890076e-47 5.694423e-41 9.184586e-35 1.970562e-28 3.41887e-22 2.650136e-16 4.798523e-11 1.070173e-06 0.001708335 0.1418462 0.6495038 0.2033061 0.003631115 3.3186e-06 2.048218e-10 1.44329e-15
2.837245e-78 3.035201e-76 7.156029e-74 4.010204e-71 5.843058e-68 2.393115e-64 2.914893e-60 1.079578e-55 1.183285e-50 3.496909e-45 2.337292e-39 2.691855e-33 3.671281e-27 3.692156e-21 1.575646e-15 1.576408e-10 2.077212e-06 0.002227398 0.1474418 0.6341506 0.2114513 0.004720348 6.413668e-06 6.721292e-10
5.055163e-79 3.479032e-77 4.88492e-75 1.484865e-72 1.063381e-69 1.939278e-66 9.597696e-63 1.34158e-58 5.320474e-54 5.725607e-49 1.500568e-43 7.955822e-38 6.493133e-32 5.665328e-26 3.371667e-20 8.186075e-15 4.71053e-10 3.818242e-06 0.002841655 0.1527287 0.6193537 0.2190598 0.006000538 1.172707e-05
1.10213e-79 5.154713e-78 4.61304e-76 8.232212e-74 3.168987e-71 2.836676e-68 6.308182e-65 3.663649e-61 5.696448e-57 2.344661e-52 2.40709e-47 5.465128e-42 2.264169e-36 1.304286e-30 7.343225e-25 2.641341e-19 3.764414e-14 1.292808e-09 6.685682e-06 0.00355563 0.1577077 0.6050985 0.2261335 0.007497952
2.852738e-80 9.49347e-79 5.735173e-77 6.428319e-75 1.437024e-72 6.878497e-70 7.528637e-67 1.990606e-63 1.319647e-59 2.217634e-55 9.211358e-51 8.798331e-46 1.697208e-40 5.432731e-35 2.206594e-29 8.099186e-24 1.798363e-18 1.549828e-13 3.286748e-09 1.120826e-05 0.00437237 0.1623814 0.5913686 0.2418665
8.550928e-81 2.104439e-79 9.011133e-78 6.720247e-76 9.324527e-74 2.572116e-71 1.502928e-68 1.968414e-65 6.040054e-62 4.45354e-58 7.878226e-54 3.220657e-49 2.800872e-44 4.517832e-39 1.108317e-33 3.178303e-28 7.693192e-23 1.076775e-17 5.771009e-13 7.79877e-09 1.807043e-05 0.005293449 0.166754 0.8279345
Matrix for reader#  6
1 0 0 0 0 0 0 0 0 0 0 0 0 0 0 0 0 0 0 0 0 0 0 0
9.261814e-84 1 0 0 0 0 0 0 0 0 0 0 0 0 0 0 0 0 0 0 0 0 0 0
5.979823e-45 4.322261e-06 0.9999957 1.554312e-15 0 0 0 0 0 0 0 0 0 0 0 0 0 0 0 0 0 0 0 0
9.546749e-40 3.705247e-17 0.02255847 0.9774406 9.3334e-07 0 0 0 0 0 0 0 0 0 0 0 0 0 0 0 0 0 0 0
8.532308e-38 3.699075e-22 9.219064e-09 0.1372658 0.862546 0.0001881534 2.220446e-15 0 0 0 0 0 0 0 0 0 0 0 0 0 0 0 0 0
8.915139e-37 7.419065e-25 8.471036e-14 1.916494e-05 0.2679364 0.730281 0.001763477 1.723822e-10 0 0 0 0 0 0 0 0 0 0 0 0 0 0 0 0
3.764969e-36 1.57597e-26 2.657799e-17 2.011764e-09 0.0007654897 0.3703151 0.6231195 0.005799826 6.584956e-08 2.442491e-15 0 0 0 0 0 0 0 0 0 0 0 0 0 0
9.972923e-36 1.153696e-27 8.401733e-20 1.091497e-12 6.616942e-07 0.005865127 0.4411347 0.5410089 0.01198825 2.275316e-06 5.702883e-12 0 0 0 0 0 0 0 0 0 0 0 0 0
2.013492e-35 1.74539e-28 1.176228e-21 2.811715e-15 1.012378e-09 2.412721e-05 0.02018047 0.4828874 0.4774407 0.0194446 2.263601e-05 9.281133e-10 2.553513e-15 0 0 0 0 0 0 0 0 0 0 0
3.423017e-35 4.188261e-29 4.44482e-23 2.43459e-17 3.881371e-12 1.011196e-07 0.0002576517 0.04497708 0.5001996 0.4270944 0.02736052 0.0001105583 3.160332e-08 9.365841e-13 0 0 0 0 0 0 0 0 0 0
5.183386e-35 1.371715e-29 3.345667e-24 5.245666e-19 3.54754e-14 6.849027e-10 2.550534e-06 0.001320754 0.07742953 0.4994331 0.3863131 0.0351521 0.0003484523 4.051895e-07 7.035372e-11 2.553513e-15 0 0 0 0 0 0 0 0
7.234058e-35 5.595477e-30 4.132752e-25 2.247727e-20 6.750879e-16 8.277415e-12 3.076381e-08 2.646014e-05 0.004255015 0.1129858 0.4868381 0.352626 0.04244098 0.0008248801 2.735781e-06 1.817389e-09 3.066436e-13 0 0 0 0 0 0 0
9.511067e-35 2.680283e-30 7.368652e-26 1.628828e-21 2.337741e-17 1.737251e-13 5.321155e-10 5.410319e-07 0.0001511961 0.01006753 0.1474455 0.467375 0.3243335 0.04901017 0.001604678 1.190752e-05 2.239711e-08 1.26229e-11 2.664535e-15 0 0 0 0 0
1.195485e-34 1.449108e-30 1.736641e-26 1.77509e-22 1.314973e-18 5.937084e-15 1.368591e-11 1.354984e-08 4.914394e-06 0.0005708067 0.01923528 0.1779309 0.4445088 0.3002358 0.05476162 0.002713638 3.795577e-05 1.626399e-07 2.410718e-10 1.437739e-13 0 0 0 0
1.451361e-34 8.602288e-31 5.083868e-27 2.669315e-23 1.097001e-19 3.082675e-16 5.152139e-13 4.457965e-10 1.750105e-07 2.769077e-05 0.001601339 0.03153403 0.2029898 0.4204679 0.2794641 0.05967898 0.004138852 9.633739e-05 8.010502e-07 2.605453e-09 3.712697e-12 2.664535e-15 0 0
1.714418e-34 5.496827e-31 1.767023e-27 5.194886e-24 1.263286e-20 2.282696e-17 2.74184e-14 1.956805e-11 7.439853e-09 1.361267e-06 0.0001096039 0.003611031 0.04619121 0.2222723 0.396596 0.2613739 0.06379729 0.005838245 0.0002060871 2.947165e-06 1.830531e-08 5.387291e-11 8.304468e-14 1.110223e-16
1.981159e-34 3.726085e-31 7.051881e-28 1.246473e-24 1.897848e-21 2.283084e-18 1.983023e-15 1.134723e-12 3.907547e-10 7.42744e-08 7.199803e-06 0.0003322997 0.006909462 0.06217563 0.2361177 0.3736515 0.2454774 0.06718041 0.007752812 0.0003866523 8.669078e-06 9.229104e-08 4.994212e-10 1.48892e-12
2.248811e-34 2.650086e-31 3.150383e-28 3.552487e-25 3.55695e-22 2.94689e-19 1.876483e-16 8.515809e-14 2.554164e-11 4.705189e-09 4.968892e-07 2.82634e-05 0.0008207717 0.01165711 0.07845994 0.2452123 0.3520232 0.2313985 0.06990541 0.00981753 0.0006546774 2.141114e-05 3.588083e-07 3.269848e-09
2.515214e-34 1.960959e-31 1.544983e-28 1.168171e-25 8.025835e-23 4.72671e-20 2.244821e-17 8.073829e-15 2.064318e-12 3.525535e-10 3.788692e-08 2.4236e-06 8.78144e-05 0.001727413 0.01783121 0.09418513 0.2503583 0.3318744 0.2188426 0.07205253 0.01196932 0.001021688 4.60334e-05 1.150688e-06
2.778717e-34 1.499749e-31 8.191002e-29 4.331485e-26 2.118753e-23 9.131041e-21 3.294354e-18 9.439295e-16 2.036237e-13 3.136006e-11 3.274617e-09 2.207557e-07 9.184387e-06 0.0002265591 0.003202755 0.02524637 0.1087272 0.2523404 0.3132362 0.2075753 0.07369927 0.01415188 0.001493035 9.161949e-05
3.038075e-34 1.179361e-31 4.637936e-29 1.778096e-26 6.394226e-24 2.070077e-21 5.778656e-19 1.330277e-16 2.413298e-14 3.296749e-12 3.243077e-10 2.200598e-08 9.891795e-07 2.838657e-05 0.0005033557 0.00536463 0.03360702 0.121696 0.2518607 0.2960647 0.1974083 0.07491719 0.01631807 0.002230694
3.292375e-34 9.49595e-32 2.777444e-29 7.96196e-27 2.164679e-24 5.39002e-22 1.184884e-19 2.213802e-17 3.381454e-15 4.060474e-13 3.68737e-11 2.438511e-09 1.132786e-07 3.57423e-06 7.429522e-05 0.000990392 0.008276283 0.04256734 0.1328991 0.2495143 0.2802766 0.188188 0.07577049 0.02143958
3.540964e-34 7.80229e-32 1.745226e-29 3.842118e-27 8.093317e-25 1.583087e-22 2.786385e-20 4.271271e-18 5.514712e-16 5.797489e-14 4.797853e-12 3.02371e-10 1.405419e-08 4.673659e-07 1.081093e-05 0.0001695764 0.00176384 0.01193816 0.05178201 0.1422929 0.2457888 0.2657707 0.1797882 0.1006945
3.783392e-34 6.52367e-32 1.14318e-29 1.978208e-27 3.29888e-25 5.166023e-23 7.393349e-21 9.400828e-19 1.03168e-16 9.488576e-15 7.101062e-13 4.199878e-11 1.908016e-09 6.478896e-08 1.602582e-06 2.819865e-05 0.0003454903 0.002892752 0.01629236 0.06094123 0.1499368 0.2410738 0.2524404 0.2760473

Variable estimate SD
BiasPar 0.968432815953121 0.00293905476148613
BiasPar 0.986256921492053 0.0030233121720157
BiasPar 1.01217834606726 0.0031276739641182
BiasPar 1.00355880925391 0.00307749103123499
BiasPar 0.940734798175371 0.00328811246079368
SDPar 0.200958775763471 0.0290995389561539
SDPar 0.745325286087168 0.0875458788996507
SDPar 0.19319978291663 0.0327792471071546
SDPar 0.677291618717151 0.0996726030820586
SDPar 0.258161120474955 0.0301660083030874
SDPar 0.518347765297376 0.0885202870619976
SDPar 0.172636744954196 0.0325261139323606
SDPar 0.598013206450671 0.094127422946098
SDPar 0.240687157404367 0.029253461667854
SDPar 0.616464396276084 0.0857095994574586
SDPar 0.01 0.0437697656188709
SDPar 1.50089580260634 0.115559030840806
Slope 0.00422879626571521 7.07106775483225
Probs 4.81634371192877 250.374806452387
Probs 18.0590786683792 172.2373746541
Probs 19.1575947193463 172.237256961022
Probs 19.2689861516268 172.237251598961
Probs 19.4404393897727 172.237244880198
Probs 19.7892520586449 172.237234812566
Probs 19.8673780610217 172.23723250901
Probs 19.5928769263827 172.237240093968
Probs 19.3703732678051 172.237258732677
Probs 19.0435520029756 172.237260021414
Probs 18.638567541004 172.237308345281
Probs 18.4988333268036 172.237324592478
Probs 17.8885949502434 172.237423163719
Probs 16.8109933110387 172.237915912206
Probs 17.046837992684 172.237712736075
Probs 16.1203397001072 172.238984304608
Probs 5.39282346496237 325.779787064853
Probs -10.459087289291 707.100601287959
