3014.08154222468   -3014.07626865283
Total number of readers: 6
Number of data sets: 1
Bias options by reader: 0
Bias options by reader: 1
Bias options by reader: 1
Bias options by reader: 1
Bias options by reader: 1
Bias options by reader: 1
Sigma options by reader: 7
Sigma options by reader: 7
Sigma options by reader: 7
Sigma options by reader: 7
Sigma options by reader: 7
Sigma options by reader: 7
Total objective function: 3014.08154222468
maximum gradient: 65.828398150638
Number of readers:  6
Range of ages:  0  -  18
Reader # 1  Minus/Plus ages:  0  /  18
Number of data sets: 1
Number of lines of data per data set:  547
Number of data points per data set: 547


# Bias options
#   -X: Mirrored with pattrn X
#   0: Unbiased [0 parameters]
#   1: Linearly proportional to age [1 parameter]
#   2: Michaelis-Menten [3 parameters]

# SD options
#   1: Constant CV [1 parameter]
#   2: SD Michaelis-Menten [3 parameters]
#   3: CV Michaelis-Menten [3 parameters]
#   4: Known perfectly [0 parameters]
#   5: SD spline function of age [variable parameters]
#   6: SD linear piecewise function of age [
      variable parameters
      ]
#   7: SD linear function of age [2 parameters]
#   8: CV linear function of age [2 parameters]
Reader BiasType SigmaType
1   0   7
2   1   7
3   1   7
4   1   7
5   1   7
6   1   7

Reader Age CV SD Expected age
1   0   0.20096   0.20096   0.5
1   1   0.20096   0.20096   1.5
1   2   0.11285   0.2257   2.5
1   3   0.08348   0.25045   3.5
1   4   0.0688   0.27519   4.5
1   5   0.05999   0.29993   5.5
1   6   0.05411   0.32468   6.5
1   7   0.04992   0.34942   7.5
1   8   0.04677   0.37417   8.5
1   9   0.04432   0.39891   9.5
1   10   0.04237   0.42365   10.5
1   11   0.04076   0.4484   11.5
1   12   0.03943   0.47314   12.5
1   13   0.0383   0.49789   13.5
1   14   0.03733   0.52263   14.5
1   15   0.03649   0.54737   15.5
1   16   0.03576   0.57212   16.5
1   17   0.03511   0.59686   17.5
1   18   0.03453   0.62161   18.5
2   0   0.1932   0.1932   0.48422
2   1   0.1932   0.1932   1.45265
2   2   0.1076   0.2152   2.42108
2   3   0.07907   0.23721   3.38951
2   4   0.0648   0.25921   4.35795
2   5   0.05624   0.28122   5.32638
2   6   0.05054   0.30322   6.29481
2   7   0.04646   0.32523   7.26325
2   8   0.0434   0.34723   8.23168
2   9   0.04103   0.36923   9.20011
2   10   0.03912   0.39124   10.16854
2   11   0.03757   0.41324   11.13698
2   12   0.03627   0.43525   12.10541
2   13   0.03517   0.45725   13.07384
2   14   0.03423   0.47925   14.04228
2   15   0.03342   0.50126   15.01071
2   16   0.0327   0.52326   15.97914
2   17   0.03207   0.54527   16.94757
2   18   0.03152   0.56727   17.91601
3   0   0.25816   0.25816   0.49313
3   1   0.25816   0.25816   1.47939
3   2   0.13499   0.26999   2.46564
3   3   0.09394   0.28181   3.4519
3   4   0.07341   0.29364   4.43816
3   5   0.06109   0.30547   5.42441
3   6   0.05288   0.31729   6.41067
3   7   0.04702   0.32912   7.39693
3   8   0.04262   0.34095   8.38318
3   9   0.0392   0.35277   9.36944
3   10   0.03646   0.3646   10.3557
3   11   0.03422   0.37643   11.34195
3   12   0.03235   0.38825   12.32821
3   13   0.03078   0.40008   13.31447
3   14   0.02942   0.41191   14.30073
3   15   0.02825   0.42374   15.28698
3   16   0.02722   0.43556   16.27324
3   17   0.02632   0.44739   17.2595
3   18   0.02551   0.45922   18.24575
4   0   0.17264   0.17264   0.50609
4   1   0.17264   0.17264   1.51827
4   2   0.09599   0.19197   2.53045
4   3   0.07044   0.21131   3.54262
4   4   0.05766   0.23064   4.5548
4   5   0.05   0.24998   5.56698
4   6   0.04489   0.26931   6.57916
4   7   0.04124   0.28865   7.59134
4   8   0.0385   0.30798   8.60352
4   9   0.03637   0.32732   9.61569
4   10   0.03467   0.34665   10.62787
4   11   0.03327   0.36599   11.64005
4   12   0.03211   0.38533   12.65223
4   13   0.03113   0.40466   13.66441
4   14   0.03029   0.424   14.67659
4   15   0.02956   0.44333   15.68876
4   16   0.02892   0.46267   16.70094
4   17   0.02835   0.482   17.71312
4   18   0.02785   0.50134   18.7253
5   0   0.24069   0.24069   0.50178
5   1   0.24069   0.24069   1.50534
5   2   0.12888   0.25777   2.5089
5   3   0.09162   0.27485   3.51246
5   4   0.07298   0.29193   4.51601
5   5   0.0618   0.30901   5.51957
5   6   0.05435   0.32609   6.52313
5   7   0.04902   0.34317   7.52669
5   8   0.04503   0.36025   8.53025
5   9   0.04193   0.37733   9.53381
5   10   0.03944   0.39441   10.53737
5   11   0.03741   0.41149   11.54093
5   12   0.03571   0.42858   12.54449
5   13   0.03428   0.44566   13.54804
5   14   0.03305   0.46274   14.5516
5   15   0.03199   0.47982   15.55516
5   16   0.03106   0.4969   16.55872
5   17   0.03023   0.51398   17.56228
5   18   0.0295   0.53106   18.56584
6   0   0.01   0.01   0.47037
6   1   0.01   0.01   1.4111
6   2   0.03888   0.07777   2.35184
6   3   0.04851   0.14554   3.29257
6   4   0.05333   0.2133   4.23331
6   5   0.05621   0.28107   5.17404
6   6   0.05814   0.34884   6.11478
6   7   0.05952   0.41661   7.05551
6   8   0.06055   0.48438   7.99625
6   9   0.06135   0.55214   8.93698
6   10   0.06199   0.61991   9.87772
6   11   0.06252   0.68768   10.81845
6   12   0.06295   0.75545   11.75919
6   13   0.06332   0.82322   12.69992
6   14   0.06364   0.89098   13.64065
6   15   0.06392   0.95875   14.58139
6   16   0.06416   1.02652   15.52212
6   17   0.06437   1.09429   16.46286
6   18   0.06456   1.16206   17.40359

Estimated age-structure by data set
===================================
Age  Data set# 1
Age  2.60574020860878e-09
Age  3.4492493301202e-10
Age  0.0255931170862012
Age  0.0767718401971139
Age  0.0858180491665036
Age  0.101868505713742
Age  0.144386468187943
Age  0.156119118610642
Age  0.118643086460198
Age  0.0949752731031892
Age  0.0684973298838729
Age  0.0456867943769819
Age  0.0397287351731068
Age  0.0215814430003427
Age  0.00734664770095803
Age  0.00930080395122526
Age  0.00368277581833926
Age  8.61762677909192e-09
Age  1.34853902216438e-12

Final age-reading error matrices
Matrix for reader#  1
0.9933441 0.006655926 4.806155e-13 0 0 0 0 0 0 0 0 0 0 0 0 0 0 0 0
0.006655926 0.9866881 0.006655926 4.806155e-13 0 0 0 0 0 0 0 0 0 0 0 0 0 0 0
7.198266e-11 0.01368193 0.9726361 0.01368193 7.198264e-11 0 0 0 0 0 0 0 0 0 0 0 0 0 0
1.374661e-20 3.005383e-09 0.02330492 0.9533901 0.02330492 3.005383e-09 0 0 0 0 0 0 0 0 0 0 0 0 0
1.26295e-29 8.893255e-18 5.196794e-08 0.03499763 0.9300046 0.03499763 5.196794e-08 0 0 0 0 0 0 0 0 0 0 0 0
2.775855e-37 4.160726e-26 1.586487e-15 4.806501e-07 0.04813765 0.9037237 0.04813765 4.806501e-07 1.554312e-15 0 0 0 0 0 0 0 0 0 0
1.465953e-43 1.819247e-33 3.618675e-23 1.061827e-13 2.819402e-06 0.06215008 0.8756942 0.06215008 2.819402e-06 1.061373e-13 0 0 0 0 0 0 0 0 0
1.16255e-48 1.047459e-39 3.655377e-30 1.067755e-20 3.340495e-12 1.178531e-05 0.07656272 0.846851 0.07656272 1.178531e-05 3.34055e-12 0 0 0 0 0 0 0 0
8.160445e-53 6.4701e-45 2.833166e-36 2.658384e-27 1.308892e-18 5.834738e-11 3.809615e-05 0.09101152 0.8179008 0.09101152 3.809615e-05 5.834744e-11 0 0 0 0 0 0 0
3.200301e-56 2.993216e-49 1.675928e-41 3.182513e-33 8.123209e-25 7.837526e-17 6.407443e-10 0.0001009778 0.1052247 0.7893487 0.1052247 0.0001009778 6.407442e-10 1.110223e-16 0 0 0 0 0
4.851487e-59 7.226356e-53 6.104575e-46 2.103308e-38 1.633306e-30 1.18729e-22 2.608362e-15 4.859516e-09 0.0002290767 0.1190019 0.7615381 0.1190019 0.0002290767 4.859516e-09 2.553513e-15 0 0 0 0
2.136569e-61 6.653287e-56 1.048041e-49 6.966301e-43 1.347939e-35 4.195763e-28 9.270994e-21 5.348327e-14 2.73476e-08 0.0004591873 0.1321961 0.7346894 0.1321961 0.0004591873 2.73476e-08 5.351275e-14 0 0 0
2.195367e-63 1.806678e-58 6.564521e-53 9.626896e-47 4.547167e-40 4.672039e-33 5.867027e-26 4.246032e-19 7.337722e-13 1.207131e-07 0.0008331372 0.1447004 0.7089326 0.1447004 0.0008331372 1.207131e-07 7.337464e-13 0 0
4.44821e-65 1.178253e-60 1.200093e-55 4.543865e-50 5.610819e-44 1.751639e-37 9.279054e-31 4.814279e-24 1.233638e-17 7.198227e-12 4.364313e-07 0.00139374 0.156439 0.6843336 0.156439 0.00139374 4.364313e-07 7.198242e-12 0
1.56105e-66 1.568398e-62 5.314667e-58 6.073061e-53 2.182786e-47 2.100965e-41 4.128096e-35 1.116199e-28 2.477254e-22 2.428258e-16 5.327573e-11 1.337372e-06 0.002180783 0.1673613 0.6609132 0.1673613 0.002180783 1.337372e-06 5.327594e-11
8.579176e-68 3.746814e-64 4.894599e-60 1.950167e-55 2.299199e-50 7.275268e-45 5.152894e-39 6.180896e-33 8.563844e-27 8.47116e-21 3.421719e-15 3.107741e-10 3.569359e-06 0.003227737 0.1774378 0.6386618 0.1774378 0.003227737 3.56967e-06
6.823307e-69 1.450614e-65 8.281936e-62 1.308773e-57 5.69469e-53 6.457105e-48 1.694619e-42 8.473471e-37 6.104621e-31 4.393639e-25 2.024749e-19 3.615237e-14 1.480806e-09 8.480752e-06 0.004559525 0.1866572 0.6175496 0.1866572 0.004568008
7.378589e-70 8.391021e-67 2.328783e-63 1.633922e-59 2.928505e-55 1.305598e-50 1.343627e-45 2.792678e-40 9.582315e-35 4.123567e-29 1.573145e-23 3.533961e-18 2.977741e-13 5.935697e-09 1.825935e-05 0.006191378 0.1950232 0.5975342 0.2012329
1.032229e-70 6.794126e-68 1.0031e-64 3.445772e-61 2.809464e-57 5.394909e-53 2.334269e-48 2.080264e-43 3.307172e-38 7.648619e-33 1.971008e-27 4.084464e-22 4.678089e-17 1.97592e-12 2.05092e-08 3.614356e-05 0.008128641 0.2025524 0.7892828
Matrix for reader#  2
0.9960222 0.003977777 4.118927e-14 0 0 0 0 0 0 0 0 0 0 0 0 0 0 0 0
0.009843705 0.987712 0.002444275 1.409983e-14 0 0 0 0 0 0 0 0 0 0 0 0 0 0 0
9.23846e-11 0.02556136 0.9706909 0.003747777 1.073919e-12 0 0 0 0 0 0 0 0 0 0 0 0 0 0
7.019038e-21 6.138165e-09 0.05066894 0.9440901 0.005240907 3.075395e-11 0 0 0 0 0 0 0 0 0 0 0 0 0
2.027129e-30 8.171771e-18 1.510476e-07 0.08399106 0.9091457 0.006863106 4.363531e-10 0 0 0 0 0 0 0 0 0 0 0 0
1.532407e-38 1.223309e-26 2.420475e-15 1.81912e-06 0.1231648 0.8682703 0.008563074 3.697386e-09 0 0 0 0 0 0 0 0 0 0 0
3.398227e-45 1.737272e-34 1.889305e-23 2.478852e-13 1.29693e-05 0.1656347 0.8240521 0.01030021 2.127602e-08 0 0 0 0 0 0 0 0 0 0
1.388542e-50 3.819192e-41 6.132541e-31 9.402721e-21 1.107201e-11 6.249854e-05 0.209199 0.7786946 0.01204376 9.103431e-08 8.881784e-16 0 0 0 0 0 0 0 0
5.973609e-55 1.093452e-46 1.709005e-37 7.718807e-28 1.832595e-18 2.572184e-10 0.000223689 0.2521704 0.7338344 0.01377119 3.092073e-07 1.787459e-14 0 0 0 0 0 0 0
1.645327e-58 2.801373e-51 4.310993e-43 3.231759e-34 3.95073e-25 1.644028e-16 3.554382e-09 0.0006365734 0.2933302 0.690566 0.01546637 8.748551e-07 2.253753e-13 0 0 0 0 0 0
1.942172e-61 4.340674e-55 7.954071e-48 8.585844e-40 2.777303e-31 9.275886e-23 7.750238e-15 3.238597e-08 0.00151446 0.3318171 0.6495482 0.01711809 2.137645e-06 2.002509e-12 0 0 0 0 0
7.192027e-64 2.881923e-58 8.048068e-52 1.338939e-44 8.890102e-37 1.170933e-28 1.111878e-20 2.13916e-13 2.107207e-07 0.003127023 0.3670288 0.6111207 0.01871869 4.636423e-06 1.334588e-11 0 0 0 0
6.576859e-66 6.173797e-61 3.366622e-55 1.010777e-48 1.33569e-41 4.981507e-34 2.610405e-26 7.469167e-19 3.775584e-12 1.04193e-06 0.005764626 0.3985571 0.575405 0.02026312 9.118046e-06 7.007861e-11 0 0 0
1.236601e-67 3.401343e-63 4.542237e-58 2.963608e-52 8.444653e-46 8.004027e-39 1.581107e-31 3.301498e-24 3.04704e-17 4.579308e-11 4.111674e-06 0.009696159 0.4261532 0.5423818 0.02174819 1.653155e-05 3.014903e-10 3.330669e-16 0
4.15285e-69 4.028109e-65 1.605661e-60 2.737026e-55 1.911947e-49 4.673508e-43 2.946702e-36 2.980352e-29 2.526426e-22 8.085706e-16 4.048398e-10 1.346246e-05 0.01513246 0.4497083 0.5119457 0.02317199 2.799889e-05 1.096614e-09 2.664535e-15
2.233928e-70 8.902573e-67 1.254592e-62 6.619753e-58 1.307777e-52 8.903086e-47 1.723221e-40 6.852454e-34 3.495675e-27 1.239539e-20 1.479915e-14 2.738166e-09 3.772709e-05 0.02220241 0.4692375 0.4839441 0.02453354 4.476804e-05 3.459255e-09
1.7681e-71 3.284e-68 1.888062e-64 3.584329e-60 2.304668e-55 4.849444e-50 2.975786e-44 4.287101e-38 1.037653e-31 2.667259e-25 4.105556e-19 1.963802e-13 1.474597e-08 9.278557e-05 0.03094323 0.4848623 0.458201 0.02583253 6.816561e-05
1.925897e-72 1.850484e-69 4.896924e-66 3.812554e-62 9.088231e-58 6.611174e-53 1.377904e-47 7.151443e-42 7.320715e-36 1.055702e-29 1.380066e-23 9.608069e-18 1.97126e-12 6.53571e-08 0.0002043764 0.04130296 0.4967901 0.4345339 0.02716863
2.737824e-73 1.484035e-70 2.000917e-67 7.151236e-64 7.104021e-60 1.993452e-55 1.53634e-50 2.982578e-45 1.24434e-39 8.752525e-34 7.443059e-28 5.030651e-22 1.65373e-16 1.551999e-11 2.450616e-07 0.0004099318 0.05315142 0.5052912 0.4411472
Matrix for reader#  3
0.9748328 0.02516716 6.866412e-09 0 0 0 0 0 0 0 0 0 0 0 0 0 0 0 0
0.03204104 0.945734 0.02222498 5.153563e-09 0 0 0 0 0 0 0 0 0 0 0 0 0 0 0
5.820073e-08 0.04267812 0.9330603 0.02426153 1.557062e-08 0 0 0 0 0 0 0 0 0 0 0 0 0 0
1.3043e-16 2.315989e-07 0.05478698 0.9189495 0.02626323 4.17864e-08 0 0 0 0 0 0 0 0 0 0 0 0 0
3.072572e-26 1.968886e-15 7.852055e-07 0.06819194 0.9035828 0.02822436 1.012965e-07 1.110223e-16 0 0 0 0 0 0 0 0 0 0 0
1.477983e-35 1.388065e-24 2.265365e-14 2.320888e-06 0.08269457 0.8871621 0.0301408 2.249204e-07 7.771561e-16 0 0 0 0 0 0 0 0 0 0
6.469732e-44 1.324945e-33 4.558984e-23 2.052575e-13 6.096162e-06 0.09808878 0.869895 0.0320097 4.627811e-07 5.107026e-15 0 0 0 0 0 0 0 0 0
4.264136e-51 7.786414e-42 8.757736e-32 1.121622e-21 1.506484e-12 1.445901e-05 0.1141719 0.8519836 0.03382918 8.909653e-07 2.720046e-14 0 0 0 0 0 0 0 0
4.070913e-57 5.133359e-49 7.271421e-40 4.352779e-30 2.124022e-20 9.17821e-12 3.138635e-05 0.1307517 0.8336172 0.03559815 1.618268e-06 1.24678e-13 0 0 0 0 0 0 0
4.24667e-62 4.051614e-55 5.114899e-47 5.310969e-38 1.658446e-28 3.173329e-19 4.741303e-11 6.306619e-05 0.1476511 0.8149669 0.03731612 2.792357e-06 5.039302e-13 0 0 0 0 0 0
3.386108e-66 3.139852e-60 3.554422e-53 4.211342e-45 3.06251e-36 4.935113e-27 3.824625e-18 2.115426e-10 0.0001184383 0.1647095 0.7961844 0.03898303 4.604723e-06 1.819211e-12 0 0 0 0 0
1.453006e-69 1.77206e-64 2.15994e-58 2.726576e-51 2.867192e-43 1.408687e-34 1.167574e-25 3.794009e-17 8.283994e-10 0.0002096023 0.1817834 0.7774005 0.04059917 7.293929e-06 5.93614e-12 0 0 0 0
2.459407e-72 5.323217e-68 9.006534e-63 1.366545e-56 1.818772e-49 1.618268e-41 5.225174e-33 2.233418e-24 3.154194e-16 2.887476e-09 0.0003520158 0.1987457 0.7587261 0.04216504 1.114683e-05 1.768985e-11 0 0 0
1.264624e-74 6.376517e-71 1.95608e-66 4.388528e-61 7.878345e-55 1.051442e-47 7.601872e-40 1.58034e-31 3.509216e-23 2.233634e-15 9.069157e-09 0.0005644364 0.2154844 0.7402534 0.04368133 1.649767e-05 4.858691e-11 0 0
1.595591e-76 2.372825e-73 1.697267e-69 7.116611e-65 2.027541e-59 4.109056e-53 5.259531e-46 2.987064e-38 3.940711e-30 4.596233e-22 1.367123e-14 2.594553e-08 0.0008685981 0.2319013 0.7220575 0.04514883 2.372511e-05 1.239882e-10 0
4.159284e-78 2.226284e-75 4.646321e-72 4.581074e-68 2.534321e-63 8.799885e-58 1.928366e-51 2.276198e-44 9.874893e-37 8.190452e-29 5.087323e-21 7.327766e-14 6.825225e-08 0.001288647 0.247911 0.7041987 0.0465684 3.324748e-05 2.96061e-10
1.952286e-79 4.437791e-77 3.280033e-74 9.383786e-71 1.240082e-66 8.74545e-62 3.560411e-56 8.111424e-50 8.531784e-43 2.763903e-35 1.434017e-27 4.819217e-20 3.480368e-13 1.664765e-07 0.001850389 0.2634393 0.6867237 0.04794096 4.551712e-05
1.478764e-80 1.635448e-78 5.046224e-76 5.04192e-73 1.934999e-69 3.333237e-65 2.898916e-60 1.334515e-54 3.05046e-48 2.775349e-41 6.593255e-34 2.136739e-26 3.953199e-19 1.480385e-12 3.792884e-07 0.002580419 0.2784229 0.6696679 0.04932843
1.656293e-81 9.958885e-80 1.472921e-77 6.030439e-75 8.013672e-72 4.035947e-68 8.817081e-64 9.161259e-59 4.610952e-53 1.024211e-46 7.856926e-40 1.349668e-32 2.736182e-25 2.838538e-18 5.693332e-12 8.124545e-07 0.003505198 0.2928078 0.7036862
Matrix for reader#  4
0.9977558 0.002244161 2.220446e-16 0 0 0 0 0 0 0 0 0 0 0 0 0 0 0 0
0.001442511 0.9957759 0.002781559 3.330669e-16 0 0 0 0 0 0 0 0 0 0 0 0 0 0 0
1.792618e-14 0.003019113 0.9895109 0.007469966 1.418865e-13 0 0 0 0 0 0 0 0 0 0 0 0 0 0
2.536262e-27 1.349645e-12 0.005325852 0.979136 0.01553811 1.611911e-11 0 0 0 0 0 0 0 0 0 0 0 0 0
1.238911e-38 3.828843e-24 4.097257e-11 0.008334377 0.9645057 0.0271599 6.447831e-10 0 0 0 0 0 0 0 0 0 0 0 0
1.149847e-47 7.72106e-35 1.654968e-21 6.356757e-10 0.01195876 0.9460391 0.0420021 1.198538e-08 0 0 0 0 0 0 0 0 0 0 0
1.182726e-54 9.258317e-44 1.502812e-31 2.638574e-19 5.94729e-09 0.01608646 0.9244711 0.05944228 1.256478e-07 0 0 0 0 0 0 0 0 0 0
4.926067e-60 6.58002e-51 3.015636e-40 1.075482e-28 1.891077e-17 3.775431e-08 0.02060016 0.9006333 0.07876564 8.524141e-07 1.44329e-15 0 0 0 0 0 0 0 0
3.320385e-64 1.444134e-56 1.940858e-47 4.255625e-37 3.276516e-26 7.108587e-16 1.771689e-07 0.02539045 0.8753141 0.09929117 4.133433e-06 6.27276e-14 0 0 0 0 0 0 0
1.77484e-67 4.74377e-61 2.806716e-53 3.046759e-44 2.813149e-34 4.826152e-24 1.581092e-14 6.547756e-07 0.03036171 0.8491901 0.1204321 1.54121e-05 1.49214e-12 0 0 0 0 0 0
4.445635e-70 1.254781e-64 5.310588e-58 3.502693e-50 2.607046e-41 9.427393e-32 3.830808e-22 2.287647e-13 1.998719e-06 0.03543381 0.8228054 0.1417121 4.666382e-05 2.231504e-11 0 0 0 0 0
3.562199e-72 1.643591e-67 7.82811e-62 4.440297e-55 2.777579e-47 1.259839e-38 1.726934e-29 1.795794e-20 2.320805e-12 5.225495e-06 0.04054137 0.7965762 0.1627577 0.0001195614 2.278905e-10 0 0 0 0
6.922312e-74 7.373159e-70 5.819709e-65 4.088946e-59 2.693275e-52 1.405736e-44 3.582664e-36 1.853363e-27 5.3692e-19 1.752457e-11 1.203379e-05 0.04563195 0.7708076 0.1832809 0.0002675726 1.698088e-09 1.110223e-16 0 0
2.664958e-75 8.590088e-72 1.544647e-67 1.875213e-62 1.722633e-56 1.167789e-49 4.605902e-42 6.259283e-34 1.240455e-25 1.0921e-17 1.033321e-10 2.495224e-05 0.05066396 0.7457141 0.2030609 0.0005360502 9.733932e-09 2.997602e-15 0
1.750669e-76 2.111971e-73 1.119139e-69 3.124696e-65 5.28556e-60 5.708956e-54 3.605286e-47 9.971951e-40 7.010929e-32 5.473425e-24 1.595179e-16 4.945763e-10 4.74017e-05 0.05560455 0.721439 0.2219289 0.0009800763 4.479313e-08 4.318768e-14
1.755399e-77 9.369934e-75 1.799781e-71 1.467483e-67 5.87463e-63 1.265427e-57 1.466124e-51 7.955141e-45 1.461187e-37 5.243874e-30 1.672072e-22 1.750998e-15 1.983111e-09 8.365443e-05 0.06042787 0.6980707 0.2397571 0.001660532 1.712858e-07
2.469467e-78 6.659611e-76 5.477472e-73 1.588138e-69 1.869432e-65 9.957465e-61 2.519921e-55 2.896474e-49 1.266121e-42 1.486656e-35 2.720822e-28 3.691552e-21 1.500753e-14 6.836172e-09 0.0001386965 0.0651136 0.675657 0.2564509 0.002639824
4.569611e-79 6.920839e-77 2.788447e-74 3.379133e-71 1.405646e-67 2.246689e-63 1.48635e-58 4.116029e-53 4.396009e-47 1.472217e-40 1.077879e-33 1.014289e-26 6.115261e-20 1.037326e-13 2.069691e-08 0.000218017 0.06964585 0.6542161 0.27592
1.058089e-79 9.798102e-78 2.156852e-75 1.247298e-72 2.138855e-69 1.214289e-65 2.487193e-61 1.919987e-56 5.469031e-51 5.141129e-45 1.269585e-38 5.712826e-32 2.805023e-25 7.854068e-19 5.942884e-13 5.601797e-08 0.0003273563 0.07401234 0.9256602
Matrix for reader#  5
0.9804261 0.01957394 8.134711e-10 0 0 0 0 0 0 0 0 0 0 0 0 0 0 0 0
0.01822453 0.9614954 0.02028004 8.839756e-10 0 0 0 0 0 0 0 0 0 0 0 0 0 0 0
6.275029e-09 0.02454236 0.9467062 0.02875141 9.085037e-09 0 0 0 0 0 0 0 0 0 0 0 0 0 0
5.959201e-18 3.978971e-08 0.03150521 0.9300666 0.03842808 6.324171e-08 0 0 0 0 0 0 0 0 0 0 0 0 0
2.326209e-27 2.294034e-16 1.892747e-07 0.03894908 0.9119968 0.04905364 3.234567e-07 4.440892e-16 0 0 0 0 0 0 0 0 0 0 0
4.972486e-36 3.533676e-25 5.373348e-15 7.149529e-07 0.04672544 0.8928951 0.06037744 1.292649e-06 1.24345e-14 0 0 0 0 0 0 0 0 0 0
1.492235e-43 1.672216e-33 3.014402e-23 8.324679e-14 2.240002e-06 0.05470608 0.8731158 0.07217169 4.231086e-06 2.078338e-13 0 0 0 0 0 0 0 0 0
6.887306e-50 6.856424e-41 3.243302e-31 1.560489e-21 9.125088e-13 6.021227e-06 0.06278373 0.8529598 0.08423872 1.176469e-05 2.412626e-12 0 0 0 0 0 0 0 0
3.746309e-55 3.101892e-47 1.974561e-38 3.831583e-29 5.240714e-20 7.474947e-12 1.425958e-05 0.07087053 0.8326745 0.09641208 2.859482e-05 2.067624e-11 0 0 0 0 0 0 0
1.654247e-59 1.352178e-52 9.684233e-45 3.669889e-36 2.901209e-27 1.208982e-18 4.7848e-11 3.038427e-05 0.07889546 0.8124579 0.1085541 6.214507e-05 1.370939e-10 0 0 0 0 0 0
4.102562e-63 4.296613e-57 3.725752e-50 2.113866e-42 4.540451e-34 1.475117e-25 2.011771e-17 2.482618e-10 5.924169e-05 0.08680151 0.7924642 0.1205521 0.0001229704 7.308097e-10 1.110223e-16 0 0 0 0
4.137304e-66 7.317405e-61 9.254985e-55 7.791927e-48 3.269163e-40 3.857767e-32 5.253055e-24 2.517743e-16 1.076149e-09 0.0001071409 0.09454307 0.7728109 0.1323141 0.0002248076 3.232885e-09 9.992007e-16 0 0 0
1.297553e-68 5.017776e-64 1.157295e-58 1.629587e-52 1.23699e-45 3.640957e-38 2.320197e-30 1.360605e-22 2.456056e-15 3.996175e-09 0.0001817403 0.1020837 0.7535847 0.1437656 0.0003842338 1.218392e-08 9.880985e-15 0 0
1.018811e-70 1.082031e-66 5.684413e-62 1.592486e-56 2.325281e-50 1.49724e-43 2.973208e-36 1.016699e-28 2.650967e-21 1.925552e-14 1.298124e-08 0.0002917915 0.1093942 0.734848 0.154846 0.0006199859 3.998616e-08 7.893686e-14 0
1.684201e-72 5.971693e-69 8.767141e-65 5.891578e-60 1.880441e-54 2.67805e-48 1.392119e-41 1.813877e-34 3.334902e-27 4.003274e-20 1.245591e-13 3.754166e-08 0.0004467804 0.1164515 0.7166429 0.1655066 0.0009520477 1.163944e-07 5.188072e-13
5.107647e-74 7.127441e-71 3.502379e-67 6.759664e-63 5.495962e-58 1.887514e-52 2.488431e-46 1.003922e-39 8.424574e-33 8.3963e-26 4.811468e-19 6.800159e-13 9.809932e-08 0.0006565111 0.1232375 0.6989962 0.1757088 0.001400635 3.051939e-07
2.547045e-75 1.604907e-72 3.084354e-69 2.014413e-65 4.874958e-61 4.556878e-56 1.601108e-50 1.869904e-44 5.677284e-38 3.034422e-31 1.660467e-24 4.711793e-18 3.194908e-12 2.345431e-07 0.0009306823 0.1297382 0.6819221 0.1854229 0.00198593
1.914081e-76 6.105667e-74 5.240583e-71 1.338858e-67 1.117092e-63 3.24271e-59 3.327147e-54 1.144397e-48 1.141372e-42 2.547579e-36 8.628495e-30 2.634409e-23 3.838547e-17 1.313779e-11 5.185877e-07 0.001278492 0.1359433 0.6654257 0.197352
2.02153e-77 3.589766e-75 1.53989e-72 1.745391e-69 5.736665e-66 5.887651e-62 1.967357e-57 2.125386e-52 6.888186e-47 5.692935e-41 9.182387e-35 1.97015e-28 3.418283e-22 2.649791e-16 4.7981e-11 1.070119e-06 0.001708299 0.1418457 0.856445
Matrix for reader#  6
1 0 0 0 0 0 0 0 0 0 0 0 0 0 0 0 0 0 0
9.261796e-84 1 0 0 0 0 0 0 0 0 0 0 0 0 0 0 0 0 0
5.979808e-45 4.322255e-06 0.9999957 1.554312e-15 0 0 0 0 0 0 0 0 0 0 0 0 0 0 0
9.546731e-40 3.705241e-17 0.02255846 0.9774406 9.333412e-07 0 0 0 0 0 0 0 0 0 0 0 0 0 0
8.532294e-38 3.699069e-22 9.219053e-09 0.1372658 0.8625461 0.0001881536 2.220446e-15 0 0 0 0 0 0 0 0 0 0 0 0
8.915125e-37 7.419053e-25 8.471025e-14 1.916493e-05 0.2679363 0.7302811 0.001763478 1.723824e-10 0 0 0 0 0 0 0 0 0 0 0
3.764964e-36 1.575967e-26 2.657795e-17 2.011762e-09 0.0007654892 0.370315 0.6231196 0.005799829 6.584962e-08 2.442491e-15 0 0 0 0 0 0 0 0 0
9.972909e-36 1.153695e-27 8.401722e-20 1.091496e-12 6.616936e-07 0.005865123 0.4411347 0.541009 0.01198826 2.275318e-06 5.702883e-12 0 0 0 0 0 0 0 0
2.013489e-35 1.745387e-28 1.176227e-21 2.811711e-15 1.012377e-09 2.412719e-05 0.02018046 0.4828874 0.4774408 0.01944461 2.263603e-05 9.281143e-10 2.553513e-15 0 0 0 0 0 0
3.423012e-35 4.188255e-29 4.444814e-23 2.434586e-17 3.881367e-12 1.011195e-07 0.0002576515 0.04497707 0.5001996 0.4270945 0.02736053 0.0001105584 3.160335e-08 9.365841e-13 0 0 0 0 0
5.183379e-35 1.371713e-29 3.345662e-24 5.24566e-19 3.547536e-14 6.84902e-10 2.550532e-06 0.001320753 0.0774295 0.4994331 0.3863131 0.03515212 0.0003484525 4.051899e-07 7.035383e-11 2.553513e-15 0 0 0
7.234049e-35 5.59547e-30 4.132746e-25 2.247724e-20 6.750871e-16 8.277406e-12 3.076378e-08 2.646012e-05 0.004255013 0.1129858 0.4868381 0.352626 0.04244099 0.0008248806 2.735783e-06 1.817391e-09 3.066436e-13 0 0
9.511055e-35 2.680279e-30 7.368642e-26 1.628826e-21 2.337738e-17 1.737249e-13 5.32115e-10 5.410314e-07 0.000151196 0.01006752 0.1474454 0.467375 0.3243335 0.04901018 0.001604679 1.190753e-05 2.239713e-08 1.26229e-11 2.664535e-15
1.195483e-34 1.449107e-30 1.736639e-26 1.775088e-22 1.314971e-18 5.937077e-15 1.368589e-11 1.354982e-08 4.914391e-06 0.0005708064 0.01923527 0.1779309 0.4445088 0.3002359 0.05476164 0.00271364 3.795579e-05 1.626401e-07 2.412158e-10
1.451359e-34 8.602277e-31 5.083862e-27 2.669312e-23 1.096999e-19 3.082672e-16 5.152133e-13 4.457961e-10 1.750104e-07 2.769075e-05 0.001601338 0.03153401 0.2029897 0.4204679 0.2794641 0.059679 0.004138854 9.633745e-05 8.0366e-07
1.714416e-34 5.49682e-31 1.767021e-27 5.194879e-24 1.263284e-20 2.282693e-17 2.741837e-14 1.956803e-11 7.439847e-09 1.361265e-06 0.0001096039 0.003611029 0.04619119 0.2222722 0.396596 0.2613739 0.06379731 0.005838248 0.0002090527
1.981156e-34 3.726081e-31 7.051872e-28 1.246471e-24 1.897845e-21 2.283081e-18 1.983021e-15 1.134722e-12 3.907543e-10 7.427434e-08 7.199798e-06 0.0003322995 0.006909459 0.06217561 0.2361177 0.3736515 0.2454775 0.06718043 0.00814823
2.248808e-34 2.650083e-31 3.150379e-28 3.552482e-25 3.556946e-22 2.946887e-19 1.876481e-16 8.5158e-14 2.554162e-11 4.705184e-09 4.968888e-07 2.826338e-05 0.0008207712 0.0116571 0.07845992 0.2452123 0.3520232 0.2313986 0.08039942
2.515211e-34 1.960956e-31 1.544981e-28 1.168169e-25 8.025825e-23 4.726704e-20 2.244818e-17 8.07382e-15 2.064316e-12 3.525532e-10 3.788689e-08 2.423598e-06 8.781434e-05 0.001727412 0.0178312 0.0941851 0.2503582 0.3318744 0.3039334

Variable estimate SD
BiasPar 0.968432834649691 0.00293904328747382
BiasPar 0.986256946491521 0.0030232945558653
BiasPar 1.01217837163465 0.00312765920937512
BiasPar 1.00355882174643 0.00307747854513812
BiasPar 0.940734808786616 0.00328810726688007
SDPar 0.200958823601073 0.0290995118312625
SDPar 0.621605489378905 0.0624680667266085
SDPar 0.193199478643487 0.0327790481399048
SDPar 0.567271928113337 0.0713769236206799
SDPar 0.258160776305081 0.0301660211251931
SDPar 0.459215219404688 0.0631016913342706
SDPar 0.172636398190318 0.0325260654606678
SDPar 0.501337576849081 0.0666269579699961
SDPar 0.240687567136645 0.0292534867099975
SDPar 0.531059336419257 0.0610693984227216
SDPar 0.01 0.0437692045520769
SDPar 1.16205584774986 0.0819482190413647
Probs 2.02214525511897 545.347209378793
Probs 18.1222624805775 177.605952151919
Probs 19.2207769378784 177.605839192401
Probs 19.3321683766792 177.605833964585
Probs 19.5036218509965 177.605827396605
Probs 19.8524325405204 177.605817727947
Probs 19.9305583257701 177.605815972016
Probs 19.6560587418961 177.605823227309
Probs 19.4335556036593 177.605837256254
Probs 19.1067337937736 177.605848440088
Probs 18.7017483219003 177.605887301579
Probs 18.56201376282 177.605904309431
Probs 17.9517728541428 177.606006618903
Probs 16.8741831431366 177.606473375469
Probs 17.1100398718539 177.606279192295
Probs 16.1836057953651 177.607224831211
Probs 3.21823820221704 577.572611667365
Probs -5.54430500724515 706.976450432849
