
Structure of the data set
Data set # Entries Reader boolean
1 48 1 2 3 4 5 6 7 8
ReaderSumm
1 8 1
Number of reads by data set:        8
Minimum and Maximum Ages:           2   12

total cells  815730721
Structure of the data set
Data set # Entries Reader boolean
1 48 1 2 3 4 5 6 7 8
ReaderSumm
1 8 1
Number of reads by data set:        8
Minimum and Maximum Ages:           2   12

total cells  815730721
Structure of the data set
Data set # Entries Reader boolean
1 48 1 2 3 4 5 6 7 8
ReaderSumm
1 8 1
Number of reads by data set:        8
Minimum and Maximum Ages:           2   12

total cells  815730721
Structure of the data set
Data set # Entries Reader boolean
1 48 1 2 3 4 5 6 7 8
ReaderSumm
1 8 1
Number of reads by data set:        8
Minimum and Maximum Ages:           2   12

total cells  815730721
Structure of the data set
Data set # Entries Reader boolean
1 48 1 2 3 4 5 6 7 8
ReaderSumm
1 8 1
Number of reads by data set:        8
Minimum and Maximum Ages:           2   12

total cells  815730721
Structure of the data set
Data set # Entries Reader boolean
1 48 1 2 3 4 5 6 7 8
ReaderSumm
1 8 1
Number of reads by data set:        8
Minimum and Maximum Ages:           2   12

total cells  815730721
Structure of the data set
Data set # Entries Reader boolean
1 48 1 2 3 4 5 6 7 8
ReaderSumm
1 8 1
Number of reads by data set:        8
Minimum and Maximum Ages:           2   12

total cells  815730721
Structure of the data set
Data set # Entries Reader boolean
1 48 1 2 3 4 5 6 7 8
ReaderSumm
1 8 1
Number of reads by data set:        8
Minimum and Maximum Ages:           2   12

total cells  815730721
Structure of the data set
Data set # Entries Reader boolean
1 48 1 2 3 4 5 6 7 8
ReaderSumm
1 8 1
Number of reads by data set:        8
Minimum and Maximum Ages:           2   12

total cells  815730721
Structure of the data set
Data set # Entries Reader boolean
1 48 1 2 3 4 5 6 7 8
ReaderSumm
1 8 1
Number of reads by data set:        8
Minimum and Maximum Ages:           2   12

total cells  815730721
Structure of the data set
Data set # Entries Reader boolean
1 48 1 2 3 4 5 6 7 8
ReaderSumm
1 8 1
Number of reads by data set:        8
Minimum and Maximum Ages:           2   12

total cells  815730721
Structure of the data set
Data set # Entries Reader boolean
1 48 1 2 3 4 5 6 7 8
ReaderSumm
1 8 1
Number of reads by data set:        8
Minimum and Maximum Ages:           2   12

total cells  815730721
Structure of the data set
Data set # Entries Reader boolean
1 48 1 2 3 4 5 6 7 8
ReaderSumm
1 8 1
Number of reads by data set:        8
Minimum and Maximum Ages:           2   12

total cells  815730721
Structure of the data set
Data set # Entries Reader boolean
1 48 1 2 3 4 5 6 7 8
ReaderSumm
1 8 1
Number of reads by data set:        8
Minimum and Maximum Ages:           2   12

total cells  815730721
Structure of the data set
Data set # Entries Reader boolean
1 48 1 2 3 4 5 6 7 8
ReaderSumm
1 8 1
Number of reads by data set:        8
Minimum and Maximum Ages:           2   12

total cells  815730721
Structure of the data set
Data set # Entries Reader boolean
1 48 1 2 3 4 5 6 7 8
ReaderSumm
1 8 1
Number of reads by data set:        8
Minimum and Maximum Ages:           2   12

total cells  815730721
Structure of the data set
Data set # Entries Reader boolean
1 48 1 2 3 4 5 6 7 8
ReaderSumm
1 8 1
Number of reads by data set:        8
Minimum and Maximum Ages:           2   12

total cells  815730721
Structure of the data set
Data set # Entries Reader boolean
1 48 1 2 3 4 5 6 7 8
ReaderSumm
1 8 1
Number of reads by data set:        8
Minimum and Maximum Ages:           2   12

total cells  815730721
Structure of the data set
Data set # Entries Reader boolean
1 48 1 2 3 4 5 6 7 8
ReaderSumm
1 8 1
Number of reads by data set:        8
Minimum and Maximum Ages:           2   12

total cells  815730721
Structure of the data set
Data set # Entries Reader boolean
1 544 1 2 3 4 5 6 7
1 2 1 2 3 0 5 6 7
1 1 1 2 3 4 0 6 7
1 1 1 2 0 4 0 6 7
1 2 0 2 3 0 5 6 7
1 2 0 0 0 0 0 0 0
ReaderSumm
1 0 6
Number of reads by data set:        7
Minimum and Maximum Ages:           2   17

total cells  324
Structure of the data set
Data set # Entries Reader boolean
1 544 1 2 3 4 5 6 7
1 2 1 2 3 0 5 6 7
1 1 1 2 3 4 0 6 7
1 1 1 2 0 4 0 6 7
1 2 0 2 3 0 5 6 7
1 2 0 0 0 0 0 0 0
ReaderSumm
1 0 6
Number of reads by data set:        7
Minimum and Maximum Ages:           2   17

total cells  324
Structure of the data set
Data set # Entries Reader boolean
1 1 0 0 0 0 0 6
1 1 0 0 0 0 5 6
1 2 0 2 3 4 5 6
1 529 1 2 3 4 5 6
1 12 1 2 3 0 5 6
1 1 1 2 0 0 5 6
1 1 1 0 0 0 0 6
1 -999 0 0 0 0 0 0
ReaderSumm
1 0 8
Number of reads by data set:        6
Minimum and Maximum Ages:           2.3278217   17.64126

total cells  361
Structure of the data set
Data set # Entries Reader boolean
1 1 0 0 0 0 0 6
1 1 0 0 0 0 5 6
1 2 0 2 3 4 5 6
1 529 1 2 3 4 5 6
1 12 1 2 3 0 5 6
1 1 1 2 0 0 5 6
1 1 1 0 0 0 0 6
1 -999 0 0 0 0 0 0
ReaderSumm
1 0 8
Number of reads by data set:        6
Minimum and Maximum Ages:           2.3278217   17.64126

total cells  361
Structure of the data set
Data set # Entries Reader boolean
1 1 0 0 0 0 0 6
1 1 0 0 0 0 5 6
1 2 0 2 3 4 5 6
1 529 1 2 3 4 5 6
1 12 1 2 3 0 5 6
1 1 1 2 0 0 5 6
1 1 1 0 0 0 0 6
1 -999 0 0 0 0 0 0
ReaderSumm
1 0 8
Number of reads by data set:        6
Minimum and Maximum Ages:           2.3278217   17.64126

total cells  361
Structure of the data set
Data set # Entries Reader boolean
1 1 0 0 0 0 0 6
1 1 0 0 0 0 5 6
1 2 0 2 3 4 5 6
1 529 1 2 3 4 5 6
1 12 1 2 3 0 5 6
1 1 1 2 0 0 5 6
1 1 1 0 0 0 0 6
1 -999 0 0 0 0 0 0
ReaderSumm
1 0 8
Number of reads by data set:        6
Minimum and Maximum Ages:           2.3278217   17.64126

total cells  361
Structure of the data set
Data set # Entries Reader boolean
1 1 0 0 0 0 0 6
1 1 0 0 0 0 5 6
1 2 0 2 3 4 5 6
1 529 1 2 3 4 5 6
1 12 1 2 3 0 5 6
1 1 1 2 0 0 5 6
1 1 1 0 0 0 0 6
ReaderSumm
1 2 7
Number of reads by data set:        6
Minimum and Maximum Ages:           2.3278217   17.64126

total cells  361
Structure of the data set
Data set # Entries Reader boolean
1 1 0 0 0 0 0 6
1 1 0 0 0 0 5 6
1 2 0 2 3 4 5 6
1 529 1 2 3 4 5 6
1 12 1 2 3 0 5 6
1 1 1 2 0 0 5 6
1 1 1 0 0 0 0 6
ReaderSumm
1 2 7
Number of reads by data set:        6
Minimum and Maximum Ages:           2.3278217   17.64126

total cells  361
