
Structure of the data set
Data set # Entries Reader boolean
1 48 1 2 3 4 5 6 7 8
ReaderSumm
1 8 1
Number of reads by data set:        8
Minimum and Maximum Ages:           2   12

total cells  815730721
Structure of the data set
Data set # Entries Reader boolean
1 48 1 2 3 4 5 6 7 8
ReaderSumm
1 8 1
Number of reads by data set:        8
Minimum and Maximum Ages:           2   12

total cells  815730721
Structure of the data set
Data set # Entries Reader boolean
1 48 1 2 3 4 5 6 7 8
ReaderSumm
1 8 1
Number of reads by data set:        8
Minimum and Maximum Ages:           2   12

total cells  815730721
Structure of the data set
Data set # Entries Reader boolean
1 48 1 2 3 4 5 6 7 8
ReaderSumm
1 8 1
Number of reads by data set:        8
Minimum and Maximum Ages:           2   12

total cells  815730721
Structure of the data set
Data set # Entries Reader boolean
1 48 1 2 3 4 5 6 7 8
ReaderSumm
1 8 1
Number of reads by data set:        8
Minimum and Maximum Ages:           2   12

total cells  815730721
Structure of the data set
Data set # Entries Reader boolean
1 48 1 2 3 4 5 6 7 8
ReaderSumm
1 8 1
Number of reads by data set:        8
Minimum and Maximum Ages:           2   12

total cells  815730721
Structure of the data set
Data set # Entries Reader boolean
1 48 1 2 3 4 5 6 7 8
ReaderSumm
1 8 1
Number of reads by data set:        8
Minimum and Maximum Ages:           2   12

total cells  815730721
Structure of the data set
Data set # Entries Reader boolean
1 48 1 2 3 4 5 6 7 8
ReaderSumm
1 8 1
Number of reads by data set:        8
Minimum and Maximum Ages:           2   12

total cells  815730721
Structure of the data set
Data set # Entries Reader boolean
1 48 1 2 3 4 5 6 7 8
ReaderSumm
1 8 1
Number of reads by data set:        8
Minimum and Maximum Ages:           2   12

total cells  815730721
Structure of the data set
Data set # Entries Reader boolean
1 48 1 2 3 4 5 6 7 8
ReaderSumm
1 8 1
Number of reads by data set:        8
Minimum and Maximum Ages:           2   12

total cells  815730721
Structure of the data set
Data set # Entries Reader boolean
1 48 1 2 3 4 5 6 7 8
ReaderSumm
1 8 1
Number of reads by data set:        8
Minimum and Maximum Ages:           2   12

total cells  815730721
Structure of the data set
Data set # Entries Reader boolean
1 48 1 2 3 4 5 6 7 8
ReaderSumm
1 8 1
Number of reads by data set:        8
Minimum and Maximum Ages:           2   12

total cells  815730721
Structure of the data set
Data set # Entries Reader boolean
1 48 1 2 3 4 5 6 7 8
ReaderSumm
1 8 1
Number of reads by data set:        8
Minimum and Maximum Ages:           2   12

total cells  815730721
Structure of the data set
Data set # Entries Reader boolean
1 48 1 2 3 4 5 6 7 8
ReaderSumm
1 8 1
Number of reads by data set:        8
Minimum and Maximum Ages:           2   12

total cells  815730721
Structure of the data set
Data set # Entries Reader boolean
1 48 1 2 3 4 5 6 7 8
ReaderSumm
1 8 1
Number of reads by data set:        8
Minimum and Maximum Ages:           2   12

total cells  815730721
Structure of the data set
Data set # Entries Reader boolean
1 48 1 2 3 4 5 6 7 8
ReaderSumm
1 8 1
Number of reads by data set:        8
Minimum and Maximum Ages:           2   12

total cells  815730721
Structure of the data set
Data set # Entries Reader boolean
1 48 1 2 3 4 5 6 7 8
ReaderSumm
1 8 1
Number of reads by data set:        8
Minimum and Maximum Ages:           2   12

total cells  815730721
Structure of the data set
Data set # Entries Reader boolean
1 48 1 2 3 4 5 6 7 8
ReaderSumm
1 8 1
Number of reads by data set:        8
Minimum and Maximum Ages:           2   12

total cells  815730721
Structure of the data set
Data set # Entries Reader boolean
1 48 1 2 3 4 5 6 7 8
ReaderSumm
1 8 1
Number of reads by data set:        8
Minimum and Maximum Ages:           2   12

total cells  815730721
Structure of the data set
Data set # Entries Reader boolean
1 544 1 2 3 4 5 6 7
1 2 1 2 3 0 5 6 7
1 1 1 2 3 4 0 6 7
1 1 1 2 0 4 0 6 7
1 2 0 2 3 0 5 6 7
1 2 0 0 0 0 0 0 0
ReaderSumm
1 0 6
Number of reads by data set:        7
Minimum and Maximum Ages:           2   17

total cells  324
Structure of the data set
Data set # Entries Reader boolean
1 544 1 2 3 4 5 6 7
1 2 1 2 3 0 5 6 7
1 1 1 2 3 4 0 6 7
1 1 1 2 0 4 0 6 7
1 2 0 2 3 0 5 6 7
1 2 0 0 0 0 0 0 0
ReaderSumm
1 0 6
Number of reads by data set:        7
Minimum and Maximum Ages:           2   17

total cells  324
Structure of the data set
Data set # Entries Reader boolean
1 544 1 2 3 4 5 6 7
1 2 1 2 3 0 5 6 7
1 1 1 2 3 4 0 6 7
1 1 1 2 0 4 0 6 7
1 2 0 2 3 0 5 6 7
1 2 0 0 0 0 0 0 0
ReaderSumm
1 0 6
Number of reads by data set:        7
Minimum and Maximum Ages:           2   17

total cells  361
Structure of the data set
Data set # Entries Reader boolean
1 544 1 2 3 4 5 6 7
1 2 1 2 3 0 5 6 7
1 1 1 2 3 4 0 6 7
1 1 1 2 0 4 0 6 7
1 2 0 2 3 0 5 6 7
1 2 0 0 0 0 0 0 0
ReaderSumm
1 0 6
Number of reads by data set:        7
Minimum and Maximum Ages:           2   17

total cells  361
Structure of the data set
Data set # Entries Reader boolean
1 544 1 2 3 4 5 6 7
1 2 1 2 3 0 5 6 7
1 1 1 2 3 4 0 6 7
1 1 1 2 0 4 0 6 7
1 2 0 2 3 0 5 6 7
1 2 0 0 0 0 0 0 0
ReaderSumm
1 0 6
Number of reads by data set:        7
Minimum and Maximum Ages:           2   17

total cells  361
Structure of the data set
Data set # Entries Reader boolean
1 544 1 2 3 4 5 6 7
1 2 1 2 3 0 5 6 7
1 1 1 2 3 4 0 6 7
1 1 1 2 0 4 0 6 7
1 2 0 2 3 0 5 6 7
1 2 0 0 0 0 0 0 0
ReaderSumm
1 0 6
Number of reads by data set:        7
Minimum and Maximum Ages:           2   17

total cells  361
Structure of the data set
Data set # Entries Reader boolean
1 544 1 2 3 4 5 6 7
1 2 1 2 3 0 5 6 7
1 1 1 2 3 4 0 6 7
1 1 1 2 0 4 0 6 7
1 2 0 2 3 0 5 6 7
1 2 0 0 0 0 0 0 0
ReaderSumm
1 0 6
Number of reads by data set:        7
Minimum and Maximum Ages:           2   17

total cells  361
Structure of the data set
Data set # Entries Reader boolean
1 2 0 0 0 0 0 0 0
1 2 0 2 3 4 0 6 7
1 544 1 2 3 4 5 6 7
1 2 1 2 3 4 0 6 7
1 1 1 0 3 4 5 6 7
1 1 1 0 0 4 5 6 7
ReaderSumm
1 5 6
Number of reads by data set:        7
Minimum and Maximum Ages:           2   17

total cells  2476099
