5205.18108143591   -5205.17684988613
Total number of readers: 7
Number of data sets: 1
Bias options by reader: 0
Bias options by reader: 1
Bias options by reader: 1
Bias options by reader: 1
Bias options by reader: 1
Bias options by reader: 1
Bias options by reader: 1
Sigma options by reader: 7
Sigma options by reader: 7
Sigma options by reader: 7
Sigma options by reader: 7
Sigma options by reader: 7
Sigma options by reader: 7
Sigma options by reader: 7
Total objective function: 5205.18108143591
maximum gradient: 8.7571477221923
Number of readers:  7
Range of ages:  0  -  18
Reader # 1  Minus/Plus ages:  0  /  18
Number of data sets: 1
Number of lines of data per data set:  427
Number of data points per data set: 552


# Bias options
#   -X: Mirrored with pattrn X
#   0: Unbiased [0 parameters]
#   1: Linearly proportional to age [1 parameter]
#   2: Michaelis-Menten [3 parameters]

# SD options
#   1: Constant CV [1 parameter]
#   2: SD Michaelis-Menten [3 parameters]
#   3: CV Michaelis-Menten [3 parameters]
#   4: Known perfectly [0 parameters]
#   5: SD spline function of age [variable parameters]
#   6: SD linear piecewise function of age [
      variable parameters
      ]
#   7: SD linear function of age [2 parameters]
#   8: CV linear function of age [2 parameters]
Reader BiasType SigmaType
1   0   7
2   1   7
3   1   7
4   1   7
5   1   7
6   1   7
7   1   7

Reader Age CV SD Expected age
1   0   0.08025   0.08025   0.5
1   1   0.08025   0.08025   1.5
1   2   0.0834   0.1668   2.5
1   3   0.08445   0.25336   3.5
1   4   0.08498   0.33992   4.5
1   5   0.0853   0.42648   5.5
1   6   0.08551   0.51304   6.5
1   7   0.08566   0.5996   7.5
1   8   0.08577   0.68616   8.5
1   9   0.08586   0.77272   9.5
1   10   0.08593   0.85928   10.5
1   11   0.08598   0.94583   11.5
1   12   0.08603   1.03239   12.5
1   13   0.08607   1.11895   13.5
1   14   0.08611   1.20551   14.5
1   15   0.08614   1.29207   15.5
1   16   0.08616   1.37863   16.5
1   17   0.08619   1.46519   17.5
1   18   0.08621   1.55175   18.5
2   0   0.29916   0.29916   0.55297
2   1   0.29916   0.29916   1.65892
2   2   0.19304   0.38609   2.76487
2   3   0.15767   0.47302   3.87082
2   4   0.13999   0.55995   4.97677
2   5   0.12938   0.64688   6.08272
2   6   0.1223   0.73381   7.18866
2   7   0.11725   0.82074   8.29461
2   8   0.11346   0.90768   9.40056
2   9   0.11051   0.99461   10.50651
2   10   0.10815   1.08154   11.61246
2   11   0.10622   1.16847   12.71841
2   12   0.10462   1.2554   13.82436
2   13   0.10326   1.34233   14.9303
2   14   0.10209   1.42926   16.03625
2   15   0.10108   1.5162   17.1422
2   16   0.1002   1.60313   18.24815
2   17   0.09942   1.69006   19.3541
2   18   0.09872   1.77699   20.46005
3   0   0.04267   0.04267   0.50973
3   1   0.04267   0.04267   1.5292
3   2   0.08229   0.16458   2.54866
3   3   0.09549   0.28648   3.56812
3   4   0.1021   0.40838   4.58759
3   5   0.10606   0.53029   5.60705
3   6   0.1087   0.65219   6.62652
3   7   0.11058   0.77409   7.64598
3   8   0.112   0.896   8.66545
3   9   0.1131   1.0179   9.68491
3   10   0.11398   1.1398   10.70437
3   11   0.1147   1.26171   11.72384
3   12   0.1153   1.38361   12.7433
3   13   0.11581   1.50551   13.76277
3   14   0.11624   1.62741   14.78223
3   15   0.11662   1.74932   15.8017
3   16   0.11695   1.87122   16.82116
3   17   0.11724   1.99312   17.84062
3   18   0.1175   2.11503   18.86009
4   0   0.36368   0.36368   0.5128
4   1   0.36368   0.36368   1.53841
4   2   0.21052   0.42104   2.56401
4   3   0.15947   0.4784   3.58962
4   4   0.13394   0.53575   4.61522
4   5   0.11862   0.59311   5.64083
4   6   0.10841   0.65046   6.66643
4   7   0.10112   0.70782   7.69204
4   8   0.09565   0.76517   8.71764
4   9   0.09139   0.82253   9.74325
4   10   0.08799   0.87988   10.76885
4   11   0.0852   0.93724   11.79446
4   12   0.08288   0.99459   12.82006
4   13   0.08092   1.05195   13.84567
4   14   0.07924   1.1093   14.87127
4   15   0.07778   1.16666   15.89688
4   16   0.0765   1.22402   16.92248
4   17   0.07537   1.28137   17.94809
4   18   0.07437   1.33873   18.97369
5   0   0.16389   0.16389   0.51922
5   1   0.16389   0.16389   1.55765
5   2   0.11676   0.23353   2.59608
5   3   0.10106   0.30317   3.63452
5   4   0.0932   0.37281   4.67295
5   5   0.08849   0.44245   5.71138
5   6   0.08535   0.51209   6.74982
5   7   0.0831   0.58173   7.78825
5   8   0.08142   0.65137   8.82668
5   9   0.08011   0.72101   9.86512
5   10   0.07907   0.79065   10.90355
5   11   0.07821   0.86029   11.94198
5   12   0.07749   0.92993   12.98042
5   13   0.07689   0.99957   14.01885
5   14   0.07637   1.06921   15.05728
5   15   0.07592   1.13885   16.09572
5   16   0.07553   1.20849   17.13415
5   17   0.07518   1.27813   18.17258
5   18   0.07488   1.34777   19.21102
6   0   0.10969   0.10969   0.49748
6   1   0.10969   0.10969   1.49245
6   2   0.09185   0.18371   2.48742
6   3   0.08591   0.25773   3.48238
6   4   0.08294   0.33175   4.47735
6   5   0.08116   0.40578   5.47231
6   6   0.07997   0.4798   6.46728
6   7   0.07912   0.55382   7.46225
6   8   0.07848   0.62785   8.45721
6   9   0.07799   0.70187   9.45218
6   10   0.07759   0.77589   10.44714
6   11   0.07726   0.84991   11.44211
6   12   0.07699   0.92394   12.43708
6   13   0.07677   0.99796   13.43204
6   14   0.07657   1.07198   14.42701
6   15   0.0764   1.146   15.42197
6   16   0.07625   1.22003   16.41694
6   17   0.07612   1.29405   17.41191
6   18   0.076   1.36807   18.40687
7   0   0.01   0.01   0.50085
7   1   0.01   0.01   1.50256
7   2   0.06773   0.13545   2.50427
7   3   0.08697   0.2609   3.50598
7   4   0.09659   0.38635   4.50769
7   5   0.10236   0.51181   5.50939
7   6   0.10621   0.63726   6.5111
7   7   0.10896   0.76271   7.51281
7   8   0.11102   0.88816   8.51452
7   9   0.11262   1.01361   9.51623
7   10   0.11391   1.13906   10.51793
7   11   0.11496   1.26451   11.51964
7   12   0.11583   1.38997   12.52135
7   13   0.11657   1.51542   13.52306
7   14   0.1172   1.64087   14.52477
7   15   0.11775   1.76632   15.52648
7   16   0.11824   1.89177   16.52818
7   17   0.11866   2.01722   17.52989
7   18   0.11904   2.14267   18.5316

Estimated age-structure by data set
===================================
Age  Data set# 1
Age  2.26223152368637e-11
Age  4.48996762759134e-10
Age  0.00182396202070131
Age  0.0786004309169155
Age  0.096438935000813
Age  0.132397588766433
Age  0.128573764064215
Age  0.130036739691706
Age  0.181390002832934
Age  0.0961686414432211
Age  0.0561085687438772
Age  0.0558528074602762
Age  0.0335455683905191
Age  0.00906277009126492
Age  2.18795795958751e-07
Age  4.80673883046767e-11
Age  2.38818149605915e-11
Age  6.91658731512836e-11
Age  1.16859264045959e-09

Final age-reading error matrices
Matrix for reader#  1
1 7.857656e-10 0 0 0 0 0 0 0 0 0 0 0 0 0 0 0 0 0
7.857655e-10 1 7.857656e-10 0 0 0 0 0 0 0 0 0 0 0 0 0 0 0 0
1.700672e-17 0.001463582 0.9970728 0.001463582 0 0 0 0 0 0 0 0 0 0 0 0 0 0 0
3.191595e-20 4.376229e-09 0.02458735 0.9508253 0.02458735 4.376229e-09 0 0 0 0 0 0 0 0 0 0 0 0 0
1.347811e-21 9.603773e-13 7.042258e-06 0.07100706 0.8579718 0.07100706 7.042258e-06 9.603429e-13 0 0 0 0 0 0 0 0 0 0 0
2.012363e-22 3.76813e-15 6.002825e-09 0.0002494469 0.1205409 0.7584192 0.1205409 0.0002494469 6.002825e-09 3.774758e-15 0 0 0 0 0 0 0 0 0
5.662769e-23 7.983261e-17 2.528343e-11 8.820079e-07 0.001846565 0.1632273 0.6698505 0.1632273 0.001846565 8.820079e-07 2.528344e-11 1.110223e-16 0 0 0 0 0 0 0
2.289812e-23 4.764081e-18 3.708332e-13 6.855405e-09 1.97688e-05 0.006390639 0.1958968 0.5953855 0.1958968 0.006390639 1.97688e-05 6.855405e-09 3.708145e-13 0 0 0 0 0 0
1.161427e-23 5.576054e-19 1.34554e-14 1.20295e-10 2.970079e-07 0.0001565622 0.01456768 0.218468 0.5336149 0.218468 0.01456768 0.0001565622 2.970079e-07 1.202951e-10 1.34337e-14 0 0 0 0
6.851522e-24 1.034188e-19 9.429233e-16 4.193966e-12 7.371908e-09 4.214893e-06 0.0006654565 0.02581745 0.2323799 0.4822659 0.2323799 0.02581745 0.0006654565 4.214893e-06 7.371908e-09 4.193978e-12 8.881784e-16 0 0
4.492527e-24 2.661639e-20 1.075184e-16 2.535753e-13 2.990262e-10 1.520846e-07 2.921922e-05 0.001902498 0.03888911 0.2395562 0.4392457 0.2395562 0.03888911 0.001902498 2.921922e-05 1.520846e-07 2.990262e-10 2.535749e-13 1.110223e-16
3.181055e-24 8.717155e-21 1.770716e-17 2.373763e-14 1.868435e-11 7.707018e-09 1.498673e-06 0.0001252023 0.004169137 0.05246209 0.2418145 0.4028551 0.2418145 0.05246209 0.004169137 0.0001252023 1.498673e-06 7.707018e-09 1.870815e-11
2.38603e-24 3.425806e-21 3.871085e-18 3.148216e-15 1.683975e-12 5.421018e-10 9.650483e-08 8.793283e-06 0.0003835394 0.00758834 0.06549493 0.2406402 0.3717681 0.2406402 0.06549493 0.00758834 0.0003835394 8.793283e-06 9.704862e-08
1.870784e-24 1.550304e-21 1.056962e-18 5.524757e-16 2.062736e-13 5.127162e-11 7.92508e-09 7.145636e-07 3.547414e-05 0.0009227174 0.01208219 0.07731977 0.2371589 0.3449605 0.2371589 0.07731977 0.01208219 0.0009227174 3.619668e-05
1.518751e-24 7.841945e-22 3.445941e-19 1.217131e-16 3.265565e-14 6.289067e-12 8.225054e-10 6.928002e-08 3.578078e-06 0.0001084317 0.001856774 0.01742609 0.08759744 0.2321875 0.3216402 0.2321875 0.08759744 0.01742609 0.001968854
1.267763e-24 4.337498e-22 1.296909e-19 3.231683e-17 6.410437e-15 9.66627e-13 1.05867e-10 8.05836e-09 4.088972e-07 1.331084e-05 0.0002686481 0.003264738 0.02332664 0.09622684 0.2263043 0.3011903 0.2263043 0.09622684 0.02687376
1.082454e-24 2.580239e-22 5.490984e-20 1.001683e-17 1.508494e-15 1.805432e-13 1.653615e-11 1.117042e-09 5.371741e-08 1.778892e-06 3.935316e-05 0.0005660961 0.005174243 0.02948727 0.1032572 0.2199111 0.2831258 0.2199111 0.138526
9.415971e-25 1.629858e-22 2.563438e-20 3.534167e-18 4.139502e-16 3.990704e-14 3.067994e-12 1.823237e-10 8.126759e-09 2.640056e-07 6.085629e-06 9.714118e-05 0.001050798 0.007561451 0.03564897 0.1088208 0.2132834 0.2670621 0.366469
8.318723e-25 1.082397e-22 1.298884e-20 1.391068e-18 1.295101e-16 1.020613e-14 6.628588e-13 3.455434e-11 1.408947e-09 4.38341e-08 1.016367e-06 1.718448e-05 0.0002077129 0.001763653 0.01036211 0.04160838 0.1130869 0.2066075 0.6263455
Matrix for reader#  2
0.9320875 0.06791145 1.04311e-06 4.551914e-15 0 0 0 0 0 0 0 0 0 0 0 0 0 0 0
0.01412669 0.8585013 0.1273668 5.185554e-06 4.696243e-14 0 0 0 0 0 0 0 0 0 0 0 0 0 0
3.507872e-06 0.0241514 0.7045224 0.2705659 0.0007567179 8.8681e-09 1.221245e-15 0 0 0 0 0 0 0 0 0 0 0 0
1.937133e-09 4.72458e-05 0.0331461 0.5744114 0.3836424 0.008748066 4.782544e-06 8.61442e-11 1.110223e-16 0 0 0 0 0 0 0 0 0 0
4.621478e-12 1.026995e-07 0.0002377748 0.04069376 0.4756156 0.4492478 0.03402948 0.000175424 6.75898e-08 2.769007e-12 0 0 0 0 0 0 0 0 0
3.815796e-14 4.98415e-10 1.452727e-06 0.0007047556 0.04676808 0.4016526 0.4724325 0.07681215 0.001623887 4.604542e-06 2.086916e-09 2.001732e-13 0 0 0 0 0 0 0
8.136681e-16 5.596018e-12 1.363939e-08 9.405488e-06 0.001525392 0.05147826 0.3455424 0.4667605 0.1276581 0.006949104 7.668002e-05 1.884094e-07 1.214344e-10 2.542411e-14 0 0 0 0 0
3.544489e-17 1.292864e-13 2.240204e-10 1.555062e-07 3.714203e-05 0.002699935 0.05499458 0.3020956 0.4449801 0.1759855 0.01866295 0.0005394658 4.496083e-06 1.194257e-08 1.158507e-11 4.773959e-15 0 0 0
2.655599e-18 5.384134e-15 6.291519e-12 3.720882e-09 9.866183e-07 0.0001054426 0.004170012 0.05750787 0.2677378 0.4159058 0.2151627 0.03718488 0.002179251 4.496613e-05 3.485377e-07 1.110535e-09 1.62359e-12 1.221245e-15 0
3.021243e-19 3.605063e-16 2.829895e-13 1.321472e-10 3.334475e-08 4.161379e-06 0.0002378082 0.005848653 0.05920305 0.2400311 0.3847506 0.2429583 0.06064993 0.006062548 0.0002493092 4.409188e-06 3.567493e-08 1.426056e-10 3.080869e-13
4.766602e-20 3.540755e-17 1.899827e-14 6.80128e-12 1.504653e-09 1.912927e-07 1.308027e-05 0.0004542061 0.007644773 0.06024501 0.2172944 0.3542838 0.2599988 0.08611337 0.0130068 0.0009142403 3.087324e-05 5.234006e-07 4.731259e-09
9.752413e-21 4.746752e-18 1.786302e-15 4.875523e-13 9.074285e-11 1.085047e-08 7.882104e-07 3.30668e-05 0.0007666989 0.009477737 0.06077351 0.1983466 0.3258168 0.268183 0.1108016 0.02316591 0.002489131 0.0001407423 4.401239e-06
2.460599e-21 8.210527e-19 2.228698e-16 4.668644e-14 7.178301e-12 7.713026e-10 5.525786e-08 2.526453e-06 7.086081e-05 0.001178054 0.01128353 0.06090325 0.1823416 0.2998542 0.2696741 0.1327607 0.03599945 0.005441 0.0004906846
7.367749e-22 1.753212e-19 3.528547e-17 5.744439e-15 7.259639e-13 6.837885e-11 4.614337e-09 2.148666e-07 6.667642e-06 0.0001336231 0.001682743 0.0130156 0.06072655 0.1686607 0.2764784 0.2664167 0.1509545 0.05052895 0.01139541
2.541582e-22 4.462906e-20 6.833794e-18 8.777149e-16 9.138391e-14 7.454982e-12 4.608972e-10 2.091138e-08 6.754343e-07 1.510076e-05 0.00022784 0.002269169 0.01464289 0.06031671 0.1568434 0.2555665 0.2599752 0.1650797 0.08506286
9.868183e-23 1.317112e-20 1.571063e-18 1.617161e-16 1.396032e-14 9.821894e-13 5.474846e-11 2.352126e-09 7.585562e-08 1.791206e-06 3.02663e-05 0.0003584579 0.002922161 0.01614693 0.05973151 0.1465407 0.2369073 0.2515303 0.2858305
4.233511e-23 4.406692e-21 4.182753e-19 3.504307e-17 2.529633e-15 1.535658e-13 7.65314e-12 3.057778e-10 9.572456e-09 2.297051e-07 4.139084e-06 5.495161e-05 0.0005284023 0.003625141 0.01751879 0.05901624 0.1374841 0.2202625 0.5615055
1.977142e-23 1.641271e-21 1.263609e-19 8.744135e-18 5.32816e-16 2.800272e-14 1.243373e-12 4.569845e-11 1.362772e-09 3.234387e-08 5.998419e-07 8.544477e-06 9.201444e-05 0.000738478 0.004361743 0.01875641 0.05820632 0.129464 0.7883719
9.931246e-24 6.704222e-22 4.258888e-20 2.467884e-18 1.28171e-16 5.860841e-15 2.317849e-13 7.788725e-12 2.185404e-10 5.033998e-09 9.36534e-08 1.38559e-06 1.606754e-05 0.0001441021 0.0009875577 0.005116871 0.01986247 0.05732932 0.9165421
Matrix for reader#  3
1 0 0 0 0 0 0 0 0 0 0 0 0 0 0 0 0 0 0
1.473923e-28 1 0 0 0 0 0 0 0 0 0 0 0 0 0 0 0 0 0
8.771832e-19 0.0004778724 0.9963107 0.003211451 1.110223e-16 0 0 0 0 0 0 0 0 0 0 0 0 0 0
2.072569e-17 4.619726e-08 0.02404042 0.9097559 0.06620314 4.873988e-07 5.551115e-16 0 0 0 0 0 0 0 0 0 0 0 0
7.262619e-17 4.328644e-10 6.169894e-05 0.07539066 0.7680618 0.1561779 0.0003079841 4.699249e-09 1.332268e-15 0 0 0 0 0 0 0 0 0 0
1.422433e-16 2.849691e-11 7.190955e-07 0.001316057 0.125095 0.6441414 0.2249433 0.004499014 4.54993e-06 3.034398e-10 2.220446e-15 0 0 0 0 0 0 0 0
2.162734e-16 4.859693e-12 2.95369e-08 3.535694e-05 0.006513685 0.1620036 0.5479566 0.2655473 0.01778404 0.0001591357 2.093261e-07 5.052414e-11 2.997602e-15 0 0 0 0 0 0
2.879287e-16 1.407212e-12 2.804364e-09 1.871761e-06 0.0003536577 0.01671664 0.185063 0.4741203 0.2832279 0.03924345 0.001263216 9.915776e-06 2.114027e-08 1.431955e-11 3.774758e-15 0 0 0 0
3.544497e-16 5.630515e-13 4.658484e-10 1.762616e-07 2.714697e-05 0.00154569 0.03033713 0.197028 0.4166157 0.2859014 0.06375851 0.004669297 0.0001159203 1.036288e-06 3.643358e-09 5.626277e-12 4.32987e-15 0 0
4.150424e-16 2.783267e-13 1.138049e-10 2.591005e-08 3.022882e-06 0.0001680321 0.004193129 0.04495261 0.2012798 0.3709419 0.2799658 0.08672791 0.01114517 0.0006078356 1.461441e-05 1.634931e-07 9.111165e-10 2.73892e-12 4.884981e-15
4.697886e-16 1.591316e-13 3.66049e-11 5.34837e-09 4.670202e-07 2.305925e-05 0.0006136122 0.008460927 0.05868002 0.2005809 0.3339587 0.2695969 0.1057252 0.02031704 0.001945381 9.524296e-05 2.470245e-06 3.548904e-08 2.992091e-10
5.19124e-16 1.009785e-13 1.441234e-11 1.432766e-09 9.475667e-08 3.995012e-06 0.0001033346 0.001586325 0.0140637 0.07050177 0.1968797 0.3034855 0.2572706 0.1201082 0.03108705 0.004515947 0.000375007 1.824372e-05 5.461049e-07
5.635967e-16 6.921374e-14 6.609962e-12 4.701121e-10 2.403418e-08 8.542558e-07 2.047079e-05 0.0003217592 0.003239327 0.02048097 0.08007737 0.1914613 0.2779879 0.2443786 0.130207 0.0422587 0.008430835 0.001047852 8.694229e-05
6.037602e-16 5.030317e-14 3.410468e-12 1.810344e-10 7.317346e-09 2.193168e-07 4.754864e-06 7.289298e-05 0.0007742998 0.005599985 0.02717506 0.08746574 0.1851452 0.2563651 0.2316704 0.136729 0.052901 0.01350986 0.002586589
6.401284e-16 3.826109e-14 1.930579e-12 7.925171e-11 2.588559e-09 6.584888e-08 1.278461e-06 1.859068e-05 0.0001990258 0.001544826 0.008579145 0.03371227 0.09291401 0.178443 0.2378115 0.2195266 0.1404376 0.06243935 0.02437278
6.731603e-16 3.016899e-14 1.177036e-12 3.849963e-11 1.036855e-09 2.259376e-08 3.917626e-07 5.32107e-06 5.57948e-05 0.0004457117 0.002680757 0.01201612 0.03979747 0.09673055 0.1716684 0.2217266 0.2081202 0.1420155 0.1047372
7.032579e-16 2.448795e-14 7.622168e-13 2.037253e-11 4.606821e-10 8.687159e-09 1.347242e-07 1.695805e-06 1.711176e-05 0.0001368474 0.0008584057 0.004184574 0.0157266 0.04526131 0.09921929 0.1650094 0.2076547 0.1975092 0.2644207
7.307702e-16 2.035274e-14 5.187119e-13 1.15743e-11 2.233372e-10 3.682032e-09 5.126386e-08 5.960548e-07 5.726967e-06 4.502331e-05 0.0002869925 0.00147109 0.006019449 0.01953713 0.05003034 0.1006511 0.1585745 0.1952442 0.4681337
7.559986e-16 1.725021e-14 3.679013e-13 6.979917e-12 1.165837e-10 1.696983e-09 2.131473e-08 2.28832e-07 2.0809e-06 1.589162e-05 0.0001011121 0.0005320697 0.002300269 0.008122135 0.02330353 0.0540964 0.1012548 0.1524222 0.6578492
Matrix for reader#  4
0.9094891 0.09048335 2.751071e-05 2.286071e-11 0 0 0 0 0 0 0 0 0 0 0 0 0 0 0
0.0697406 0.827773 0.1024498 3.660338e-05 3.482825e-11 0 0 0 0 0 0 0 0 0 0 0 0 0 0
0.000120091 0.09039831 0.7590485 0.1500679 0.0003652079 9.037648e-09 5.107026e-15 0 0 0 0 0 0 0 0 0 0 0 0
6.295097e-08 0.0004963161 0.1086779 0.6951879 0.1939265 0.001710933 4.017316e-07 3.918865e-12 0 0 0 0 0 0 0 0 0 0 0
3.935537e-11 8.475191e-07 0.001383823 0.1242905 0.6379138 0.2313327 0.005072399 5.954978e-06 4.805512e-10 4.32987e-15 0 0 0 0 0 0 0 0 0
4.723452e-14 1.317841e-09 5.921604e-06 0.002983065 0.1372137 0.5873389 0.2612031 0.01121206 4.316259e-05 1.724057e-08 9.9043e-13 0 0 0 0 0 0 0 0
1.208806e-16 2.963317e-12 1.986567e-08 2.638446e-05 0.005390711 0.1475816 0.5429226 0.2835543 0.02033149 0.0001926676 2.642405e-07 6.535406e-11 3.996803e-15 0 0 0 0 0 0
6.37295e-19 1.132439e-14 7.95526e-11 1.688912e-07 8.543441e-05 0.008589974 0.155627 0.5039237 0.2990832 0.03207612 0.0006122229 2.212049e-06 1.76179e-09 3.851364e-13 0 0 0 0 0
6.394121e-21 7.551121e-17 4.563594e-13 1.133838e-09 9.422174e-07 0.0002190976 0.01247557 0.1616335 0.4695963 0.3088121 0.04572872 0.001521852 1.191694e-05 2.447806e-08 1.549216e-11 3.663736e-15 0 0 0
1.119336e-22 8.523991e-19 3.988289e-15 9.599473e-12 9.990186e-09 3.829295e-06 0.0004717772 0.01688996 0.1658979 0.4392644 0.3138365 0.06043614 0.003153117 4.622577e-05 2.063462e-07 3.163276e-10 1.934009e-13 1.110223e-16 0
3.153871e-24 1.548478e-20 5.325742e-17 1.11065e-13 1.215225e-10 6.070985e-08 1.220617e-05 0.000888538 0.02165663 0.1687046 0.4123427 0.3151794 0.07538517 0.005689756 0.0001396841 1.185939e-06 3.816619e-09 5.229484e-12 3.441691e-15
1.333162e-25 4.284934e-22 1.061202e-18 1.799736e-15 1.853428e-12 1.029459e-09 2.75677e-07 3.218785e-05 0.001507274 0.02660467 0.1703116 0.3883355 0.3137253 0.0899041 0.009226156 0.0003479022 5.058371e-06 3.045501e-08 8.32896e-11
7.964733e-27 1.714175e-23 3.049046e-20 4.067305e-17 3.681658e-14 2.045126e-11 6.322491e-09 9.928594e-07 7.303273e-05 0.002353131 0.03158361 0.1709444 0.3668266 0.3102022 0.1035002 0.01375436 0.0007442808 1.704815e-05 1.757746e-07
6.397398e-28 9.458124e-25 1.217509e-21 1.258792e-18 9.615193e-16 4.983261e-13 1.610511e-10 2.992837e-08 2.966792e-06 0.0001468444 0.003436065 0.03647044 0.170795 0.3474682 0.3051912 0.1158548 0.01917574 0.001410411 4.836748e-05
6.62628e-29 6.907211e-26 6.519695e-23 5.207627e-20 3.281434e-17 1.517528e-14 4.789756e-12 9.608736e-10 1.144896e-07 7.613793e-06 0.0002675959 0.004751232 0.04117094 0.1700243 0.3299692 0.2991451 0.1267968 0.02532687 0.002540193
8.547913e-30 6.443113e-27 4.530641e-24 2.806208e-21 1.442909e-18 5.791987e-16 1.705093e-13 3.459356e-11 4.55348e-09 3.67313e-07 1.723809e-05 0.0004497288 0.006281321 0.04561769 0.1687654 0.3140857 0.2924113 0.1362685 0.0361026
1.333943e-30 7.446019e-28 3.967053e-25 1.920334e-22 8.031364e-20 2.7536e-17 7.333812e-15 1.437287e-12 1.964887e-10 1.779737e-08 1.017729e-06 3.516631e-05 0.0007066685 0.00799983 0.04976638 0.1671274 0.2996124 0.2852529 0.1894982
2.457497e-31 1.038569e-28 4.264148e-26 1.629623e-23 5.552932e-21 1.612745e-18 3.810825e-16 6.98833e-14 9.487865e-12 9.107212e-10 5.913783e-08 2.493075e-06 6.573836e-05 0.001049548 0.009874511 0.05359155 0.165199 0.2863757 0.4838413
5.235811e-32 1.709656e-29 5.499465e-27 1.678083e-24 4.681018e-22 1.148218e-19 2.378815e-17 3.994393e-15 5.215234e-13 5.08144e-11 3.550156e-09 1.712184e-07 5.502539e-06 0.0001141413 0.001486319 0.01187047 0.05708247 0.1630523 0.7663887
Matrix for reader#  5
0.9982087 0.001791329 0 0 0 0 0 0 0 0 0 0 0 0 0 0 0 0 0
0.0003756076 0.9959743 0.003650122 1.110223e-16 0 0 0 0 0 0 0 0 0 0 0 0 0 0 0
2.345041e-11 0.005562639 0.9522029 0.04223442 2.657302e-09 0 0 0 0 0 0 0 0 0 0 0 0 0 0
1.402274e-16 7.027367e-08 0.01851907 0.8672026 0.1142735 4.724615e-06 5.451195e-14 0 0 0 0 0 0 0 0 0 0 0 0
3.566175e-20 3.042907e-12 5.08326e-06 0.03590992 0.7737592 0.1901121 0.0002137633 7.384493e-10 0 0 0 0 0 0 0 0 0 0 0
9.728715e-23 1.107073e-15 1.396872e-09 6.659979e-05 0.05424909 0.6885109 0.2552597 0.001913497 2.09321e-07 5.867529e-13 0 0 0 0 0 0 0 0 0
1.21263e-24 2.297438e-18 1.174498e-12 7.840343e-08 0.0003569189 0.07156585 0.6154638 0.305049 0.007556736 7.634651e-06 4.072187e-10 1.998401e-15 0 0 0 0 0 0 0
4.165251e-26 1.740067e-20 3.199983e-15 1.57436e-10 1.279592e-06 0.001142774 0.08689323 0.5540188 0.3389743 0.01888356 8.598836e-05 3.623328e-08 1.967093e-12 0 0 0 0 0 0
2.89411e-27 3.421805e-22 2.370639e-17 6.772623e-13 5.598971e-09 9.648227e-06 0.002657385 0.0998312 0.5024068 0.3588834 0.03573817 0.0004724433 8.865665e-07 2.88735e-10 2.187139e-14 0 0 0 0
3.339875e-28 1.371328e-23 3.932635e-19 6.104308e-15 3.942405e-11 8.205086e-08 4.37766e-05 0.005004782 0.1103263 0.4588221 0.3676856 0.05647377 0.00163432 9.304443e-06 1.183854e-08 4.091394e-12 4.440892e-16 0 0
5.616873e-29 9.43826e-25 1.239334e-20 1.051813e-16 4.730327e-13 9.243779e-10 6.507798e-07 0.000140166 0.008146481 0.1185331 0.4217247 0.3683599 0.07890204 0.004137892 5.488379e-05 2.005267e-07 2.307433e-10 9.903189e-14 0
1.258354e-29 9.870565e-26 6.516914e-22 3.133802e-18 9.422403e-15 1.516636e-11 1.123304e-08 3.328948e-06 0.0003502109 0.01194032 0.124713 0.3898766 0.363447 0.1010341 0.00841779 0.0002158632 1.809962e-06 5.455498e-09 6.685097e-12
3.524058e-30 1.434841e-26 5.172369e-23 1.475053e-19 2.953785e-16 3.67355e-13 2.511074e-10 8.393978e-08 1.234081e-05 0.0007294849 0.01619273 0.129164 0.362302 0.3549089 0.1214299 0.01461716 0.0006330969 1.031988e-05 6.804564e-08
1.178019e-30 2.713987e-27 5.734818e-24 1.016501e-20 1.374929e-17 1.28642e-14 7.539663e-12 2.512302e-09 4.344032e-07 3.591302e-05 0.001325141 0.02070229 0.132179 0.3382343 0.344173 0.1392463 0.02256808 0.001493336 4.2292e-05
4.541688e-31 6.355243e-28 8.364659e-25 9.634876e-22 9.000145e-19 6.297011e-16 3.042969e-13 9.370431e-11 1.701325e-08 1.694321e-06 8.679047e-05 0.002166782 0.02528772 0.1340239 0.3170699 0.3322373 0.1541312 0.03187563 0.003119144
1.967568e-31 1.773378e-28 1.531282e-25 1.193835e-22 7.897685e-20 4.153999e-17 1.624898e-14 4.419943e-12 7.827688e-10 8.47611e-08 5.296018e-06 0.0001814013 0.003262908 0.0298013 0.134929 0.2983298 0.3197798 0.1660745 0.04763586
9.387823e-32 5.724233e-29 3.38997e-26 1.855439e-23 8.917094e-21 3.565817e-18 1.122359e-15 2.628428e-13 4.330885e-11 4.755658e-09 3.306152e-07 1.388371e-05 0.000337881 0.004602264 0.03413226 0.1350882 0.2816313 0.3072489 0.2369449
4.856081e-32 2.087876e-29 8.810015e-27 3.497087e-24 1.251264e-21 3.858269e-19 9.786315e-17 1.947205e-14 2.898052e-12 3.078814e-10 2.231966e-08 1.058419e-06 3.159002e-05 0.0005736193 0.006158157 0.03820415 0.1346614 0.2666657 0.5537043
2.689437e-32 8.445727e-30 2.624213e-27 7.775276e-25 2.119236e-22 5.116248e-20 1.051847e-17 1.768817e-15 2.336036e-13 2.327038e-11 1.68092e-09 8.479258e-08 2.88379e-06 6.404472e-05 0.0009030301 0.007893857 0.04196943 0.1337788 0.8153879
Matrix for reader#  6
0.9999966 3.351403e-06 0 0 0 0 0 0 0 0 0 0 0 0 0 0 0 0 0
5.034408e-06 0.9999922 2.727809e-06 0 0 0 0 0 0 0 0 0 0 0 0 0 0 0 0
7.863923e-15 0.004173075 0.9930433 0.002783632 3.108624e-15 0 0 0 0 0 0 0 0 0 0 0 0 0 0
1.774219e-19 1.083202e-08 0.03100693 0.9463312 0.02266185 5.204555e-09 0 0 0 0 0 0 0 0 0 0 0 0 0
3.391458e-22 4.709939e-13 5.907458e-06 0.07544116 0.8665972 0.05795248 3.229359e-06 1.970646e-13 0 0 0 0 0 0 0 0 0 0 0
5.823952e-24 3.497131e-16 1.69969e-09 0.0001659159 0.1223178 0.7804764 0.09694075 9.922016e-05 7.931611e-10 1.110223e-16 0 0 0 0 0 0 0 0 0
3.398945e-25 1.785242e-18 2.13988e-12 2.428058e-07 0.001204451 0.1640381 0.701076 0.1329127 0.0007683737 1.238392e-07 9.117151e-13 0 0 0 0 0 0 0 0
4.185615e-26 3.297493e-20 1.021868e-14 6.994888e-10 6.096114e-06 0.004325766 0.1977631 0.6319376 0.1630678 0.00289634 3.338386e-06 3.221757e-10 4.107825e-15 0 0 0 0 0 0
8.395559e-27 1.470914e-21 1.382688e-16 4.701419e-12 3.90533e-08 5.561525e-05 0.01037157 0.2229095 0.5728657 0.1865547 0.00721068 3.22521e-05 1.924081e-08 2.02327e-12 0 0 0 0 0
2.355963e-27 1.22565e-22 4.131836e-18 6.825135e-14 4.155433e-10 7.111462e-07 0.0002707068 0.01934822 0.2401594 0.5225618 0.2036272 0.01386699 0.0001645157 3.711143e-07 1.899836e-10 2.797762e-14 0 0 0
8.411063e-28 1.61245e-23 2.260417e-19 1.888537e-15 7.613343e-12 1.203652e-08 6.167499e-06 0.0008735469 0.03058069 0.2508004 0.4795816 0.2151214 0.02248079 0.000551987 3.38073e-06 5.809169e-09 3.297029e-12 7.771561e-16 0
3.589383e-28 2.989051e-24 1.973187e-20 8.853453e-17 2.300607e-13 2.949728e-10 1.601641e-07 3.211991e-05 0.002128009 0.04309471 0.256254 0.4426342 0.2220732 0.03237531 0.001389855 1.83673e-05 8.110141e-08 1.342246e-10 9.570122e-14
1.754628e-28 7.211753e-25 2.484694e-21 6.374099e-18 1.075772e-14 1.053651e-11 5.298492e-09 1.220304e-06 0.000116438 0.004246411 0.05593636 0.2578165 0.4106467 0.2254894 0.04282366 0.002853547 6.907375e-05 6.447653e-07 2.527259e-09
9.534452e-29 2.139465e-25 4.187884e-22 6.514328e-19 7.304885e-16 5.34533e-13 2.312333e-10 5.379657e-08 6.171889e-06 0.0003239141 0.007323504 0.06834476 0.2565603 0.3827514 0.2262423 0.05320049 0.005045272 0.0001984386 3.413372e-06
5.634822e-29 7.484969e-26 8.930315e-23 8.879918e-20 6.807237e-17 3.713278e-14 1.330062e-11 2.892586e-09 3.547369e-07 2.294466e-05 0.0007390532 0.01132261 0.0798019 0.2533239 0.3582529 0.2250405 0.0630433 0.007973587 0.0004790459
3.563687e-29 2.992937e-26 2.307826e-23 1.536822e-20 8.296631e-18 3.401702e-15 9.916483e-13 1.925703e-10 2.339776e-08 1.677812e-06 6.738164e-05 0.00144919 0.01610232 0.0900112 0.2487406 0.3365939 0.2224383 0.07205448 0.012541
2.3824e-29 1.335492e-26 6.990807e-24 3.247026e-21 1.270449e-18 3.968191e-16 9.36811e-14 1.582949e-11 1.815297e-09 1.343157e-07 6.119436e-06 0.0001646691 0.002525806 0.02145999 0.09884788 0.2432785 0.3173262 0.2188587 0.09753208
1.667642e-29 6.527636e-27 2.418101e-24 8.116314e-22 2.364087e-19 5.714116e-17 1.094884e-14 1.58852e-12 1.667928e-10 1.213249e-08 5.866983e-07 1.816146e-05 0.0003480005 0.004011165 0.02717346 0.1063063 0.237278 0.300087 0.3247774
1.213193e-29 3.444193e-27 9.354275e-25 2.3401e-22 5.200247e-20 9.886434e-18 1.547203e-15 1.917144e-13 1.809574e-11 1.252905e-09 6.137296e-08 2.056081e-06 4.567462e-05 0.0006546157 0.005913252 0.03303173 0.1124555 0.2309837 0.6169134
Matrix for reader#  7
1 0 0 0 0 0 0 0 0 0 0 0 0 0 0 0 0 0 0
4.985252e-87 1 0 0 0 0 0 0 0 0 0 0 0 0 0 0 0 0 0
3.079024e-24 0.0001164005 0.999736 0.0001475736 0 0 0 0 0 0 0 0 0 0 0 0 0 0 0
2.151447e-19 9.710596e-09 0.02660084 0.9438775 0.02952165 1.238789e-08 0 0 0 0 0 0 0 0 0 0 0 0 0
9.257018e-18 1.782444e-10 5.820576e-05 0.09467559 0.8036742 0.1015239 6.802645e-05 2.24336e-10 0 0 0 0 0 0 0 0 0 0 0
6.066385e-17 2.051816e-11 7.656436e-07 0.001705185 0.1582917 0.6709317 0.1671569 0.001912899 9.097492e-07 2.557421e-11 1.110223e-16 0 0 0 0 0 0 0 0
1.870966e-16 5.325245e-12 3.840665e-08 5.00267e-05 0.009082212 0.2022584 0.5670133 0.2115826 0.009955975 5.740907e-05 4.593403e-08 6.592726e-12 2.220446e-16 0 0 0 0 0 0
3.960016e-16 2.120586e-12 4.459007e-09 3.001364e-06 0.0005441079 0.02347406 0.2267384 0.4876809 0.2355951 0.0253506 0.0006102801 3.487971e-06 5.348442e-09 2.612577e-12 4.440892e-16 0 0 0 0
6.761082e-16 1.08681e-12 8.880825e-10 3.231412e-07 4.654795e-05 0.002411839 0.04200233 0.2367841 0.4263863 0.2447751 0.04487832 0.002661746 5.298064e-05 3.784162e-07 1.066681e-09 1.333933e-12 8.881784e-16 0 0
1.009453e-15 6.54188e-13 2.541817e-10 5.405011e-08 5.790372e-06 0.0002908337 0.006463386 0.06094773 0.2376037 0.3780737 0.2446399 0.0645952 0.007047095 0.0003258598 6.656197e-06 6.361095e-08 3.054917e-10 8.006928e-13 1.221245e-15
1.378365e-15 4.38937e-13 9.376071e-11 1.256979e-08 9.958405e-07 4.416239e-05 0.001046354 0.01275619 0.07780466 0.2330374 0.3392168 0.2391718 0.08193551 0.01377683 0.001158004 5.002384e-05 1.152792e-06 1.484359e-08 1.132542e-10
1.768129e-15 3.179458e-13 4.156353e-11 3.751206e-09 2.234553e-07 8.428339e-06 0.0001939692 0.002638608 0.02067484 0.09149231 0.2255701 0.3073853 0.2309062 0.09585284 0.02215889 0.002891243 0.0002171001 9.624895e-06 2.644973e-07
2.167451e-15 2.435456e-13 2.113162e-11 1.356213e-09 6.220168e-08 1.973883e-06 4.207735e-05 0.0005869195 0.005237632 0.0293562 0.1018771 0.2167142 0.2808834 0.2213642 0.1062782 0.03126566 0.005692187 0.0006504249 4.985e-05
2.568085e-15 1.945543e-13 1.193062e-11 5.697172e-10 2.062189e-08 5.515294e-07 1.064266e-05 0.000145002 0.001368386 0.008798392 0.03802455 0.1092942 0.2073588 0.2585047 0.2114266 0.1136088 0.0402844 0.009496291 0.001678726
2.964223e-15 1.605185e-13 7.310184e-12 2.696455e-10 7.88503e-09 1.790788e-07 3.098261e-06 4.011003e-05 0.0003822972 0.002644384 0.01311184 0.04613041 0.1142422 0.1980118 0.2393735 0.2015876 0.1183922 0.04865303 0.01742742
3.35191e-15 1.358363e-13 4.780254e-12 1.405102e-10 3.390409e-09 6.604318e-08 1.022201e-06 1.238546e-05 0.0001158761 0.0008267814 0.004449741 0.01789489 0.05335568 0.1172269 0.1889525 0.2228412 0.1921122 0.1211691 0.08104171
3.728561e-15 1.173005e-13 3.294606e-12 7.920804e-11 1.607017e-09 2.713802e-08 3.764584e-07 4.236622e-06 3.823225e-05 0.0002737154 0.001539685 0.006747169 0.02286564 0.05956326 0.1186954 0.1803248 0.2084186 0.1831316 0.2183973
4.092582e-15 1.029716e-13 2.370609e-12 4.765129e-11 8.26488e-10 1.222825e-08 1.526374e-07 1.590574e-06 1.370041e-05 9.664726e-05 0.0005536621 0.002556143 0.00944684 0.02778673 0.06473763 0.1190171 0.1721929 0.1957305 0.4078664
4.443087e-15 9.162268e-14 1.76779e-12 3.026878e-11 4.554049e-10 5.962761e-09 6.731151e-08 6.492849e-07 5.306311e-06 3.644956e-05 0.0002088882 0.0009919989 0.003880009 0.01243202 0.03248121 0.06893544 0.118486 0.164575 0.5979669

Variable estimate SD
BiasPar 1.10594841316919 0.00636026535114765
BiasPar 1.01946428319857 0.0058414958405304
BiasPar 1.02560487893407 0.0057424804292724
BiasPar 1.03843335171214 0.00517741611038505
BiasPar 0.994966124536859 0.00504606728136088
BiasPar 1.00170808184 0.0058327881237652
SDPar 0.0802451052595519 0.0407329580478945
SDPar 1.55174666232895 0.112759731411352
SDPar 0.299155079406342 0.0686402510746829
SDPar 1.77699011881595 0.15389496670985
SDPar 0.0426730906039532 0.0457196358369424
SDPar 2.11502744394594 0.129706471668469
SDPar 0.363684620628102 0.0551124404103799
SDPar 1.33872637211218 0.123927578747846
SDPar 0.163888200281543 0.0474198493013971
SDPar 1.34777345262455 0.121165114293766
SDPar 0.109686320783644 0.0421577886322226
SDPar 1.36807289701561 0.11445268170442
SDPar 0.01 0.0512942583822986
SDPar 2.14267476798069 0.142163211173948
Probs -2.98807885884481 704.918503624316
Probs 15.2172612285721 194.03557582303
Probs 18.9806273409444 194.033448682422
Probs 19.1851601692455 194.033437633363
Probs 19.5020595907239 194.033431605169
Probs 19.4727529381686 194.033441631644
Probs 19.4840671826619 194.033437376176
Probs 19.8168995841085 194.033427698528
Probs 19.1823534911281 194.03344290007
Probs 18.6435387005183 194.033489718848
Probs 18.6389699512378 194.033513900621
Probs 18.1291549241124 194.033494287809
Probs 16.8204249820315 194.034664634519
Probs 6.18887845743719 305.918592688819
Probs -2.23441172848221 702.629021509114
Probs -2.93389838881455 704.797501175533
Probs -1.87050809940042 700.485789306653
Probs 0.956539754533577 616.947335231689
