5163.11782411829   -5163.03544740958
Total number of readers: 7
Number of data sets: 1
Bias options by reader: 0
Bias options by reader: 2
Bias options by reader: 2
Bias options by reader: 2
Bias options by reader: 2
Bias options by reader: 2
Bias options by reader: 2
Sigma options by reader: 7
Sigma options by reader: 7
Sigma options by reader: 7
Sigma options by reader: 7
Sigma options by reader: 7
Sigma options by reader: 7
Sigma options by reader: 7
Total objective function: 5163.11782411829
maximum gradient: 3.21262243422553
Number of readers:  7
Range of ages:  0  -  23
Reader # 1  Minus/Plus ages:  2  /  17
Number of data sets: 1
Number of lines of data per data set:  427
Number of data points per data set: 552


# Bias options
#   -X: Mirrored with pattrn X
#   0: Unbiased [0 parameters]
#   1: Linearly proportional to age [1 parameter]
#   2: Michaelis-Menten [3 parameters]

# SD options
#   1: Constant CV [1 parameter]
#   2: SD Michaelis-Menten [3 parameters]
#   3: CV Michaelis-Menten [3 parameters]
#   4: Known perfectly [0 parameters]
#   5: SD spline function of age [variable parameters]
#   6: SD linear piecewise function of age [
      variable parameters
      ]
#   7: SD linear function of age [2 parameters]
#   8: CV linear function of age [2 parameters]
Reader BiasType SigmaType
1   0   7
2   2   7
3   2   7
4   2   7
5   2   7
6   2   7
7   2   7

Reader Age CV SD Expected age
1   0   0.14798   0.14798   0.5
1   1   0.14798   0.14798   1.5
1   2   0.10838   0.21675   2.5
1   3   0.09517   0.28552   3.5
1   4   0.08857   0.35428   4.5
1   5   0.08461   0.42305   5.5
1   6   0.08197   0.49182   6.5
1   7   0.08008   0.56058   7.5
1   8   0.07867   0.62935   8.5
1   9   0.07757   0.69811   9.5
1   10   0.07669   0.76688   10.5
1   11   0.07597   0.83565   11.5
1   12   0.07537   0.90441   12.5
1   13   0.07486   0.97318   13.5
1   14   0.07442   1.04194   14.5
1   15   0.07405   1.11071   15.5
1   16   0.07372   1.17948   16.5
1   17   0.07343   1.24824   17.5
1   18   0.07317   1.31701   18.5
1   19   0.07294   1.38578   19.5
1   20   0.07273   1.45454   20.5
1   21   0.07254   1.52331   21.5
1   22   0.07237   1.59207   22.5
1   23   0.07221   1.66084   23.5
2   0   0.06964   0.06964   0.49089
2   1   0.06964   0.06964   1.5
2   2   0.0912   0.18241   2.50116
2   3   0.09839   0.29518   3.49442
2   4   0.10199   0.40795   4.47986
2   5   0.10414   0.52072   5.45754
2   6   0.10558   0.63349   6.42751
2   7   0.10661   0.74626   7.38984
2   8   0.10738   0.85903   8.34459
2   9   0.10798   0.97181   9.29181
2   10   0.10846   1.08458   10.23157
2   11   0.10885   1.19735   11.16392
2   12   0.10918   1.31012   12.08893
2   13   0.10945   1.42289   13.00665
2   14   0.10969   1.53566   13.91714
2   15   0.1099   1.64843   14.82045
2   16   0.11008   1.7612   15.71664
2   17   0.11023   1.87398   16.60578
2   18   0.11037   1.98675   17.48791
2   19   0.1105   2.09952   18.36308
2   20   0.11061   2.21229   19.23136
2   21   0.11072   2.32506   20.0928
2   22   0.11081   2.43783   20.94745
2   23   0.1109   2.5506   21.79537
3   0   0.27744   0.27744   0.3757
3   1   0.27744   0.27744   1.5
3   2   0.17343   0.34685   2.58754
3   3   0.13876   0.41627   3.63953
3   4   0.12142   0.48568   4.65713
3   5   0.11102   0.5551   5.64146
3   6   0.10409   0.62452   6.59361
3   7   0.09913   0.69393   7.51463
3   8   0.09542   0.76335   8.40555
3   9   0.09253   0.83277   9.26734
3   10   0.09022   0.90218   10.10095
3   11   0.08833   0.9716   10.90731
3   12   0.08675   1.04101   11.68732
3   13   0.08542   1.11043   12.44182
3   14   0.08427   1.17985   13.17165
3   15   0.08328   1.24926   13.87763
3   16   0.08242   1.31868   14.56053
3   17   0.08165   1.38809   15.2211
3   18   0.08097   1.45751   15.86008
3   19   0.08036   1.52693   16.47816
3   20   0.07982   1.59634   17.07605
3   21   0.07932   1.66576   17.65438
3   22   0.07887   1.73518   18.21381
3   23   0.07846   1.80459   18.75495
4   0   0.07077   0.07077   0.50098
4   1   0.07077   0.07077   1.5
4   2   0.07442   0.14884   2.48243
4   3   0.07563   0.2269   3.44856
4   4   0.07624   0.30496   4.39866
4   5   0.07661   0.38303   5.33298
4   6   0.07685   0.46109   6.2518
4   7   0.07702   0.53915   7.15536
4   8   0.07715   0.61722   8.04393
4   9   0.07725   0.69528   8.91775
4   10   0.07733   0.77334   9.77706
4   11   0.0774   0.85141   10.62212
4   12   0.07746   0.92947   11.45314
4   13   0.0775   1.00753   12.27038
4   14   0.07754   1.0856   13.07405
4   15   0.07758   1.16366   13.86438
4   16   0.07761   1.24172   14.64159
4   17   0.07763   1.31979   15.4059
4   18   0.07766   1.39785   16.15753
4   19   0.07768   1.47591   16.89668
4   20   0.0777   1.55398   17.62356
4   21   0.07772   1.63204   18.33838
4   22   0.07773   1.7101   19.04134
4   23   0.07775   1.78817   19.73262
5   0   0.23175   0.23175   0.38111
5   1   0.23175   0.23175   1.5
5   2   0.16061   0.32122   2.6096
5   3   0.13689   0.41068   3.70998
5   4   0.12504   0.50015   4.80122
5   5   0.11792   0.58961   5.8834
5   6   0.11318   0.67908   6.9566
5   7   0.10979   0.76854   8.02088
5   8   0.10725   0.85801   9.07633
5   9   0.10527   0.94747   10.12301
5   10   0.10369   1.03694   11.161
5   11   0.1024   1.1264   12.19037
5   12   0.10132   1.21587   13.2112
5   13   0.10041   1.30533   14.22354
5   14   0.09963   1.3948   15.22748
5   15   0.09895   1.48426   16.22309
5   16   0.09836   1.57373   17.21042
5   17   0.09783   1.66319   18.18956
5   18   0.09737   1.75266   19.16057
5   19   0.09695   1.84212   20.12351
5   20   0.09658   1.93159   21.07846
5   21   0.09624   2.02105   22.02548
5   22   0.09593   2.11052   22.96463
5   23   0.09565   2.19998   23.89599
6   0   0.12306   0.12306   0.55036
6   1   0.12306   0.12306   1.5
6   2   0.09468   0.18937   2.44895
6   3   0.08523   0.25568   3.39722
6   4   0.0805   0.32198   4.3448
6   5   0.07766   0.38829   5.2917
6   6   0.07577   0.4546   6.23792
6   7   0.07442   0.52091   7.18345
6   8   0.0734   0.58722   8.1283
6   9   0.07261   0.65353   9.07246
6   10   0.07198   0.71984   10.01595
6   11   0.07147   0.78615   10.95875
6   12   0.07104   0.85246   11.90087
6   13   0.07067   0.91877   12.84231
6   14   0.07036   0.98508   13.78307
6   15   0.07009   1.05139   14.72315
6   16   0.06986   1.1177   15.66255
6   17   0.06965   1.18401   16.60128
6   18   0.06946   1.25032   17.53932
6   19   0.0693   1.31663   18.47669
6   20   0.06915   1.38294   19.41338
6   21   0.06901   1.44925   20.3494
6   22   0.06889   1.51556   21.28473
6   23   0.06878   1.58187   22.2194
7   0   0.001   0.001   0.50532
7   1   0.001   0.001   1.5
7   2   0.05963   0.11926   2.48465
7   3   0.07917   0.23751   3.45937
7   4   0.08894   0.35577   4.42426
7   5   0.09481   0.47403   5.37942
7   6   0.09871   0.59228   6.32495
7   7   0.10151   0.71054   7.26095
7   8   0.1036   0.8288   8.18751
7   9   0.10523   0.94705   9.10473
7   10   0.10653   1.06531   10.0127
7   11   0.1076   1.18357   10.91152
7   12   0.10849   1.30182   11.80127
7   13   0.10924   1.42008   12.68206
7   14   0.10988   1.53834   13.55396
7   15   0.11044   1.65659   14.41707
7   16   0.11093   1.77485   15.27148
7   17   0.11136   1.89311   16.11727
7   18   0.11174   2.01136   16.95454
7   19   0.11209   2.12962   17.78336
7   20   0.11239   2.24788   18.60383
7   21   0.11267   2.36613   19.41602
7   22   0.11293   2.48439   20.22003
7   23   0.11316   2.60265   21.01592

Estimated age-structure by data set
===================================
Age  Data set# 1
Age  5.78547442671074e-06
Age  9.95871491613509e-05
Age  0.00171422420126809
Age  0.0741648097827703
Age  0.0950208495973728
Age  0.12185680610446
Age  0.114548213757416
Age  0.113350076473922
Age  0.166624507297385
Age  0.114613079498667
Age  0.0767108127910871
Age  0.037164562537824
Age  0.0563163423905355
Age  0.0197713157399304
Age  0.00803095705570761
Age  3.31313005328201e-07
Age  4.77133664608751e-07
Age  2.19176859685605e-06
Age  1.60490376875009e-06
Age  1.17517702856174e-06
Age  8.60513306373986e-07
Age  6.30103492877953e-07
Age  4.61387881856233e-07
Age  3.37847321797047e-07

Final age-reading error matrices
Matrix for reader#  1
0.9995915 0.0004085364 0 0 0 0 0 0 0 0 0 0 0 0 0 0 0 0 0 0 0 0 0 0
0.0004085364 0.9991829 0.0004085364 0 0 0 0 0 0 0 0 0 0 0 0 0 0 0 0 0 0 0 0 0
1.399172e-11 0.01082023 0.9783595 0.01082023 1.39917e-11 0 0 0 0 0 0 0 0 0 0 0 0 0 0 0 0 0 0 0
8.871965e-17 1.402978e-07 0.04034047 0.9193188 0.04034047 1.402978e-07 1.110223e-16 0 0 0 0 0 0 0 0 0 0 0 0 0 0 0 0 0
2.92687e-20 6.110619e-12 1.511229e-05 0.07940801 0.8411537 0.07940801 1.511229e-05 6.110668e-12 0 0 0 0 0 0 0 0 0 0 0 0 0 0 0 0
1.059424e-22 2.408977e-15 4.642395e-09 0.0002248925 0.1186716 0.7622071 0.1186716 0.0002248925 4.642395e-09 2.442491e-15 0 0 0 0 0 0 0 0 0 0 0 0 0 0
1.709023e-24 5.609014e-18 4.227489e-12 3.237013e-07 0.001236689 0.1536332 0.6902595 0.1536332 0.001236689 3.237013e-07 4.227507e-12 0 0 0 0 0 0 0 0 0 0 0 0 0
7.345802e-26 4.806229e-20 1.245079e-14 7.318801e-10 5.740704e-06 0.003901979 0.1824657 0.6272532 0.1824657 0.003901979 5.740704e-06 7.318801e-10 1.24345e-14 0 0 0 0 0 0 0 0 0 0 0
6.187615e-27 1.065139e-21 9.970556e-17 3.432552e-12 2.941876e-08 4.407222e-05 0.008797133 0.2047403 0.572837 0.2047403 0.008797133 4.407222e-05 2.941876e-08 3.432588e-12 1.110223e-16 0 0 0 0 0 0 0 0 0
8.424124e-28 4.769335e-23 1.784043e-18 3.323109e-14 2.307434e-10 4.526734e-07 0.0001971294 0.0159629 0.2208631 0.5259528 0.2208631 0.0159629 0.0001971294 4.526734e-07 2.307434e-10 3.319567e-14 0 0 0 0 0 0 0 0
1.633864e-28 3.63118e-24 6.040806e-20 6.097477e-16 3.001843e-12 5.808643e-09 3.616998e-06 0.000612314 0.02498612 0.2316754 0.4854451 0.2316754 0.02498612 0.000612314 3.616998e-06 5.808643e-09 3.001932e-12 5.551115e-16 0 0 0 0 0 0
4.142781e-29 4.15984e-25 3.396819e-21 1.922769e-17 6.3807e-14 1.048312e-10 7.247819e-08 1.820792e-05 0.001472749 0.03521873 0.2381565 0.4502675 0.2381565 0.03521873 0.001472749 1.820792e-05 7.247819e-08 1.048311e-10 6.383782e-14 0 0 0 0 0
1.292832e-29 6.564169e-26 2.868588e-22 9.531209e-19 2.112598e-15 2.732797e-12 1.808588e-09 5.410283e-07 6.555496e-05 0.002943273 0.04597881 0.2412447 0.4195342 0.2412447 0.04597881 0.002943273 6.555496e-05 5.410283e-07 1.808588e-09 2.732814e-12 2.109424e-15 0 0 0
4.753734e-30 1.336875e-26 3.367528e-23 6.88749e-20 1.031099e-16 1.015239e-13 5.907037e-11 1.831447e-08 2.749889e-06 0.0001839395 0.005124704 0.05667659 0.2417543 0.3925155 0.2417543 0.05667659 0.005124704 0.0001839395 2.749889e-06 1.831447e-08 5.907042e-11 1.014744e-13 1.110223e-16 0
1.994199e-30 3.346526e-27 5.176515e-24 6.819356e-21 7.038549e-18 5.219763e-15 2.547921e-12 7.510218e-10 1.231528e-07 1.042491e-05 0.0004270132 0.008034564 0.06686771 0.2403521 0.3686161 0.2403521 0.06686771 0.008034564 0.0004270132 1.042491e-05 1.231528e-07 7.510218e-10 2.547962e-12 5.218048e-15
9.314731e-31 9.919515e-28 9.944471e-25 8.795944e-22 6.413134e-19 3.590609e-16 1.436063e-13 3.817652e-11 6.290535e-09 6.016371e-07 3.147574e-05 0.0008559827 0.01161342 0.07625729 0.2375653 0.3473518 0.2375653 0.07625729 0.01161342 0.0008559827 3.147574e-05 6.016371e-07 6.290535e-09 3.832046e-11
4.754582e-31 3.382336e-28 2.301251e-25 1.418627e-22 7.491827e-20 3.196472e-17 1.037518e-14 2.411482e-12 3.781689e-10 3.779303e-08 2.282418e-06 7.942244e-05 0.001528689 0.01574635 0.08467857 0.233801 0.3283272 0.233801 0.08467857 0.01574635 0.001528689 7.942244e-05 2.282418e-06 3.817362e-08
2.613634e-31 1.296856e-28 6.229488e-26 2.766844e-23 1.084436e-20 3.57157e-18 9.398172e-16 1.877426e-13 2.706155e-11 2.678769e-09 1.737412e-07 7.069786e-06 0.0001736275 0.002489624 0.02028845 0.09206311 0.2293686 0.3112187 0.2293686 0.09206311 0.02028845 0.002489624 0.0001736275 7.246233e-06
1.529454e-31 5.490892e-29 1.926633e-26 6.349529e-24 1.889748e-21 4.873965e-19 1.043909e-16 1.77781e-14 2.304895e-12 2.179487e-10 1.442251e-08 6.423572e-07 1.857844e-05 0.0003379877 0.003763608 0.0250873 0.09841167 0.2245004 0.2957595 0.2245004 0.09841167 0.0250873 0.003763608 0.0003572232
9.43953e-32 2.530031e-29 6.678465e-27 1.676265e-24 3.869358e-22 7.931539e-20 1.392306e-17 2.016728e-15 2.321867e-13 2.047197e-11 1.333065e-09 6.191704e-08 1.985523e-06 4.266741e-05 0.0005983801 0.005353892 0.0299991 0.1037699 0.2193697 0.2817284 0.2193697 0.1037699 0.0299991 0.005996989
6.098323e-32 1.253639e-29 2.554213e-27 4.9965e-25 9.120248e-23 1.507521e-20 2.187365e-18 2.698443e-16 2.740238e-14 2.21768e-12 1.38549e-10 6.478584e-09 2.201638e-07 5.290183e-06 8.765585e-05 0.0009795723 0.007243934 0.03489846 0.1082101 0.2141043 0.268941 0.2141043 0.1082101 0.04321514
4.098549e-32 6.61506e-30 1.063883e-27 1.655515e-25 2.432047e-23 3.286948e-21 3.978624e-19 4.195626e-17 3.74786e-15 2.75695e-13 1.62391e-11 7.451929e-10 2.594556e-08 6.684341e-07 1.2449e-05 0.0001640927 0.001502357 0.00940148 0.03968277 0.1118174 0.2087976 0.2572423 0.2087976 0.1625812
2.850927e-32 3.687094e-30 4.77399e-28 6.01801e-26 7.229935e-24 8.094596e-22 8.251067e-20 7.475586e-18 5.874296e-16 3.905677e-14 2.143583e-12 9.477829e-11 3.296894e-09 8.819623e-08 1.775901e-06 2.63857e-05 0.000284091 0.002181452 0.01178357 0.0442729 0.1146814 0.2035174 0.2465018 0.3767491
2.043726e-32 2.156136e-30 2.287012e-28 2.373649e-26 2.366106e-24 2.221419e-22 1.924707e-20 1.507003e-18 1.043635e-16 6.254859e-15 3.17426e-13 1.334807e-11 4.55324e-10 1.234275e-08 2.607083e-07 4.212278e-06 5.117681e-05 0.0004603593 0.003024401 0.01434145 0.04861156 0.1168905 0.198312 0.6183041
Matrix for reader#  2
1 1.262879e-12 0 0 0 0 0 0 0 0 0 0 0 0 0 0 0 0 0 0 0 0 0 0
2.85214e-12 1 2.852163e-12 0 0 0 0 0 0 0 0 0 0 0 0 0 0 0 0 0 0 0 0 0
3.229118e-15 0.003163772 0.993551 0.00328523 3.552714e-15 0 0 0 0 0 0 0 0 0 0 0 0 0 0 0 0 0 0 0
7.248047e-16 3.573185e-07 0.04735121 0.9088867 0.04376148 2.975677e-07 5.551115e-16 0 0 0 0 0 0 0 0 0 0 0 0 0 0 0 0 0
4.209483e-16 1.836031e-09 0.0001664171 0.1198452 0.7785282 0.1013452 0.0001149098 1.060058e-09 2.220446e-16 0 0 0 0 0 0 0 0 0 0 0 0 0 0 0
3.422782e-16 7.456906e-11 1.794966e-06 0.002708229 0.1872343 0.6610731 0.1473452 0.001636559 8.429166e-07 2.83441e-11 1.110223e-16 0 0 0 0 0 0 0 0 0 0 0 0 0
3.255993e-16 9.223928e-12 6.378751e-08 7.656181e-05 0.01234235 0.237548 0.5667932 0.1764763 0.006732588 3.087036e-05 1.95879e-08 2.257305e-12 1.110223e-16 0 0 0 0 0 0 0 0 0 0 0
3.373329e-16 2.194431e-12 5.372048e-09 3.981422e-06 0.000744374 0.03090472 0.2690875 0.492342 0.191112 0.01553777 0.0002666386 1.039114e-06 1.059181e-09 3.421707e-13 0 0 0 0 0 0 0 0 0 0
3.678553e-16 7.893056e-13 8.271477e-10 3.656787e-07 5.991564e-05 0.00327851 0.05580024 0.285042 0.4329664 0.1954943 0.02627637 0.001068083 1.375278e-05 6.088707e-08 1.037687e-10 7.804868e-14 0 0 0 0 0 0 0 0
4.145433e-16 3.743665e-13 1.954921e-10 5.323355e-08 6.881326e-06 0.0003894729 0.009055298 0.08274744 0.2897929 0.3848279 0.1933994 0.03696812 0.002731027 8.057255e-05 1.00048e-06 5.615118e-09 1.553613e-11 2.342571e-14 0 0 0 0 0 0
4.77611e-16 2.154791e-13 6.311515e-11 1.112095e-08 1.099304e-06 5.726906e-05 0.001491258 0.01861702 0.1081655 0.2871353 0.3451255 0.1875303 0.04631467 0.005271245 0.0002832779 7.452766e-06 1.007003e-07 7.407724e-10 3.171352e-12 8.548717e-15 0 0 0 0
5.588307e-16 1.427088e-13 2.571452e-11 3.082265e-09 2.330629e-07 1.058823e-05 0.0002768355 0.00401723 0.03143955 0.1299503 0.279859 0.3118545 0.1796396 0.05375584 0.008451441 0.0007111012 3.286865e-05 8.633249e-07 1.34241e-08 1.295185e-10 8.16569e-13 3.552714e-15 0 0
6.611177e-16 1.049444e-13 1.251082e-11 1.067647e-09 6.258748e-08 2.425204e-06 5.998455e-05 0.0009184595 0.008484622 0.04632931 0.1472794 0.2698666 0.283572 0.1708071 0.0592275 0.01193082 0.001416211 0.0001010149 4.438367e-06 1.237601e-07 2.266301e-09 2.830747e-11 2.512435e-13 1.665335e-15
7.884355e-16 8.359797e-14 6.987662e-12 4.417682e-10 2.044703e-08 6.718286e-07 1.523032e-05 0.0002321893 0.002327741 0.01505983 0.06194032 0.1601536 0.2584061 0.259225 0.1616771 0.06292038 0.01539185 0.002393218 0.0002400874 1.583422e-05 7.020489e-07 2.14686e-08 4.65866e-10 7.487566e-12
9.458493e-16 7.087456e-14 4.353179e-12 2.109809e-10 7.860086e-09 2.195376e-07 4.490794e-06 6.584804e-05 0.0006789125 0.004840251 0.02352919 0.0771181 0.1690007 0.2462785 0.2380327 0.1526234 0.06512071 0.01860007 0.003587917 0.0004729141 4.321462e-05 2.785112e-06 1.291046e-07 4.514635e-09
1.139668e-15 6.312813e-14 2.960597e-12 1.132673e-10 3.460415e-09 8.270787e-08 1.516825e-06 2.096314e-05 0.0002147624 0.001607175 0.008674395 0.03340833 0.0910364 0.1744152 0.2339885 0.2194064 0.1438542 0.06612414 0.02141301 0.004919915 0.0008095316 9.648652e-05 8.443043e-06 5.791255e-07
1.377652e-15 5.85041e-14 2.162535e-12 6.69672e-11 1.706996e-09 3.521164e-08 5.783352e-07 7.448884e-06 7.418146e-05 0.0005639351 0.003235567 0.01387351 0.04409308 0.1031978 0.177013 0.2218483 0.2028953 0.1354785 0.06619703 0.02376444 0.006304439 0.00124522 0.000184798 2.276192e-05
1.669281e-15 5.59979e-14 1.675272e-12 4.29047e-11 9.269253e-10 1.66538e-08 2.454548e-07 2.929488e-06 2.797124e-05 0.0002112936 0.001250069 0.00574086 0.02030831 0.0549855 0.1133724 0.1773609 0.2100456 0.1881492 0.1275458 0.06556347 0.02564219 0.00766677 0.001763148 0.000363233
2.026092e-15 5.504167e-14 1.36288e-12 2.940732e-11 5.461378e-10 8.625037e-09 1.144945e-07 1.263454e-06 1.146958e-05 8.482515e-05 0.0005065453 0.002422925 0.009217516 0.02772049 0.06557203 0.1215224 0.1759489 0.1986881 0.1748922 0.1200705 0.06440488 0.02706804 0.008948963 0.002918765
2.462079e-15 5.530818e-14 1.155248e-12 2.134177e-11 3.450461e-10 4.832237e-09 5.803943e-08 5.921872e-07 5.086556e-06 3.646924e-05 0.0002165445 0.001057209 0.00421662 0.01366142 0.03578095 0.07545769 0.1277341 0.1731859 0.1878322 0.1629045 0.1130469 0.06286469 0.02808251 0.01391663
2.994184e-15 5.66117e-14 1.013916e-12 1.626257e-11 2.314954e-10 2.898832e-09 3.165965e-08 2.99092e-07 2.424915e-06 1.674735e-05 9.784277e-05 0.0004804543 0.001971403 0.006723988 0.01897668 0.0441435 0.08436983 0.132166 0.1694055 0.1775017 0.1520084 0.1064579 0.06105468 0.04462256
3.64288e-15 5.885532e-14 9.16676e-13 1.292254e-11 1.636029e-10 1.845965e-09 1.842525e-08 1.615243e-07 1.235104e-06 8.183971e-06 4.670253e-05 0.0002282111 0.0009498539 0.003351347 0.009980922 0.0249975 0.05248464 0.09214484 0.1350114 0.1648761 0.1676999 0.1420594 0.100281 0.1058785
4.432866e-15 6.200184e-14 8.501472e-13 1.06473e-11 1.20974e-10 1.23868e-09 1.135587e-08 9.262781e-08 6.681778e-07 4.237988e-06 2.350525e-05 0.0001134162 0.0004738244 0.001706445 0.005276959 0.01396269 0.03151584 0.06052765 0.09870779 0.1364743 0.1598112 0.1584175 0.1329385 0.2000453
5.393899e-15 6.605735e-14 8.059872e-13 9.053323e-12 9.306397e-11 8.70392e-10 7.364313e-09 5.605684e-08 3.818405e-07 2.315613e-06 1.244117e-05 5.894784e-05 0.0002452534 0.0008924253 0.00282981 0.007793783 0.01859035 0.03830807 0.06805352 0.1040509 0.1367543 0.1543797 0.1496376 0.3183902
Matrix for reader#  3
0.9874802 0.01251983 6.242172e-09 0 0 0 0 0 0 0 0 0 0 0 0 0 0 0 0 0 0 0 0 0
0.03613967 0.9277207 0.03613961 6.505735e-08 0 0 0 0 0 0 0 0 0 0 0 0 0 0 0 0 0 0 0 0
3.417958e-06 0.04552136 0.8370086 0.1174371 2.94892e-05 1.132516e-11 0 0 0 0 0 0 0 0 0 0 0 0 0 0 0 0 0 0
4.213135e-10 5.043253e-05 0.06254721 0.7439965 0.1928071 0.0005987507 1.663157e-08 9.214851e-15 0 0 0 0 0 0 0 0 0 0 0 0 0 0 0 0
3.165811e-13 4.688479e-08 0.000363407 0.087995 0.6714428 0.2371955 0.003002147 1.109159e-06 1.755474e-11 0 0 0 0 0 0 0 0 0 0 0 0 0 0 0
1.327621e-15 1.190955e-10 1.50063e-06 0.001662557 0.1225272 0.6165652 0.2518024 0.007426851 1.41893e-05 2.149218e-09 3.952394e-14 0 0 0 0 0 0 0 0 0 0 0 0 0
2.188079e-17 9.553595e-13 1.068353e-08 2.116092e-05 0.005553373 0.1655338 0.5712066 0.2452204 0.01239408 7.050046e-05 5.09955e-08 6.141199e-12 2.220446e-16 0 0 0 0 0 0 0 0 0 0 0
1.027085e-18 2.118144e-14 1.631656e-10 3.536855e-07 0.0001684438 0.01468172 0.214412 0.5285111 0.2257382 0.01629101 0.0001967945 4.333143e-07 2.082829e-10 2.797762e-14 0 0 0 0 0 0 0 0 0 0
1.069644e-19 1.083869e-15 5.245782e-12 9.748886e-09 5.689917e-06 0.000881865 0.03228349 0.264487 0.4841606 0.1994735 0.01832712 0.0003788515 1.882452e-06 2.555235e-09 1.129097e-12 2.220446e-16 0 0 0 0 0 0 0 0
2.052189e-20 1.086731e-16 3.244658e-13 4.607075e-10 2.646597e-07 5.328654e-05 0.003351778 0.06098731 0.3097149 0.4362542 0.1705587 0.01850714 0.0005671693 5.184365e-06 1.555297e-08 1.743183e-11 8.548717e-15 0 0 0 0 0 0 0
6.320534e-21 1.866573e-17 3.488871e-14 3.606903e-11 1.810437e-08 3.912836e-06 0.0003284368 0.009884747 0.1012413 0.3439949 0.3848498 0.1417096 0.01726603 0.0007108328 1.0359e-05 5.757293e-08 1.347246e-10 1.49214e-13 1.110223e-16 0 0 0 0 0
2.820071e-21 4.936934e-18 5.943357e-15 4.414705e-12 1.819952e-09 3.768174e-07 3.583044e-05 0.001451951 0.02369795 0.1501829 0.3626305 0.3313761 0.1146708 0.01515512 0.0007818667 1.639313e-05 1.483295e-07 6.260642e-10 1.35103e-12 1.665335e-15 0 0 0 0
1.68691e-21 1.849187e-18 1.481857e-15 7.945116e-13 2.612842e-10 4.849424e-08 4.70492e-06 0.0002231477 0.004898266 0.04778066 0.2017211 0.3634143 0.2779967 0.09049424 0.01266596 0.0007787899 2.179018e-05 2.915386e-07 1.985894e-09 7.411516e-12 1.64313e-14 0 0 0
1.275061e-21 9.18342e-19 5.063955e-16 1.986333e-13 5.157124e-11 8.265393e-09 7.659793e-07 3.869643e-05 0.001013192 0.01320346 0.08312648 0.2479962 0.3469867 0.2270165 0.06971244 0.010162 0.000717741 2.533613e-05 4.660359e-07 4.703319e-09 2.764811e-11 1.011413e-13 2.220446e-16 0
1.163214e-21 5.739933e-19 2.247513e-16 6.56291e-14 1.345584e-11 1.826406e-09 1.551978e-07 7.842303e-06 0.0002251711 0.003535505 0.02945117 0.1273201 0.2816238 0.3164318 0.1804192 0.05246438 0.007872389 0.000621405 2.652109e-05 6.342078e-07 8.872336e-09 7.630052e-11 4.259926e-13 1.665335e-15
1.235555e-21 4.331829e-19 1.239733e-16 2.745956e-14 4.473607e-12 5.099447e-10 3.876841e-08 1.879681e-06 5.581513e-05 0.0009798653 0.00987683 0.05587095 0.1744824 0.2977473 0.2763447 0.1395858 0.038603 0.005914088 0.0005110202 2.552009e-05 7.596103e-07 1.397883e-08 1.658084e-10 1.334377e-12
1.485095e-21 3.817984e-19 8.19817e-17 1.403331e-14 1.833705e-12 1.75254e-10 1.175568e-08 5.322772e-07 1.569507e-05 0.0002919025 0.003331523 0.02281502 0.09214348 0.2168188 0.2951051 0.2317357 0.1052001 0.02779303 0.004322803 0.0004024751 2.292683e-05 8.208162e-07 1.905926e-08 3.006468e-10
1.974289e-21 3.825513e-19 6.309675e-17 8.497482e-15 9.002621e-13 7.23207e-11 4.250604e-09 1.766651e-07 5.030325e-06 9.534431e-05 0.001172897 0.009166142 0.04472651 0.1344998 0.2470584 0.2758708 0.1870954 0.07730405 0.01959714 0.003082477 0.0003055076 1.945719e-05 8.153349e-07 2.35644e-08
2.849714e-21 4.262761e-19 5.515437e-17 5.942592e-15 5.162898e-13 3.503342e-11 1.799849e-09 6.795273e-08 1.833248e-06 3.444175e-05 0.0004403224 0.003754655 0.02099949 0.0760173 0.1763711 0.2606208 0.2445658 0.1458117 0.05544639 0.01354574 0.002149117 0.0002246174 1.574117e-05 7.813627e-07
4.39918e-21 5.187926e-19 5.365675e-17 4.697438e-15 3.384755e-13 1.952298e-11 8.77209e-10 2.990998e-08 7.549242e-07 1.378313e-05 0.0001782575 0.001603053 0.009866073 0.04101627 0.1140164 0.2103966 0.2566288 0.2066164 0.10997 0.03886464 0.009187567 0.001467857 0.0001605977 1.291366e-05
7.173524e-21 6.793742e-19 5.712026e-17 4.121421e-15 2.490075e-13 1.229407e-11 4.842978e-10 1.487364e-08 3.483689e-07 6.095554e-06 7.818114e-05 0.0007226154 0.004741992 0.02181706 0.06966205 0.1531863 0.2307879 0.2375789 0.1670791 0.08045596 0.02665661 0.006121225 0.0009838144 0.0001217768
1.222982e-20 9.454421e-19 6.560171e-17 3.952252e-15 2.023142e-13 8.612398e-12 2.985151e-10 8.253792e-09 1.785117e-07 2.964648e-06 3.71644e-05 0.0003462275 0.002364114 0.0116913 0.04146039 0.10461 0.186724 0.2349447 0.2080927 0.1298367 0.0572331 0.01791434 0.004010335 0.0007316666
2.161304e-20 1.383722e-18 8.031701e-17 4.088566e-15 1.79068e-13 6.620298e-12 2.027746e-10 5.052561e-09 1.00639e-07 1.576048e-06 1.910687e-05 0.0001767878 0.001232556 0.006402991 0.02454937 0.06892883 0.1408875 0.2087676 0.2237634 0.1734109 0.09731124 0.03967309 0.01181208 0.003062856
3.931007e-20 2.111275e-18 1.037704e-16 4.512122e-15 1.706328e-13 5.517701e-12 1.500444e-10 3.375846e-09 6.186393e-08 9.097069e-07 1.058489e-05 9.619734e-05 0.0006748698 0.003616712 0.01467278 0.04472267 0.1017985 0.1722745 0.2161384 0.2007899 0.138173 0.07057544 0.02685409 0.009601352
Matrix for reader#  4
1 6.317169e-12 0 0 0 0 0 0 0 0 0 0 0 0 0 0 0 0 0 0 0 0 0 0
5.801681e-12 1 5.801692e-12 0 0 0 0 0 0 0 0 0 0 0 0 0 0 0 0 0 0 0 0 0
1.614776e-20 0.0006560548 0.9990561 0.0002878482 0 0 0 0 0 0 0 0 0 0 0 0 0 0 0 0 0 0 0 0
3.317204e-23 3.290712e-10 0.02438944 0.9678167 0.007793855 2.304135e-11 0 0 0 0 0 0 0 0 0 0 0 0 0 0 0 0 0 0
2.290941e-24 3.617445e-14 3.27839e-06 0.0958795 0.8794389 0.02467815 1.421693e-07 4.440892e-16 0 0 0 0 0 0 0 0 0 0 0 0 0 0 0 0
6.375649e-25 1.292585e-16 1.717315e-09 0.0002850762 0.1921949 0.7663319 0.0411789 9.144418e-06 1.080525e-11 0 0 0 0 0 0 0 0 0 0 0 0 0 0 0
3.529523e-25 3.378386e-18 6.265181e-12 8.387244e-07 0.003483751 0.2890646 0.654742 0.05261915 8.958744e-05 3.522446e-09 6.328271e-15 0 0 0 0 0 0 0 0 0 0 0 0 0
2.877061e-25 2.937089e-19 1.012986e-13 6.317361e-09 3.984733e-05 0.0163506 0.3702304 0.5544009 0.05862666 0.0003514098 1.254326e-07 3.868461e-12 0 0 0 0 0 0 0 0 0 0 0 0
2.973457e-25 5.520803e-20 4.752058e-15 1.248618e-10 6.685455e-07 0.0005154418 0.04525387 0.4258605 0.4673071 0.06022607 0.0008350495 1.301379e-06 2.845305e-10 1.221245e-14 0 0 0 0 0 0 0 0 0 0
3.587038e-25 1.746049e-20 4.787479e-16 5.520694e-12 2.005968e-08 1.765131e-05 0.003046022 0.09067861 0.4533423 0.3927558 0.05868341 0.001469731 6.440926e-06 5.70325e-09 1.273537e-12 1.110223e-16 0 0 0 0 0 0 0 0
4.807412e-25 7.959945e-21 8.433484e-17 4.625049e-13 1.062004e-09 8.359799e-07 0.0001896757 0.01088288 0.1466238 0.4557271 0.3293015 0.05512111 0.002133128 1.988428e-05 4.937698e-08 3.801948e-11 1.099121e-14 0 0 0 0 0 0 0
6.937175e-25 4.732213e-21 2.254856e-17 6.403513e-14 9.237337e-11 5.803551e-08 1.381291e-05 0.001109054 0.02762785 0.2038315 0.4388097 0.275435 0.05041183 0.00271618 4.473833e-05 2.427603e-07 4.838618e-10 4.053424e-13 1.110223e-16 0 0 0 0 0
1.055632e-24 3.429075e-21 8.284919e-18 1.317862e-14 1.220147e-11 5.830632e-09 1.285646e-06 0.0001185564 0.00422433 0.05500794 0.2536234 0.4088194 0.2297884 0.04518308 0.00315213 8.070081e-05 8.035089e-07 3.374303e-09 6.604273e-12 6.77236e-15 0 0 0 0
1.66981e-24 2.889133e-21 3.895319e-18 3.718052e-15 2.28039e-12 8.169684e-10 1.561614e-07 1.466941e-05 0.0006312357 0.01177286 0.09155795 0.2902416 0.3712025 0.1911754 0.03986052 0.003417061 0.0001240761 1.998922e-06 1.520999e-08 5.898992e-11 1.271205e-13 2.220446e-16 0 0
2.717751e-24 2.736033e-21 2.224207e-18 1.351658e-15 5.682399e-13 1.530465e-10 2.452826e-08 2.184133e-06 0.0001016727 0.002350998 0.0259531 0.1330323 0.3113691 0.3302016 0.15858 0.03471733 0.003518136 0.0001693785 4.023929e-06 4.956546e-08 3.359889e-10 1.341038e-12 3.441691e-15 0
4.517523e-24 2.840556e-21 1.483219e-18 6.036718e-16 1.798217e-13 3.682303e-11 4.877745e-09 3.946582e-07 1.851025e-05 0.0004807915 0.006659583 0.04777893 0.1739635 0.3174883 0.2888622 0.1311323 0.02991705 0.003480194 0.0002111732 6.897748e-06 1.262381e-07 1.357583e-09 9.053425e-12 3.985701e-14
7.62641e-24 3.172956e-21 1.121268e-18 3.191419e-16 6.946561e-14 1.097982e-11 1.198107e-09 8.600195e-08 3.883066e-06 0.0001059316 0.001686575 0.01523309 0.07637061 0.2093248 0.3108381 0.2492137 0.108085 0.02554701 0.003335175 0.0002453184 1.043983e-05 2.656539e-07 4.201689e-09 4.345102e-11
1.302054e-23 3.758896e-21 9.390559e-19 1.939624e-16 3.172315e-14 3.934622e-12 3.547024e-10 2.231068e-08 9.422239e-07 2.579286e-05 0.0004436009 0.004667381 0.02940072 0.1090706 0.2356116 0.2944491 0.2124941 0.08879361 0.02164301 0.003115238 0.0002694409 1.43231e-05 4.810207e-07 1.06955e-08
2.240805e-23 4.670172e-21 8.556746e-19 1.324038e-16 1.668433e-14 1.650852e-12 1.237351e-10 6.78484e-09 2.63315e-07 7.013658e-06 0.0001246967 0.001444094 0.01067094 0.04948375 0.1422162 0.2511899 0.2714448 0.1793596 0.07270095 0.01820708 0.00284899 0.0002828416 1.816427e-05 7.951594e-07
3.87731e-23 6.031778e-21 8.362334e-19 9.963541e-17 9.891746e-15 7.93301e-13 4.984142e-11 2.380986e-09 8.404488e-08 2.133909e-06 3.802005e-05 0.0004649398 0.003827891 0.02087835 0.07447797 0.1721179 0.256097 0.2446247 0.1500578 0.05932462 0.01521991 0.002559874 0.0002861085 2.27769e-05
6.731683e-23 8.041399e-21 8.664362e-19 8.140844e-17 6.495538e-15 4.285678e-13 2.277356e-11 9.498377e-10 3.033065e-08 7.242609e-07 1.265221e-05 0.0001584971 0.001398791 0.008564884 0.03592718 0.1022192 0.1958486 0.2515677 0.2162695 0.1245629 0.04824716 0.01264963 0.002265882 0.0003066252
1.170777e-22 1.100308e-20 9.428967e-19 7.13301e-17 4.655771e-15 2.562324e-13 1.162212e-11 4.248329e-10 1.22465e-08 2.726929e-07 4.599963e-06 5.77377e-05 0.0005305787 0.003519052 0.01664157 0.05555448 0.1299117 0.2116562 0.2395089 0.1880961 0.1026764 0.03910797 0.01045776 0.002276634
2.037081e-22 1.538052e-20 1.069476e-18 6.633913e-17 3.598421e-15 1.673045e-13 6.536089e-12 2.104001e-10 5.475587e-09 1.131204e-07 1.823348e-06 2.256424e-05 0.0002112486 0.001476572 0.007617229 0.02872044 0.07852668 0.1547707 0.2190105 0.2220528 0.1612976 0.08410041 0.03159641 0.01059494
3.54208e-22 2.187952e-20 1.256306e-18 6.493129e-17 2.968495e-15 1.179596e-13 4.003815e-12 1.141028e-10 2.68486e-09 5.132529e-08 7.849466e-07 9.466025e-06 8.881929e-05 0.0006405997 0.00351335 0.01451642 0.04483495 0.1028729 0.1745547 0.2183976 0.2012409 0.1366254 0.06848829 0.03421585
Matrix for reader#  5
0.9960312 0.003968808 9.430012e-12 0 0 0 0 0 0 0 0 0 0 0 0 0 0 0 0 0 0 0 0 0
0.01581126 0.9683775 0.01581126 1.980394e-10 0 0 0 0 0 0 0 0 0 0 0 0 0 0 0 0 0 0 0 0
4.585395e-07 0.02923886 0.8583675 0.1123831 1.012069e-05 5.543344e-13 0 0 0 0 0 0 0 0 0 0 0 0 0 0 0 0 0 0
9.496709e-11 2.024911e-05 0.04229024 0.7175662 0.2392054 0.000917837 2.724227e-08 1.387779e-14 0 0 0 0 0 0 0 0 0 0 0 0 0 0 0 0
2.018329e-13 2.396326e-08 0.0001833283 0.05477673 0.5994999 0.3370107 0.008521684 7.564206e-06 3.081012e-10 1.110223e-15 0 0 0 0 0 0 0 0 0 0 0 0 0 0
2.265261e-15 1.020882e-10 8.126604e-07 0.0007681766 0.06662552 0.5109836 0.3921185 0.02931206 0.0001912184 1.194962e-07 9.636292e-12 1.110223e-16 0 0 0 0 0 0 0 0 0 0 0 0
7.963671e-17 1.36119e-12 7.263932e-09 9.074391e-06 0.002099181 0.07770196 0.4456696 0.4119417 0.06116791 0.001405356 5.209606e-06 3.638761e-09 6.090684e-13 0 0 0 0 0 0 0 0 0 0 0
6.213538e-18 4.437455e-14 1.393444e-10 1.561756e-07 5.189461e-05 0.004416462 0.08788732 0.3968054 0.4092005 0.09642001 0.005153815 6.425855e-05 2.041748e-07 1.909907e-10 6.328271e-14 0 0 0 0 0 0 0 0 0
8.591109e-19 2.866237e-15 5.226291e-12 4.465703e-09 1.549647e-06 0.0001928903 0.007821203 0.09712183 0.3594191 0.394366 0.1282923 0.01241598 0.0003657079 3.467851e-06 1.160009e-08 1.543998e-11 9.436896e-15 0 0 0 0 0 0 0
1.81136e-19 3.128417e-16 3.413002e-13 2.094437e-10 6.472281e-08 9.105137e-06 0.0005350136 0.01228373 0.1054013 0.3301213 0.3741528 0.1533394 0.02286531 0.001264612 2.69748e-05 2.359584e-07 9.184873e-10 1.754263e-12 1.887379e-15 0 0 0 0 0
5.253409e-20 5.130428e-17 3.498801e-14 1.523547e-11 3.885207e-09 5.349437e-07 3.696958e-05 0.001205608 0.01768014 0.1127584 0.3066249 0.3523409 0.1708936 0.03520374 0.003129457 0.000123564 2.263212e-06 2.036931e-08 9.658307e-11 2.611245e-13 4.440892e-16 0 0 0
1.948925e-20 1.159045e-17 5.17266e-15 1.613951e-12 3.287796e-10 4.09515e-08 2.934801e-06 0.0001146421 0.002332104 0.02383326 0.1192446 0.2873682 0.330868 0.1817807 0.0479137 0.006138153 0.0003907189 1.276062e-05 2.230086e-07 2.194749e-09 1.289591e-11 4.82947e-14 1.110223e-16 0
8.775055e-21 3.380789e-18 1.030943e-15 2.349391e-13 3.787333e-11 4.094523e-09 2.822528e-07 1.184435e-05 0.000290419 0.004019367 0.03054616 0.1249184 0.2712654 0.3106267 0.1873461 0.05977971 0.0101986 0.000946448 4.895964e-05 1.457188e-06 2.592992e-08 2.883358e-10 2.103984e-12 1.065814e-14
4.612516e-21 1.212297e-18 2.626395e-16 4.470725e-14 5.718522e-12 5.261043e-10 3.338012e-08 1.404156e-06 3.7779e-05 0.0006298563 0.006335198 0.03762486 0.1298384 0.2575459 0.2919505 0.188935 0.07005693 0.0150117 0.001884489 0.0001412613 6.479393e-06 1.873087e-07 3.531085e-09 4.549794e-11
2.748781e-21 5.146708e-19 8.199819e-17 1.06671e-14 1.092241e-12 8.489499e-11 4.835707e-09 1.95213e-07 5.413618e-06 0.0001002564 0.001209418 0.009305184 0.04489138 0.1340595 0.2456519 0.2748891 0.1876843 0.0784208 0.02019202 0.003239288 0.0003287131 2.151026e-05 9.289851e-07 2.776289e-08
1.815912e-21 2.512274e-19 3.034031e-17 3.083105e-15 2.556944e-13 1.679057e-11 8.475257e-10 3.195923e-08 8.763656e-07 1.704418e-05 0.0002298611 0.002107365 0.01291486 0.05218998 0.1376316 0.2351725 0.2593577 0.1844791 0.0848409 0.02537121 0.00497777 0.0006486129 5.700245e-05 3.592358e-06
1.306743e-21 1.37786e-19 1.295227e-17 1.049206e-15 7.138744e-14 3.976855e-12 1.768894e-10 6.130751e-09 1.617506e-07 3.178157e-06 4.557445e-05 0.0004683467 0.003394407 0.01711628 0.05938881 0.1405994 0.2258001 0.2452153 0.1799759 0.08945887 0.03025626 0.007014148 0.001125712 0.000137407
1.010203e-21 8.335997e-20 6.242478e-18 4.106506e-16 2.322057e-14 1.104415e-12 4.32447e-11 1.365115e-09 3.40455e-08 6.580417e-07 9.681341e-06 0.0001066413 0.0008664893 0.005126076 0.02183634 0.06637915 0.1430032 0.2173011 0.2323059 0.1746475 0.09249775 0.03464741 0.009234694 0.002037515
8.297194e-22 5.481334e-20 3.337119e-18 1.812915e-16 8.626686e-15 3.529376e-13 1.218792e-11 3.488775e-10 8.133726e-09 1.518626e-07 2.234706e-06 2.553478e-05 0.000223492 0.001480103 0.007337774 0.02698521 0.07307334 0.1448787 0.2094958 0.220477 0.1688273 0.09420425 0.03843124 0.01455795
7.175539e-22 3.870338e-20 1.950197e-18 8.882667e-17 3.599177e-15 1.276715e-13 3.901997e-12 1.011465e-10 2.189856e-09 3.901549e-08 5.639771e-07 6.526602e-06 5.972051e-05 0.0004272137 0.002365047 0.01004265 0.03246379 0.07940227 0.1462584 0.202245 0.2095891 0.1627469 0.0948164 0.05957626
6.486121e-22 2.905604e-20 1.23098e-18 4.76522e-17 1.662318e-15 5.153447e-14 1.400246e-12 3.289048e-11 6.589418e-10 1.111356e-08 1.5582e-07 1.794567e-06 1.678721e-05 0.0001262281 0.0007557332 0.00357215 0.01323188 0.03816978 0.08531286 0.1471722 0.1954399 0.1995188 0.1565648 0.1601169
6.090948e-22 2.300261e-20 8.308625e-19 2.767201e-17 8.395746e-16 2.292464e-14 5.565371e-13 1.186865e-11 2.19723e-10 3.490522e-09 4.705272e-08 5.324768e-07 5.007529e-06 3.87631e-05 0.0002448307 0.001251677 0.005142798 0.0168767 0.04400242 0.09076567 0.1476475 0.1889948 0.1901587 0.3148706
5.912304e-22 1.907157e-20 5.94635e-19 1.722748e-17 4.588695e-16 1.111763e-14 2.424091e-13 4.706372e-12 8.051406e-11 1.201283e-09 1.547648e-08 1.705196e-07 1.592077e-06 1.248742e-05 8.161705e-05 0.0004412109 0.001959417 0.007105657 0.02093159 0.04986586 0.09573284 0.1477102 0.1828423 0.493315
5.906848e-22 1.646466e-20 4.480413e-19 1.140398e-17 2.689665e-16 5.822973e-15 1.146284e-13 2.032617e-12 3.216569e-11 4.501246e-10 5.520775e-09 5.88358e-08 5.403232e-07 4.242343e-06 2.826616e-05 0.0001587182 0.0007463099 0.002921732 0.009474734 0.02533792 0.05567147 0.1001963 0.1473851 0.6580746
Matrix for reader#  6
0.9998492 0.0001508452 0 0 0 0 0 0 0 0 0 0 0 0 0 0 0 0 0 0 0 0 0 0
3.058893e-05 0.9999388 3.058893e-05 0 0 0 0 0 0 0 0 0 0 0 0 0 0 0 0 0 0 0 0 0
1.4501e-13 0.009142607 0.9889288 0.001928625 4.218847e-15 0 0 0 0 0 0 0 0 0 0 0 0 0 0 0 0 0 0 0
1.118812e-18 4.836242e-08 0.06051065 0.93002 0.009469322 6.344868e-10 0 0 0 0 0 0 0 0 0 0 0 0 0 0 0 0 0 0
6.818862e-22 1.510908e-12 1.919738e-05 0.1423244 0.8363697 0.02128645 2.448453e-07 2.88658e-15 0 0 0 0 0 0 0 0 0 0 0 0 0 0 0 0
4.600723e-24 6.039065e-16 4.835225e-09 0.0004898991 0.2258702 0.7391903 0.03444215 7.459892e-06 1.005696e-11 0 0 0 0 0 0 0 0 0 0 0 0 0 0 0
1.286862e-25 1.644572e-18 4.074136e-12 6.975108e-07 0.003400557 0.2970055 0.6523752 0.04715352 6.4523e-05 1.867379e-09 2.331468e-15 0 0 0 0 0 0 0 0 0 0 0 0 0
8.866835e-27 1.732359e-20 1.215823e-14 1.534051e-09 1.803768e-05 0.01182617 0.3505261 0.5787599 0.05859197 0.0002778307 6.496272e-08 1.144973e-12 0 0 0 0 0 0 0 0 0 0 0 0
1.118399e-27 4.76891e-22 1.040093e-16 7.177905e-12 9.712414e-08 0.0001683305 0.02754489 0.3858175 0.5172625 0.06841957 0.0007862522 8.128151e-07 9.807255e-11 2.109424e-15 0 0 0 0 0 0 0 0 0 0
2.156004e-28 2.637155e-23 2.044334e-18 7.12027e-14 7.833408e-10 1.949774e-06 0.00082891 0.04994819 0.4050779 0.4658848 0.0765536 0.001699349 5.259448e-06 2.687373e-09 2.969847e-13 0 0 0 0 0 0 0 0 0
5.658939e-29 2.450325e-24 7.705695e-20 1.365706e-15 1.047658e-11 2.684363e-08 1.815166e-05 0.002680001 0.07671888 0.4117461 0.4226964 0.08305823 0.003060332 2.181053e-05 3.377006e-08 1.370437e-11 1.887379e-15 0 0 0 0 0 0 0
1.871926e-29 3.379396e-25 4.848019e-21 4.562415e-17 2.3026e-13 5.090553e-10 4.068443e-07 9.929543e-05 0.006492528 0.1050135 0.4093182 0.3860844 0.08808048 0.004844844 6.621538e-05 2.446454e-07 2.795537e-10 1.172396e-13 0 0 0 0 0 0
7.396827e-30 6.334249e-26 4.583189e-22 2.416048e-18 7.934043e-15 1.383676e-11 1.09678e-08 3.422358e-06 0.0003717799 0.01281182 0.1323426 0.4007572 0.3547659 0.09180564 0.006980058 0.0001603975 1.18771e-06 3.130736e-09 3.337997e-12 1.665335e-15 0 0 0 0
3.360354e-30 1.51334e-26 6.011618e-23 1.874241e-19 4.052256e-16 5.3494e-13 3.799287e-10 1.286858e-07 1.864307e-05 0.001054566 0.02175837 0.1569664 0.3883362 0.3277372 0.09442734 0.00936841 0.0003284428 4.279442e-06 2.23556e-08 5.161149e-11 5.895284e-14 0 0 0
1.706572e-30 4.394083e-27 1.029274e-23 1.997188e-20 2.906879e-17 2.863503e-14 1.721426e-11 5.710231e-09 9.512744e-07 7.321047e-05 0.002429445 0.03302245 0.1779233 0.3736948 0.3042147 0.09612966 0.0119074 0.0005917274 1.228782e-05 1.131389e-07 4.982196e-10 1.146527e-12 1.554312e-15 0
9.487131e-31 1.495621e-27 2.194201e-24 2.775297e-21 2.791742e-18 2.053514e-15 1.014216e-12 3.091487e-10 5.365107e-08 4.921818e-06 0.000223661 0.004773851 0.04599449 0.1948767 0.3579665 0.2835839 0.09707798 0.01450272 0.0009650973 2.958422e-05 4.379938e-07 3.325454e-09 1.389311e-11 3.463896e-14
5.681213e-31 5.804041e-28 5.612696e-25 4.822342e-22 3.444678e-19 1.90866e-16 7.642027e-14 2.059823e-11 3.488657e-09 3.478917e-07 1.925345e-05 0.0005618073 0.008289495 0.05993592 0.2079149 0.3419091 0.2653599 0.0974157 0.01707519 0.001454999 6.198454e-05 1.371953e-06 1.655856e-08 1.158382e-10
3.619302e-31 2.512822e-28 1.673019e-25 1.012691e-22 5.273429e-20 2.229657e-17 7.212949e-15 1.681638e-12 2.663746e-10 2.708879e-08 1.677511e-06 6.031833e-05 0.00120875 0.01305656 0.07412336 0.2173738 0.3260126 0.2491563 0.09726417 0.01956302 0.00205949 0.0001161928 3.626495e-06 6.585034e-08
2.42892e-31 1.192995e-28 5.676537e-26 2.499827e-23 9.726405e-21 3.184777e-18 8.346448e-16 1.663942e-13 2.398971e-11 2.381061e-09 1.552504e-07 6.368024e-06 0.000158079 0.002297322 0.01902415 0.0879398 0.2237065 0.3105817 0.2346629 0.09672448 0.02192133 0.002769554 0.000199014 8.567361e-06
1.703697e-31 6.125792e-29 2.151218e-26 7.090283e-24 2.108634e-21 5.429551e-19 1.159877e-16 1.968189e-14 2.539889e-12 2.388055e-10 1.569654e-08 6.936985e-07 1.988899e-05 0.0003583612 0.003948984 0.02603051 0.100915 0.2273975 0.2957955 0.2216282 0.09587992 0.02412 0.003571046 0.0003343331
1.241084e-31 3.364076e-29 8.965558e-27 2.267588e-24 5.262704e-22 1.081869e-19 1.899216e-17 2.742654e-15 3.137666e-13 2.739394e-11 1.759912e-09 8.03486e-08 2.523179e-06 5.290203e-05 0.0007212821 0.00625283 0.03383935 0.1127295 0.2289126 0.2817487 0.2098466 0.09479852 0.02614111 0.004953947
9.340786e-32 1.957767e-29 4.05714e-27 8.050307e-25 1.485763e-22 2.474118e-20 3.60181e-18 4.438187e-16 4.479832e-14 3.585094e-12 2.202758e-10 1.007295e-08 3.328432e-07 7.731781e-06 0.0001231503 0.001315651 0.009252156 0.04217893 0.1231975 0.2286729 0.268481 0.1991487 0.0935356 0.03408639
7.232318e-32 1.198257e-29 1.972457e-27 3.131235e-25 4.674749e-23 6.392648e-21 7.790928e-19 8.227474e-17 7.31655e-15 5.324283e-13 3.08179e-11 1.380051e-09 4.6555e-08 1.153686e-06 2.051828e-05 0.0002564322 0.002210686 0.01294046 0.05077563 0.1322405 0.2270446 0.2559964 0.1893936 0.1291199
5.740286e-32 7.66446e-30 1.021138e-27 1.319703e-25 1.618571e-23 1.841023e-21 1.896165e-19 1.725439e-17 1.352855e-15 8.911923e-14 4.810013e-12 2.075109e-10 6.986177e-09 1.793853e-07 3.43816e-06 4.822039e-05 0.000486097 0.003467161 0.01726561 0.05937801 0.1398604 0.2243376 0.2442768 0.3108765
Matrix for reader#  7
1 0 0 0 0 0 0 0 0 0 0 0 0 0 0 0 0 0 0 0 0 0 0 0
2.753624e-89 1 0 0 0 0 0 0 0 0 0 0 0 0 0 0 0 0 0 0 0 0 0 0
1.016662e-28 3.050404e-05 0.9999591 1.043581e-05 0 0 0 0 0 0 0 0 0 0 0 0 0 0 0 0 0 0 0 0
8.746454e-22 1.27612e-09 0.02692386 0.9613641 0.01171208 1.825565e-10 0 0 0 0 0 0 0 0 0 0 0 0 0 0 0 0 0 0
1.862844e-19 2.651961e-11 3.896351e-05 0.1167691 0.8300121 0.05317321 6.560154e-06 1.968758e-12 0 0 0 0 0 0 0 0 0 0 0 0 0 0 0 0
2.981664e-18 3.909636e-12 4.398822e-07 0.001927957 0.2099288 0.692587 0.09520104 0.0003547745 3.489527e-08 1.584288e-13 0 0 0 0 0 0 0 0 0 0 0 0 0 0
1.725258e-17 1.334701e-12 2.239172e-08 5.312264e-05 0.0128957 0.278723 0.580873 0.1249736 0.002477104 4.470872e-06 9.095735e-10 3.008704e-14 0 0 0 0 0 0 0 0 0 0 0 0
6.03337e-17 7.028839e-13 2.884091e-09 3.230789e-06 0.0007980529 0.03756267 0.3183646 0.493912 0.1419209 0.007368479 6.995773e-05 1.343416e-07 6.25785e-11 8.992806e-15 0 0 0 0 0 0 0 0 0 0
1.58475e-16 4.761123e-13 6.69848e-10 3.747869e-07 7.219574e-05 0.004270486 0.07196248 0.3342027 0.4258342 0.1489625 0.0143071 0.0003848515 3.075288e-06 8.072328e-09 7.960743e-12 3.441691e-15 0 0 0 0 0 0 0 0
3.481656e-16 3.778553e-13 2.302853e-10 7.051512e-08 9.808019e-06 0.0005686543 0.01286003 0.108536 0.3339977 0.3716002 0.1493829 0.02183624 0.001183548 2.474506e-05 2.123044e-07 8.114986e-10 1.524336e-12 1.554312e-15 0 0 0 0 0 0
6.788956e-16 3.332589e-13 1.039218e-10 1.90064e-08 1.895389e-06 9.660362e-05 0.002383898 0.02731959 0.1412788 0.3241621 0.3275617 0.1457577 0.02876894 0.002560863 0.0001057681 2.112484e-06 2.153131e-08 1.194511e-10 3.879119e-13 7.771561e-16 0 0 0 0
1.21726e-15 3.163113e-13 5.702211e-11 6.713202e-09 4.888832e-07 2.096013e-05 0.0005066647 0.006661994 0.04634006 0.1671893 0.3090765 0.2911597 0.1398404 0.03447105 0.004420223 0.0003011496 1.122498e-05 2.375902e-07 2.985417e-09 2.342104e-11 1.212364e-13 4.440892e-16 0 0
2.052408e-15 3.164819e-13 3.615677e-11 2.91554e-09 1.592024e-07 5.665003e-06 0.0001269008 0.00173673 0.01416535 0.0675355 0.185606 0.2914865 0.2605915 0.1327471 0.03875245 0.006553248 0.000652355 3.906099e-05 1.445175e-06 3.410777e-08 5.324212e-10 5.719647e-12 4.418688e-14 2.220446e-16
3.303036e-15 3.292009e-13 2.558305e-11 1.486914e-09 6.258032e-08 1.850285e-06 3.737739e-05 0.0005032379 0.004420126 0.02488277 0.08854011 0.1971566 0.2730335 0.234568 0.1251627 0.0416812 0.008737886 0.00116758 0.0001010816 5.784785e-06 2.240719e-07 6.033929e-09 1.163388e-10 1.675882e-12
5.126226e-15 3.525885e-13 1.970433e-11 8.609042e-10 2.866234e-08 7.097035e-07 1.277717e-05 0.0001638521 0.001469632 0.009076033 0.03809703 0.1075963 0.2029838 0.2546652 0.2121493 0.1174966 0.04344108 0.0107966 0.001821575 0.0002112871 1.710992e-05 9.848673e-07 4.112356e-08 1.304385e-09
7.728591e-15 3.861719e-13 1.622501e-11 5.517755e-10 1.487744e-08 3.118216e-07 4.986986e-06 5.982535e-05 0.0005300541 0.003421423 0.0159024 0.05271154 0.1236756 0.2043113 0.2369069 0.1926381 0.1099872 0.04424745 0.01261375 0.00256813 0.0003771733 4.044302e-05 3.210681e-06 2.007959e-07
1.138026e-14 4.303401e-13 1.409284e-11 3.840448e-10 8.562706e-09 1.536851e-07 2.186568e-06 2.430917e-05 0.0002084166 0.00136177 0.006710651 0.02472082 0.0675843 0.1363587 0.2022458 0.2200312 0.175507 0.1027673 0.04430548 0.01412975 0.003354661 0.0005976895 8.068209e-05 9.05762e-06
1.643238e-14 4.861032e-13 1.278167e-11 2.860167e-10 5.370956e-09 8.350283e-08 1.061082e-06 1.088761e-05 8.920121e-05 0.0005775738 0.00292856 0.01153518 0.03505603 0.08174612 0.1456484 0.19771 0.2041614 0.1603509 0.09590584 0.04379325 0.01532689 0.004132905 0.0008642481 0.0001614787
2.333889e-14 5.549956e-13 1.201016e-11 2.253034e-10 3.621179e-09 4.930223e-08 5.624669e-07 5.321931e-06 4.136166e-05 0.0002617097 0.001337291 0.005478855 0.01788518 0.04627491 0.09449331 0.1517995 0.1914388 0.1893335 0.1468536 0.08943275 0.04285777 0.01621492 0.004864509 0.001426123
3.268366e-14 6.390537e-13 1.16203e-11 1.860076e-10 2.595192e-09 3.125755e-08 3.220103e-07 2.812466e-06 2.065385e-05 0.000126547 0.000642323 0.00268359 0.009176279 0.02555439 0.05771959 0.1053928 0.1551925 0.1840013 0.1755342 0.1347648 0.08335474 0.04161679 0.01681941 0.007396907
4.521397e-14 7.408368e-13 1.152075e-11 1.59768e-10 1.95919e-09 2.107026e-08 1.971627e-07 1.593109e-06 1.10359e-05 6.510004e-05 0.0003249736 0.00136497 0.004799203 0.01406092 0.03419484 0.06880204 0.1142416 0.1562505 0.1758298 0.162723 0.1238838 0.07766493 0.04016285 0.02561846
6.188191e-14 8.634784e-13 1.165848e-11 1.41925e-10 1.546484e-09 1.497706e-08 1.280348e-07 9.598287e-07 6.270523e-06 3.548878e-05 0.0001730444 0.0007232505 0.002579102 0.007814313 0.02004338 0.04338655 0.07905498 0.1210109 0.15539 0.1672482 0.1508456 0.1140479 0.07234874 0.06529125
8.389524e-14 1.010762e-12 1.200397e-11 1.297544e-10 1.268553e-09 1.114856e-08 8.755238e-08 6.108959e-07 3.766485e-06 2.041351e-05 9.678086e-05 0.0003995554 0.001430424 0.00442391 0.0117797 0.02692578 0.05270137 0.08814741 0.1257913 0.1529936 0.1584959 0.139842 0.1051232 0.1318241
1.127797e-13 1.187216e-12 1.254298e-11 1.215996e-10 1.075831e-09 8.639962e-09 6.265798e-08 4.082785e-07 2.378809e-06 1.233651e-05 5.669848e-05 0.0002300026 0.0008204306 0.002564491 0.007002601 0.01665778 0.03443775 0.06174994 0.09587735 0.1287477 0.1493992 0.1497481 0.1296511 0.2230418

Variable estimate SD
BiasPar 0.00791089629004234 0.00561234981242004
BiasPar 21.2953677871237 0.856298457128915
BiasPar 0.0332379349483652 0.00582502630347323
BiasPar 18.2549512731913 0.646893042255221
BiasPar 0.0167371560121042 0.00506793857167665
BiasPar 19.2326222544898 0.651742860236934
BiasPar 0.00833855687858762 0.00507147647937314
BiasPar 23.3959882405197 0.842721447641488
BiasPar 0.000722581471722489 0.00464068491144213
BiasPar 21.719396913435 0.735268263407414
BiasPar 0.0101338832223924 0.00583776780694466
BiasPar 20.5159245382832 0.844259777206232
SDPar 0.147984813651628 0.0418479193107261
SDPar 1.6608396268856 0.148002340814275
SDPar 0.0696358116722107 0.0433243385924409
SDPar 2.55060383737527 0.166209773656289
SDPar 0.277436099511031 0.0602961858241112
SDPar 1.80459132959325 0.169513094375467
SDPar 0.070771717305704 0.0386779227641409
SDPar 1.78816838331144 0.136022177904983
SDPar 0.23175186689913 0.0627855988347845
SDPar 2.19998408726542 0.198504025000733
SDPar 0.12305525408734 0.0474662170184962
SDPar 1.58187319788469 0.156847561786316
SDPar 0.001 0.05471281020534
SDPar 2.60264778639858 0.177834642301328
Slope -2.84568276469566 3.45514172466735
Slope -0.311644998766032 5.5278184112528
Probs -3.76732915849268 1.0337352731121
Probs 0.247806560978716 0.211662791104943
Probs 0.49655685894074 0.201513270822558
Probs 0.434706039227469 0.205984827715773
Probs 0.424191275636035 0.209924976622773
Probs 0.809453045551613 0.197153866678646
Probs 0.435272153531168 0.21895009135901
Probs 0.033752897561152 0.24318064531054
Probs -0.69093408869058 0.3552266149682
Probs -0.275305009596949 0.282735278183789
Probs -1.32205758867141 0.498819835106261
Probs -2.22298607011163 0.590676443648439
Probs -12.3187367699741 211.762890741945
Probs -11.9540036630124 64.2339441969378
Probs -10.4293362585846 18.8215804364744
