5185.15186876277   -5185.14732667616
Total number of readers: 7
Number of data sets: 1
Bias options by reader: 0
Bias options by reader: 1
Bias options by reader: 1
Bias options by reader: 1
Bias options by reader: 1
Bias options by reader: 1
Bias options by reader: 1
Sigma options by reader: 7
Sigma options by reader: 7
Sigma options by reader: 7
Sigma options by reader: 7
Sigma options by reader: 7
Sigma options by reader: 7
Sigma options by reader: 7
Total objective function: 5185.15186876277
maximum gradient: 15.7935535248491
Number of readers:  7
Range of ages:  0  -  23
Reader # 1  Minus/Plus ages:  0  /  18
Number of data sets: 1
Number of lines of data per data set:  427
Number of data points per data set: 552


# Bias options
#   -X: Mirrored with pattrn X
#   0: Unbiased [0 parameters]
#   1: Linearly proportional to age [1 parameter]
#   2: Michaelis-Menten [3 parameters]

# SD options
#   1: Constant CV [1 parameter]
#   2: SD Michaelis-Menten [3 parameters]
#   3: CV Michaelis-Menten [3 parameters]
#   4: Known perfectly [0 parameters]
#   5: SD spline function of age [variable parameters]
#   6: SD linear piecewise function of age [
      variable parameters
      ]
#   7: SD linear function of age [2 parameters]
#   8: CV linear function of age [2 parameters]
Reader BiasType SigmaType
1   0   7
2   1   7
3   1   7
4   1   7
5   1   7
6   1   7
7   1   7

Reader Age CV SD Expected age
1   0   0.05685   0.05685   0.5
1   1   0.05685   0.05685   1.5
1   2   0.08704   0.17407   2.5
1   3   0.0971   0.29129   3.5
1   4   0.10213   0.4085   4.5
1   5   0.10514   0.52572   5.5
1   6   0.10716   0.64294   6.5
1   7   0.10859   0.76015   7.5
1   8   0.10967   0.87737   8.5
1   9   0.11051   0.99458   9.5
1   10   0.11118   1.1118   10.5
1   11   0.11173   1.22902   11.5
1   12   0.11219   1.34623   12.5
1   13   0.11257   1.46345   13.5
1   14   0.1129   1.58067   14.5
1   15   0.11319   1.69788   15.5
1   16   0.11344   1.8151   16.5
1   17   0.11367   1.93232   17.5
1   18   0.11386   2.04953   18.5
1   19   0.11404   2.16675   19.5
1   20   0.1142   2.28396   20.5
1   21   0.11434   2.40118   21.5
1   22   0.11447   2.5184   22.5
1   23   0.11459   2.63561   23.5
2   0   0.37147   0.37147   0.50173
2   1   0.37147   0.37147   1.50519
2   2   0.21323   0.42646   2.50865
2   3   0.16049   0.48146   3.51211
2   4   0.13411   0.53645   4.51557
2   5   0.11829   0.59145   5.51903
2   6   0.10774   0.64644   6.52249
2   7   0.1002   0.70143   7.52595
2   8   0.09455   0.75643   8.52941
2   9   0.09016   0.81142   9.53286
2   10   0.08664   0.86642   10.53632
2   11   0.08376   0.92141   11.53978
2   12   0.08137   0.97641   12.54324
2   13   0.07934   1.0314   13.5467
2   14   0.0776   1.0864   14.55016
2   15   0.07609   1.14139   15.55362
2   16   0.07477   1.19639   16.55708
2   17   0.07361   1.25138   17.56054
2   18   0.07258   1.30638   18.564
2   19   0.07165   1.36137   19.56746
2   20   0.07082   1.41637   20.57092
2   21   0.07006   1.47136   21.57438
2   22   0.06938   1.52636   22.57784
2   23   0.06875   1.58135   23.5813
3   0   0.02927   0.02927   0.48158
3   1   0.02927   0.02927   1.44474
3   2   0.05805   0.11611   2.4079
3   3   0.06765   0.20295   3.37106
3   4   0.07245   0.28979   4.33422
3   5   0.07533   0.37664   5.29738
3   6   0.07725   0.46348   6.26055
3   7   0.07862   0.55032   7.22371
3   8   0.07965   0.63716   8.18687
3   9   0.08044   0.724   9.15003
3   10   0.08108   0.81085   10.11319
3   11   0.08161   0.89769   11.07635
3   12   0.08204   0.98453   12.03951
3   13   0.08241   1.07137   13.00267
3   14   0.08273   1.15822   13.96583
3   15   0.083   1.24506   14.92899
3   16   0.08324   1.3319   15.89215
3   17   0.08346   1.41874   16.85531
3   18   0.08364   1.50558   17.81848
3   19   0.08381   1.59243   18.78164
3   20   0.08396   1.67927   19.7448
3   21   0.0841   1.76611   20.70796
3   22   0.08423   1.85295   21.67112
3   23   0.08434   1.9398   22.63428
4   0   0.21472   0.21472   0.54106
4   1   0.21472   0.21472   1.62319
4   2   0.15608   0.31216   2.70531
4   3   0.13653   0.4096   3.78744
4   4   0.12676   0.50704   4.86957
4   5   0.1209   0.60448   5.95169
4   6   0.11699   0.70192   7.03382
4   7   0.11419   0.79936   8.11594
4   8   0.1121   0.89681   9.19807
4   9   0.11047   0.99425   10.28019
4   10   0.10917   1.09169   11.36232
4   11   0.1081   1.18913   12.44444
4   12   0.10721   1.28657   13.52657
4   13   0.10646   1.38401   14.6087
4   14   0.10582   1.48145   15.69082
4   15   0.10526   1.5789   16.77295
4   16   0.10477   1.67634   17.85507
4   17   0.10434   1.77378   18.9372
4   18   0.10396   1.87122   20.01932
4   19   0.10361   1.96866   21.10145
4   20   0.10331   2.0661   22.18357
4   21   0.10303   2.16354   23.2657
4   22   0.10277   2.26099   24.34783
4   23   0.10254   2.35843   25.42995
5   0   0.14864   0.14864   0.50807
5   1   0.14864   0.14864   1.52422
5   2   0.10925   0.21851   2.54036
5   3   0.09613   0.28838   3.55651
5   4   0.08956   0.35825   4.57265
5   5   0.08562   0.42812   5.58879
5   6   0.083   0.498   6.60494
5   7   0.08112   0.56787   7.62108
5   8   0.07972   0.63774   8.63723
5   9   0.07862   0.70761   9.65337
5   10   0.07775   0.77749   10.66952
5   11   0.07703   0.84736   11.68566
5   12   0.07644   0.91723   12.70181
5   13   0.07593   0.9871   13.71795
5   14   0.0755   1.05698   14.73409
5   15   0.07512   1.12685   15.75024
5   16   0.0748   1.19672   16.76638
5   17   0.07451   1.26659   17.78253
5   18   0.07425   1.33646   18.79867
5   19   0.07402   1.40634   19.81482
5   20   0.07381   1.47621   20.83096
5   21   0.07362   1.54608   21.84711
5   22   0.07345   1.61595   22.86325
5   23   0.0733   1.68583   23.87939
6   0   0.11948   0.11948   0.48684
6   1   0.11948   0.11948   1.46052
6   2   0.09513   0.19026   2.43421
6   3   0.08701   0.26103   3.40789
6   4   0.08295   0.33181   4.38157
6   5   0.08052   0.40258   5.35526
6   6   0.07889   0.47336   6.32894
6   7   0.07773   0.54413   7.30262
6   8   0.07686   0.61491   8.27631
6   9   0.07619   0.68568   9.24999
6   10   0.07565   0.75645   10.22367
6   11   0.0752   0.82723   11.19736
6   12   0.07483   0.898   12.17104
6   13   0.07452   0.96878   13.14472
6   14   0.07425   1.03955   14.1184
6   15   0.07402   1.11033   15.09209
6   16   0.07382   1.1811   16.06577
6   17   0.07364   1.25188   17.03945
6   18   0.07348   1.32265   18.01314
6   19   0.07334   1.39343   18.98682
6   20   0.07321   1.4642   19.9605
6   21   0.07309   1.53498   20.93419
6   22   0.07299   1.60575   21.90787
6   23   0.07289   1.67653   22.88155
7   0   0.01   0.01   0.49029
7   1   0.01   0.01   1.47087
7   2   0.06494   0.12988   2.45145
7   3   0.08325   0.24976   3.43203
7   4   0.09241   0.36963   4.41261
7   5   0.0979   0.48951   5.39319
7   6   0.10157   0.60939   6.37377
7   7   0.10418   0.72927   7.35435
7   8   0.10614   0.84915   8.33493
7   9   0.10767   0.96903   9.31551
7   10   0.10889   1.0889   10.29609
7   11   0.10989   1.20878   11.27667
7   12   0.11072   1.32866   12.25725
7   13   0.11143   1.44854   13.23783
7   14   0.11203   1.56842   14.21841
7   15   0.11255   1.6883   15.19899
7   16   0.11301   1.80817   16.17957
7   17   0.11341   1.92805   17.16015
7   18   0.11377   2.04793   18.14073
7   19   0.1141   2.16781   19.1213
7   20   0.11438   2.28769   20.10188
7   21   0.11465   2.40757   21.08246
7   22   0.11488   2.52744   22.06304
7   23   0.1151   2.64732   23.04362

Estimated age-structure by data set
===================================
Age  Data set# 1
Age  5.25322003752129e-11
Age  3.69620190197165e-10
Age  0.00181812145564947
Age  0.0744911962403597
Age  0.0948228197461198
Age  0.124685820940109
Age  0.118076129510271
Age  0.124461216236981
Age  0.179060842035229
Age  0.107854499210796
Age  0.0657867265421961
Age  0.0502868154390204
Age  0.0463606412969964
Age  0.00792223873554344
Age  0.00437288199885304
Age  8.61009049729919e-11
Age  5.23807609362282e-11
Age  1.62847651546192e-10
Age  8.28610983378729e-09
Age  8.29753777784768e-09
Age  8.30898148297184e-09
Age  8.32044097089693e-09
Age  8.3319162633901e-09
Age  8.34340738224851e-09

Final age-reading error matrices
Matrix for reader#  1
1 1.110223e-16 0 0 0 0 0 0 0 0 0 0 0 0 0 0 0 0 0 0 0 0 0 0
6.791938e-17 1 1.110223e-16 0 0 0 0 0 0 0 0 0 0 0 0 0 0 0 0 0 0 0 0 0
2.315344e-16 0.002166663 0.9956667 0.002166663 2.220446e-16 0 0 0 0 0 0 0 0 0 0 0 0 0 0 0 0 0 0 0
2.937182e-16 2.34337e-07 0.0434185 0.9131625 0.0434185 2.34337e-07 3.330669e-16 0 0 0 0 0 0 0 0 0 0 0 0 0 0 0 0 0
3.250052e-16 1.462142e-09 0.0001410318 0.1106266 0.7784648 0.1106266 0.0001410318 1.462142e-09 3.330669e-16 0 0 0 0 0 0 0 0 0 0 0 0 0 0 0
3.437401e-16 6.721358e-11 1.522458e-06 0.0022967 0.168666 0.6580716 0.168666 0.0022967 1.522458e-06 6.721357e-11 3.330669e-16 0 0 0 0 0 0 0 0 0 0 0 0 0
3.561958e-16 8.674139e-12 5.384643e-08 6.142548e-05 0.0100409 0.2083911 0.563013 0.2083911 0.0100409 6.142548e-05 5.384643e-08 8.674172e-12 3.330669e-16 0 0 0 0 0 0 0 0 0 0 0
3.650709e-16 2.024441e-12 4.385898e-09 3.01985e-06 0.0005550406 0.02403864 0.2308246 0.4891574 0.2308246 0.02403864 0.0005550406 3.01985e-06 4.385898e-09 2.024492e-12 3.330669e-16 0 0 0 0 0 0 0 0 0
3.717133e-16 6.834719e-13 6.340311e-10 2.585057e-07 4.097207e-05 0.002283941 0.04172487 0.2403797 0.4311405 0.2403797 0.04172487 0.002283941 4.097207e-05 2.585057e-07 6.34031e-10 6.835643e-13 3.330669e-16 0 0 0 0 0 0 0
3.768707e-16 2.947523e-13 1.371624e-10 3.446877e-08 4.281658e-06 0.0002434267 0.005953857 0.05991996 0.2414954 0.3847661 0.2414954 0.05991996 0.005953857 0.0002434267 4.281658e-06 3.446877e-08 1.371624e-10 2.947642e-13 3.330669e-16 0 0 0 0 0
3.809906e-16 1.507152e-13 3.970903e-11 6.487511e-09 6.15614e-07 3.19824e-05 0.0008646088 0.01167499 0.07639868 0.2375123 0.3470335 0.2375123 0.07639868 0.01167499 0.0008646088 3.19824e-05 6.15614e-07 6.487511e-09 3.970901e-11 1.507683e-13 3.330669e-16 0 0 0
3.843573e-16 8.715567e-14 1.427197e-11 1.596774e-09 1.161563e-07 5.247568e-06 0.0001413129 0.00219011 0.01898623 0.09010394 0.2306604 0.3158252 0.2306604 0.09010394 0.01898623 0.00219011 0.0001413129 5.247568e-06 1.161563e-07 1.596773e-09 1.427203e-11 8.715251e-14 3.330669e-16 0
3.8716e-16 5.523892e-14 6.046698e-12 4.852554e-10 2.747468e-08 1.058584e-06 2.685193e-05 0.0004354205 0.004401359 0.02716873 0.1008061 0.2223437 0.2896334 0.2223437 0.1008061 0.02716873 0.004401359 0.0004354205 2.685193e-05 1.058584e-06 2.747468e-08 4.852554e-10 6.046719e-12 5.562217e-14
3.895293e-16 3.755043e-14 2.910957e-12 1.743987e-10 7.834066e-09 2.56361e-07 5.94927e-06 9.554009e-05 0.001038938 0.007509198 0.03552669 0.1087225 0.2134175 0.267367 0.2134175 0.1087225 0.03552669 0.007509198 0.001038938 9.554009e-05 5.94927e-06 2.56361e-07 7.834066e-09 1.773476e-10
3.915586e-16 2.69607e-14 1.5504e-12 7.174859e-11 2.607916e-09 7.273767e-08 1.522813e-06 2.344699e-05 0.0002606343 0.002057579 0.01137492 0.0435276 0.114254 0.2043892 0.2482221 0.2043892 0.114254 0.0435276 0.01137492 0.002057579 0.0002606343 2.344699e-05 1.522813e-06 7.541891e-08
3.933161e-16 2.021747e-14 8.956442e-13 3.295809e-11 9.876995e-10 2.364995e-08 4.442937e-07 6.437488e-06 7.081267e-05 0.000582969 0.003546756 0.0157745 0.05083043 0.1178385 0.1955512 0.2315959 0.1955512 0.1178385 0.05083043 0.0157745 0.003546756 0.000582969 7.081267e-05 6.906453e-06
3.948529e-16 1.570266e-14 5.528382e-13 1.658108e-11 4.168162e-10 8.644157e-09 1.456625e-07 1.965894e-06 2.096554e-05 0.000174501 0.001120904 0.005501981 0.0204625 0.05725767 0.119881 0.1870638 0.2170292 0.1870638 0.119881 0.05725767 0.0204625 0.005501981 0.001120904 0.0001975871
3.962082e-16 1.255195e-14 3.604276e-13 8.99911e-12 1.927348e-10 3.494207e-09 5.294315e-08 6.622684e-07 6.760927e-06 5.572525e-05 0.000367181 0.001916996 0.007867941 0.02521556 0.06275068 0.120728 0.1790074 0.204166 0.1790074 0.120728 0.06275068 0.02521556 0.007867941 0.002347382
3.974124e-16 1.027565e-14 2.459672e-13 5.20611e-12 9.632807e-11 1.540767e-09 2.107416e-08 2.439266e-07 2.365632e-06 1.904372e-05 0.0001261526 0.0006822146 0.002990282 0.0105566 0.02985391 0.06732788 0.1206636 0.171414 0.1927274 0.171414 0.1206636 0.06732788 0.02985391 0.01437692
3.984893e-16 8.582098e-15 1.744501e-13 3.179626e-12 5.146225e-11 7.326042e-10 9.088354e-09 9.737319e-08 8.933031e-07 6.960198e-06 4.570703e-05 0.0002511886 0.001147766 0.0043352 0.01346591 0.03424678 0.07105234 0.1199142 0.1642874 0.1824912 0.1642874 0.1199142 0.07105234 0.05350051
3.994581e-16 7.290106e-15 1.278528e-13 2.034234e-12 2.911995e-11 3.719843e-10 4.206582e-09 4.178636e-08 3.619054e-07 2.71339e-06 1.749258e-05 9.635501e-05 0.0004508508 0.00178242 0.005925482 0.0164946 0.03830849 0.07400919 0.1186579 0.1576147 0.1732789 0.1576147 0.1186579 0.137088
4.003344e-16 6.282891e-15 9.637736e-14 1.354616e-12 1.732062e-11 2.000515e-10 2.072718e-09 1.913491e-08 1.563743e-07 1.124179e-06 7.067158e-06 3.863195e-05 0.0001826647 0.0007434591 0.002593156 0.007720464 0.01955168 0.04199058 0.07629107 0.117033 0.1513742 0.1649454 0.1513742 0.2661531
4.011307e-16 5.482764e-15 7.444077e-14 9.339725e-13 1.076113e-11 1.131635e-10 1.079573e-09 9.288191e-09 7.165623e-08 4.929703e-07 3.008385e-06 1.62035e-05 7.666381e-05 0.0003172194 0.001143266 0.003575552 0.009671734 0.02256132 0.04527305 0.07798937 0.1151465 0.1455398 0.1573715 0.4213143
4.018576e-16 4.836578e-15 5.872862e-14 6.638178e-13 6.946476e-12 6.693508e-11 5.907616e-10 4.750996e-09 3.463983e-08 2.278562e-07 1.345849e-06 7.106073e-06 3.339719e-05 0.0001391543 0.0005121163 0.00165895 0.00471556 0.01172882 0.02546427 0.04815626 0.07918948 0.1130802 0.1400838 0.5752292
Matrix for reader#  2
0.9097726 0.09019289 3.451587e-05 4.498624e-11 0 0 0 0 0 0 0 0 0 0 0 0 0 0 0 0 0 0 0 0
0.08724815 0.8210066 0.09170937 3.583788e-05 4.754097e-11 0 0 0 0 0 0 0 0 0 0 0 0 0 0 0 0 0 0 0
0.0002316117 0.1165344 0.7583451 0.1246207 0.000268244 6.685101e-09 4.32987e-15 0 0 0 0 0 0 0 0 0 0 0 0 0 0 0 0 0
1.67599e-07 0.0009191253 0.1430476 0.7003842 0.1545643 0.00108435 2.146925e-07 1.913469e-12 0 0 0 0 0 0 0 0 0 0 0 0 0 0 0 0
1.237751e-10 2.060185e-06 0.002501807 0.1659399 0.6481395 0.1804336 0.00298057 2.679502e-06 1.734414e-10 1.332268e-15 0 0 0 0 0 0 0 0 0 0 0 0 0 0
1.556365e-13 3.72708e-09 1.358766e-05 0.005306397 0.1849248 0.6015799 0.2018059 0.006351603 1.779517e-05 5.284409e-09 2.352563e-13 0 0 0 0 0 0 0 0 0 0 0 0 0
3.856452e-16 8.842626e-12 5.241598e-08 5.82041e-05 0.009471644 0.2000695 0.5602486 0.2187205 0.01135501 7.63736e-05 7.464435e-08 1.348965e-11 6.661338e-16 0 0 0 0 0 0 0 0 0 0 0
1.876785e-18 3.329901e-14 2.222911e-10 4.247815e-07 0.000183109 0.0149368 0.2116688 0.5235565 0.2315148 0.01789902 0.0002399889 6.047545e-07 3.4004e-10 5.395684e-14 0 0 0 0 0 0 0 0 0 0
1.692098e-20 2.09303e-16 1.271635e-12 3.02767e-09 2.288427e-06 0.0004591151 0.02149021 0.2201407 0.4909123 0.2406854 0.02570693 0.0005998746 3.247506e-06 4.624036e-09 2.066125e-12 3.330669e-16 0 0 0 0 0 0 0 0
2.626034e-22 2.167562e-18 1.063653e-14 2.579006e-11 2.581544e-08 9.053605e-06 0.0009703451 0.02883658 0.225946 0.4617745 0.2467842 0.03440411 0.00126241 1.278288e-05 3.925223e-08 4.181089e-11 1.820766e-14 0 0 0 0 0 0 0
6.525535e-24 3.557176e-20 1.323678e-16 2.889772e-13 3.182082e-10 1.530185e-07 2.823715e-05 0.001798306 0.03665733 0.2295353 0.435668 0.2503504 0.04359459 0.002327814 3.962083e-05 2.312087e-07 5.133327e-10 4.92828e-13 2.220446e-16 0 0 0 0 0
2.43235e-25 8.824512e-22 2.418171e-18 4.41912e-15 4.745664e-12 2.645226e-09 6.811657e-07 7.310127e-05 0.003006822 0.0446537 0.23132 0.412184 0.2518737 0.05291422 0.003870852 0.0001018647 1.021611e-06 4.238348e-09 8.052337e-12 7.882583e-15 0 0 0 0
1.285082e-26 3.156507e-23 6.311517e-20 9.267833e-17 8.989735e-14 5.180724e-11 1.600998e-08 2.412818e-06 0.000163199 0.0046323 0.05257147 0.2316593 0.3909743 0.2517785 0.06205983 0.005929247 0.0002257587 3.589423e-06 2.54475e-08 8.730705e-11 1.59206e-13 2.220446e-16 0 0
9.169953e-28 1.558156e-24 2.279394e-21 2.634569e-18 2.201255e-15 1.214703e-12 4.049228e-10 7.488414e-08 7.106222e-06 0.0003233687 0.006680607 0.06021094 0.2308573 0.3717437 0.2504218 0.07079949 0.008501035 0.0004439893 1.04818e-05 1.179871e-07 6.768727e-10 2.137956e-12 3.996803e-15 0
8.484228e-29 1.020643e-25 1.102697e-22 9.954487e-20 6.966459e-17 3.499427e-14 1.167988e-11 2.402212e-09 2.835249e-07 1.800063e-05 0.0005813529 0.009129495 0.06742689 0.2291669 0.3542416 0.2480971 0.07897039 0.01154905 0.0007922103 2.6321e-05 4.42621e-07 3.97975e-09 2.039502e-11 6.405987e-14
9.833834e-30 8.571518e-27 6.929454e-24 4.887105e-21 2.821896e-18 1.249108e-15 3.964981e-13 8.447258e-11 1.133047e-08 9.011853e-07 4.02653e-05 0.0009646829 0.0119345 0.07412289 0.2267946 0.3382554 0.2450426 0.08647012 0.01500954 0.001304759 5.836427e-05 1.393648e-06 1.859404e-08 1.469306e-10
1.387049e-30 8.957495e-28 5.499699e-25 3.046097e-22 1.441844e-19 5.512862e-17 1.607115e-14 3.370968e-12 4.805867e-10 4.409677e-08 2.475245e-06 8.121104e-05 0.001497592 0.01503618 0.08024303 0.2239079 0.323604 0.241449 0.09324525 0.01880204 0.002010625 0.0001166969 3.791621e-06 7.249144e-08
2.323057e-31 1.135124e-28 5.37554e-26 2.357291e-23 9.139284e-21 2.984346e-18 7.80722e-16 1.555351e-13 2.243537e-11 2.230805e-09 1.459164e-07 6.012747e-06 0.0001501624 0.002198569 0.01836726 0.08576327 0.2206412 0.3101328 0.2374683 0.0992799 0.02283865 0.002930456 0.0002139388 9.362171e-06
4.524643e-32 1.705867e-29 6.327429e-27 2.218429e-24 7.064744e-22 1.95963e-19 4.533132e-17 8.365372e-15 1.177763e-12 1.210574e-10 8.70526e-09 4.206598e-07 1.316213e-05 0.0002579839 0.003078859 0.02185855 0.09068334 0.2171018 0.2977091 0.23322 0.1045854 0.02703155 0.004074939 0.0003849571
1.00685e-32 2.98217e-30 8.793854e-28 2.491185e-25 6.550023e-23 1.541314e-20 3.12531e-18 5.252157e-16 7.032288e-14 7.212576e-12 5.452257e-10 2.927206e-08 1.077881e-06 2.636504e-05 0.0004163418 0.004141976 0.02544355 0.09501991 0.2133748 0.2862186 0.2287983 0.1091917 0.03129835 0.006068998
2.521252e-33 5.964527e-31 1.418196e-28 3.281392e-26 7.170123e-24 1.433417e-21 2.536302e-19 3.838385e-17 4.798042e-15 4.783161e-13 3.672935e-11 2.100178e-09 8.657189e-08 2.495712e-06 4.893855e-05 0.000636834 0.005384048 0.0290615 0.09880102 0.2095276 0.2755627 0.2242765 0.1131407 0.04355761
7.012681e-34 1.345274e-31 2.613803e-29 4.992674e-27 9.133194e-25 1.556288e-22 2.399386e-20 3.247546e-18 3.741402e-16 3.555935e-14 2.702371e-12 1.59238e-10 7.061652e-09 2.290794e-07 5.293773e-06 8.506098e-05 0.0009301287 0.00679478 0.03265912 0.1020618 0.205613 0.2656557 0.2197114 0.1664835
2.142355e-34 3.379033e-32 5.432083e-30 8.65513e-28 1.335786e-25 1.94879e-23 2.619563e-21 3.159026e-19 3.325271e-17 2.97118e-15 2.191127e-13 1.296983e-11 5.996079e-10 2.10872e-08 5.502066e-07 1.040577e-05 0.0001396539 0.001305227 0.008358751 0.03619146 0.104841 0.2016724 0.2564231 0.3910575
7.118929e-35 9.349227e-33 1.258043e-30 1.688761e-28 2.216157e-26 2.78258e-24 3.267919e-22 3.506004e-20 3.353336e-18 2.788912e-16 1.966669e-14 1.146594e-12 5.390675e-11 1.994678e-09 5.674778e-08 1.214147e-06 1.913922e-05 0.0002181728 0.001768924 0.01005685 0.03962189 0.1071792 0.1977378 0.6433968
Matrix for reader#  3
1 0 0 0 0 0 0 0 0 0 0 0 0 0 0 0 0 0 0 0 0 0 0 0
6.401518e-38 1 0 0 0 0 0 0 0 0 0 0 0 0 0 0 0 0 0 0 0 0 0 0
1.239174e-27 0.0002531503 0.9997466 2.991208e-07 0 0 0 0 0 0 0 0 0 0 0 0 0 0 0 0 0 0 0 0
3.745459e-26 3.759986e-11 0.03413212 0.9648132 0.001054668 1.254552e-14 0 0 0 0 0 0 0 0 0 0 0 0 0 0 0 0 0 0
1.458993e-25 1.038215e-14 3.028214e-06 0.1246492 0.8642605 0.01108729 1.103508e-08 0 0 0 0 0 0 0 0 0 0 0 0 0 0 0 0 0
3.030688e-25 8.946488e-17 1.635289e-09 0.0003236175 0.2146822 0.7535594 0.03143042 4.391608e-06 2.933431e-12 0 0 0 0 0 0 0 0 0 0 0 0 0 0 0
4.783803e-25 4.141019e-18 6.971792e-12 8.638629e-07 0.003433824 0.2836216 0.6572594 0.05558054 0.0001037862 4.613005e-09 9.547918e-15 0 0 0 0 0 0 0 0 0 0 0 0 0
6.536009e-25 4.860588e-19 1.247324e-13 6.135258e-09 3.349968e-05 0.01336337 0.3288105 0.5782697 0.07883586 0.0006867195 3.895344e-07 1.989753e-11 1.110223e-16 0 0 0 0 0 0 0 0 0 0 0
8.200445e-25 1.0045e-19 5.865028e-15 1.116047e-10 4.792399e-07 0.0003378106 0.03129084 0.3530328 0.5140859 0.09889979 0.00234536 6.968713e-06 3.08415e-09 2.713385e-13 0 0 0 0 0 0 0 0 0 0
9.742888e-25 3.001248e-20 5.372074e-16 4.312028e-12 1.201517e-08 9.18754e-06 0.001589981 0.05487315 0.3614497 0.461608 0.1149492 0.00546988 5.078006e-05 1.018965e-07 5.266709e-11 8.770762e-15 0 0 0 0 0 0 0 0
1.115529e-24 1.155128e-20 7.910694e-17 2.98022e-13 5.136769e-10 3.40066e-07 7.409343e-05 0.004703495 0.08045318 0.3592604 0.418223 0.1270206 0.01005167 0.0002119822 1.274398e-06 2.444791e-09 1.735612e-12 5.551115e-16 0 0 0 0 0 0
1.244181e-24 5.329581e-21 1.650241e-17 3.225418e-14 3.471292e-11 1.802102e-08 3.995009e-06 0.0003406154 0.01030217 0.1048918 0.3505719 0.3819178 0.1355802 0.01576909 0.0006140308 8.398319e-06 4.356217e-08 9.483725e-11 9.769963e-14 0 0 0 0 0
1.361172e-24 2.812022e-21 4.474953e-18 4.950002e-15 3.430765e-12 1.345427e-09 2.711098e-07 2.573621e-05 0.001069723 0.01840464 0.1262435 0.3382504 0.351178 0.1412411 0.0221668 0.001383943 3.563518e-05 3.997186e-07 2.098916e-09 5.622058e-12 8.437695e-15 0 0 0
1.467601e-24 1.643007e-21 1.485189e-18 1.000695e-15 4.636517e-13 1.363755e-10 2.357924e-08 2.231369e-06 0.0001084862 0.002570303 0.02849155 0.1436719 0.3241607 0.3248652 0.1446081 0.02879969 0.002608892 0.000110552 2.282312e-06 2.419967e-08 1.403896e-10 4.786171e-13 9.992007e-16 0
1.56457e-24 1.039205e-21 5.777221e-19 2.521795e-16 8.10909e-14 1.80241e-11 2.602636e-09 2.302162e-07 1.182116e-05 0.0003361085 0.005087773 0.03976978 0.1570999 0.3094616 0.302118 0.1462102 0.03530837 0.004314165 0.000272693 9.198728e-06 1.723352e-07 1.880769e-09 1.262246e-11 5.540013e-14
1.653109e-24 6.999315e-22 2.551258e-19 7.597338e-17 1.755885e-14 2.991648e-12 3.572205e-10 2.847505e-08 1.447906e-06 4.506623e-05 0.0008282547 0.008723103 0.05142676 0.1668698 0.2948452 0.2822767 0.1464819 0.0414404 0.006465584 0.0005663357 2.853728e-05 8.531392e-07 1.569916e-08 1.869125e-10
1.734154e-24 4.958964e-22 1.248773e-19 2.649717e-17 4.543184e-15 6.034889e-13 5.956894e-11 4.19593e-09 2.029454e-07 6.503839e-06 0.0001337319 0.001715644 0.01341612 0.06278545 0.1735034 0.2807065 0.2648303 0.1457676 0.04704139 0.008986497 0.001031026 7.243691e-05 3.193242e-06 9.266795e-08
1.808535e-24 3.661684e-22 6.651874e-20 1.043416e-17 1.365217e-15 1.438867e-13 1.179885e-11 7.276162e-10 3.266003e-08 1.034673e-06 2.248725e-05 0.0003268608 0.003108036 0.01898021 0.07336178 0.1775584 0.2672551 0.2493782 0.1443341 0.05203426 0.01177838 0.001693933 0.0001572338 1.001197e-05
1.876983e-24 2.79781e-22 3.801405e-20 4.548507e-18 4.656329e-16 3.960781e-14 2.719023e-12 1.463736e-10 6.0093e-09 1.83207e-07 4.045719e-06 6.325062e-05 0.0006859347 0.00506945 0.02515817 0.08285936 0.1795548 0.2545873 0.2356027 0.1423859 0.05639723 0.01473832 0.002566122 0.0003272445
1.940138e-24 2.199723e-22 2.30462e-20 2.160727e-18 1.769213e-16 1.234291e-14 7.15773e-13 3.366874e-11 1.254266e-09 3.616272e-08 7.895032e-07 1.278874e-05 0.0001508726 0.001274983 0.007608084 0.03167489 0.09113511 0.1799449 0.2427312 0.2232489 0.1400778 0.06014492 0.01777083 0.00422383
1.998561e-24 1.771724e-22 1.46895e-20 1.104433e-18 7.375251e-17 4.283313e-15 2.11824e-13 8.734733e-12 2.942052e-10 7.933915e-09 1.6805e-07 2.745676e-06 3.40276e-05 0.0003150288 0.002149329 0.01068023 0.0382752 0.09815768 0.1791049 0.2316752 0.2121105 0.137527 0.06331394 0.02665401
2.05274e-24 1.456623e-22 9.772664e-21 6.011716e-19 3.330921e-17 1.632525e-15 6.950088e-14 2.523999e-12 7.680581e-11 1.924536e-09 3.90454e-08 6.311795e-07 8.007977e-06 7.86357e-05 0.0005901222 0.003346594 0.01420297 0.0447452 0.1039698 0.1773404 0.2213853 0.2020186 0.1348211 0.09749255
2.103105e-24 1.21887e-22 6.74592e-21 3.455301e-19 1.612872e-17 6.754471e-16 2.498161e-14 8.032571e-13 2.210693e-11 5.12866e-10 9.881755e-09 1.558923e-07 1.986536e-06 2.019032e-05 0.0001617662 0.001010953 0.004881965 0.01807004 0.05092025 0.1086584 0.1748944 0.2118163 0.1928339 0.2367296
2.150032e-24 1.035594e-22 4.808042e-21 2.082291e-19 8.300127e-18 3.003891e-16 9.735919e-15 2.787373e-13 6.953627e-12 1.491379e-10 2.714097e-09 4.138207e-08 5.222453e-07 5.392919e-06 4.508197e-05 0.0003020837 0.001608142 0.006747862 0.02216654 0.05668401 0.1123333 0.1719584 0.2029179 0.4252307
Matrix for reader#  4
0.9833858 0.01661417 2.977973e-11 0 0 0 0 0 0 0 0 0 0 0 0 0 0 0 0 0 0 0 0 0
0.001974678 0.958004 0.04002129 2.801623e-10 0 0 0 0 0 0 0 0 0 0 0 0 0 0 0 0 0 0 0 0
4.882011e-08 0.01222706 0.8150166 0.1727346 2.165341e-05 9.822143e-13 0 0 0 0 0 0 0 0 0 0 0 0 0 0 0 0 0 0
2.795734e-11 8.698542e-06 0.02763786 0.6704142 0.3002925 0.001646681 6.668779e-08 4.185541e-14 0 0 0 0 0 0 0 0 0 0 0 0 0 0 0 0
1.648956e-13 1.763111e-08 0.0001331607 0.04342666 0.5579408 0.3852998 0.01318233 1.729143e-05 1.081802e-09 5.662137e-15 0 0 0 0 0 0 0 0 0 0 0 0 0 0
4.168657e-15 1.359189e-10 8.41096e-07 0.000684054 0.05738933 0.4737745 0.4263267 0.04142986 0.0003943105 3.933156e-07 5.3194e-11 1.44329e-15 0 0 0 0 0 0 0 0 0 0 0 0
2.676963e-16 3.010642e-12 1.111105e-08 1.039019e-05 0.001994506 0.06875195 0.4100308 0.4345398 0.08197931 0.002677598 1.56166e-05 1.847769e-08 5.451306e-12 5.551115e-16 0 0 0 0 0 0 0 0 0 0
3.209697e-17 1.4557e-13 3.003931e-10 2.346723e-07 5.896765e-05 0.004188971 0.07744484 0.3606465 0.4230427 0.1251321 0.009306704 0.0001780243 9.401992e-07 1.544614e-09 9.229284e-13 2.220446e-16 0 0 0 0 0 0 0 0
5.95155e-18 1.253098e-14 1.477186e-11 8.527362e-09 2.129581e-06 0.0002066275 0.007159319 0.08374303 0.3214935 0.4016311 0.1631512 0.02164278 0.0009555311 1.468162e-05 8.449984e-08 2.01151e-10 2.229328e-13 1.110223e-16 0 0 0 0 0 0
1.512809e-18 1.662448e-15 1.174769e-12 4.82922e-10 1.050328e-07 1.108632e-05 0.0005273653 0.01066524 0.08804841 0.2897979 0.3763113 0.1924161 0.03894472 0.003169305 0.0001069468 1.570812e-06 1.072296e-08 3.685086e-11 6.972201e-14 1.110223e-16 0 0 0 0
4.864673e-19 3.068963e-16 1.371095e-13 4.0161e-11 7.165705e-09 7.269007e-07 3.939954e-05 0.001082148 0.01443878 0.09076913 0.2636681 0.3503773 0.2124706 0.05905575 0.007617595 0.0004663296 1.401415e-05 2.163301e-07 1.813578e-09 8.804624e-12 2.664535e-14 0 0 0
1.872352e-19 7.32549e-17 2.176216e-14 4.618147e-12 6.606919e-10 6.029254e-08 3.334005e-06 0.0001067005 0.001900315 0.0182476 0.09226575 0.2417854 0.3254802 0.2244825 0.07958556 0.01464367 0.00142197 7.468057e-05 2.19139e-06 3.739475e-08 3.887868e-10 2.593814e-12 1.176836e-14 0
8.292612e-20 2.142705e-17 4.428527e-15 6.964572e-13 7.957992e-11 6.317473e-09 3.339693e-07 1.130667e-05 0.0002367585 0.00297617 0.02191899 0.09283534 0.2232086 0.3023522 0.2301459 0.0986699 0.0240015 0.003354767 0.000274413 1.345566e-05 4.073824e-07 7.883363e-09 1.013685e-10 9.093837e-13
4.106743e-20 7.378938e-18 1.103863e-15 1.317869e-13 1.209571e-11 8.228266e-10 4.00543e-08 1.349937e-06 3.055957e-05 0.0004523048 0.004276456 0.02533989 0.09271334 0.207251 0.2812366 0.231111 0.1151902 0.03501611 0.006555123 0.0007663035 5.696789e-05 2.754056e-06 8.888067e-08 2.003859e-09
2.225905e-20 2.902421e-18 3.252463e-16 3.017422e-14 2.247671e-12 1.30436e-10 5.726815e-09 1.849906e-07 4.283105e-06 6.940003e-05 0.0007703752 0.005751761 0.02844654 0.09208231 0.1934012 0.2621296 0.2287633 0.1286766 0.04684691 0.01112163 0.001740318 0.0001820336 1.294832e-05 6.621223e-07
1.299108e-20 1.273849e-18 1.101512e-16 8.115653e-15 4.967093e-13 2.462692e-11 9.650976e-10 2.91939e-08 6.665057e-07 1.124603e-05 0.0001375817 0.001199698 0.00734701 0.03121161 0.09108196 0.1812713 0.2449107 0.2241804 0.1391088 0.05870306 0.0169445 0.003373661 0.0004684253 4.93858e-05
8.061937e-21 6.12546e-19 4.193558e-17 2.502851e-15 1.274893e-13 5.426558e-12 1.89043e-10 5.282105e-09 1.161035e-07 1.971132e-06 2.541072e-05 0.000244904 0.001740311 0.009009023 0.03363258 0.08981837 0.1705624 0.2294123 0.2181633 0.1467275 0.06996073 0.023756 0.005782824 0.001162316
5.267312e-21 3.180865e-19 1.76294e-17 8.676983e-16 3.725186e-14 1.370249e-12 4.242646e-11 1.086777e-09 2.264825e-08 3.778918e-07 4.972614e-06 5.088661e-05 0.000399831 0.002384794 0.01069095 0.03572266 0.08837174 0.1610403 0.2154553 0.2112899 0.151896 0.08019668 0.03120705 0.01128853
3.594756e-21 1.76322e-19 8.066239e-18 3.326903e-16 1.21836e-14 3.901537e-13 1.076046e-11 2.51815e-10 4.928078e-09 7.953124e-08 1.044405e-06 1.102104e-05 9.237374e-05 0.0006084763 0.00312029 0.01235425 0.03750408 0.0868025 0.1525193 0.2028669 0.2039679 0.1550118 0.08917142 0.05596864
2.546359e-21 1.033584e-19 3.969601e-18 1.391811e-16 4.396894e-15 1.235181e-13 3.045424e-12 6.505552e-11 1.188896e-09 1.836093e-08 2.368182e-07 2.522537e-06 2.195803e-05 0.0001546864 0.0008740946 0.003930664 0.01396898 0.0390036 0.08515602 0.1448502 0.1914878 0.1964793 0.1564566 0.1676133
1.862473e-21 6.358103e-20 2.080795e-18 6.281969e-17 1.72981e-15 4.295256e-14 9.508923e-13 1.855821e-11 3.157881e-10 4.634699e-09 5.806017e-08 6.146407e-07 5.446664e-06 4.004461e-05 0.0002422642 0.001197046 0.004798404 0.01551318 0.04024947 0.08346634 0.137912 0.1811756 0.1890153 0.3463843
1.400648e-21 4.078466e-20 1.152386e-18 3.030282e-17 7.342826e-16 1.623403e-14 3.242374e-13 5.792859e-12 9.168384e-11 1.273283e-09 1.537325e-08 1.599315e-07 1.421413e-06 1.070564e-05 6.781452e-05 0.000358766 0.001575104 0.005706083 0.01697178 0.0412696 0.08175881 0.1316055 0.1718045 0.5488698
1.079192e-21 2.713685e-20 6.697371e-19 1.54981e-17 3.333704e-16 6.60802e-15 1.196544e-13 1.962156e-12 2.889085e-11 3.787433e-10 4.38438e-09 4.446099e-08 3.919379e-07 2.981504e-06 1.943661e-05 0.0001078836 0.0005067991 0.002003968 0.006637371 0.01833538 0.04209047 0.08005229 0.1258484 0.7243946
8.493993e-22 1.86462e-20 4.061274e-19 8.347217e-18 1.606659e-16 2.873948e-15 4.74101e-14 7.157672e-13 9.814788e-12 1.213228e-10 1.342034e-09 1.318968e-08 1.143786e-07 8.693689e-07 5.755172e-06 3.298432e-05 0.0001627505 0.0006877949 0.002477841 0.007577645 0.01959901 0.04273653 0.07836065 0.848358
Matrix for reader#  5
0.9994805 0.0005195012 0 0 0 0 0 0 0 0 0 0 0 0 0 0 0 0 0 0 0 0 0 0
0.0002408277 0.9990073 0.0007518799 0 0 0 0 0 0 0 0 0 0 0 0 0 0 0 0 0 0 0 0 0
6.37975e-12 0.006938416 0.9750123 0.01804929 5.886114e-11 0 0 0 0 0 0 0 0 0 0 0 0 0 0 0 0 0 0 0
4.154774e-17 6.817868e-08 0.02718985 0.9104008 0.06240876 4.705474e-07 6.661338e-16 0 0 0 0 0 0 0 0 0 0 0 0 0 0 0 0 0
1.476426e-20 2.836289e-12 7.779461e-06 0.05534166 0.8279145 0.116694 4.20643e-05 3.33944e-11 0 0 0 0 0 0 0 0 0 0 0 0 0 0 0 0
5.751006e-23 1.150503e-15 2.191172e-09 0.0001217272 0.0847352 0.746551 0.1680481 0.0005439752 2.035736e-08 1.84297e-14 0 0 0 0 0 0 0 0 0 0 0 0 0 0
9.885534e-25 2.813376e-18 1.981383e-12 1.570855e-07 0.000698558 0.1118179 0.6735609 0.2112309 0.002690357 1.18627e-06 2.599743e-11 0 0 0 0 0 0 0 0 0 0 0 0 0
4.481982e-26 2.538404e-20 5.983388e-15 3.436407e-10 2.874226e-06 0.002285201 0.1349924 0.6103377 0.2445437 0.007819879 1.821428e-05 3.721286e-09 9.880985e-14 0 0 0 0 0 0 0 0 0 0 0
3.948098e-27 5.904515e-22 4.970408e-17 1.61845e-12 1.399325e-08 2.276462e-05 0.005313822 0.1537149 0.5561638 0.2681483 0.01651171 0.0001244627 1.274238e-07 2.257516e-11 9.992007e-16 0 0 0 0 0 0 0 0 0
5.581908e-28 2.761679e-23 9.25242e-19 1.601141e-14 1.08362e-10 2.193711e-07 0.0001048859 0.009904886 0.1680744 0.5097626 0.2832609 0.02838429 0.0005060411 1.713753e-06 1.287991e-09 2.681189e-13 0 0 0 0 0 0 0 0
1.117953e-28 2.185629e-24 3.256519e-20 3.025064e-16 1.421073e-12 2.742417e-09 1.790459e-06 0.0003349093 0.01587655 0.1785165 0.469853 0.2915155 0.04243787 0.001451656 1.222314e-05 2.812666e-08 2.061595e-11 5.77316e-15 0 0 0 0 0 0
2.913943e-29 2.591029e-25 1.898957e-21 9.847921e-18 3.078298e-14 4.930883e-11 3.459612e-08 9.214456e-06 0.000826359 0.0228605 0.1856382 0.4353175 0.2945369 0.0574913 0.003263756 5.585989e-05 3.103039e-07 6.238458e-10 5.198064e-13 2.220446e-16 0 0 0 0
9.313524e-30 4.214351e-26 1.658259e-22 5.04015e-19 1.044246e-15 1.297426e-12 8.516501e-10 2.619618e-07 3.39137e-05 0.001690895 0.03042674 0.1900549 0.405231 0.293732 0.07248887 0.006154264 0.0001850616 2.081293e-06 9.480544e-09 1.934197e-11 1.987299e-14 0 0 0
3.496875e-30 8.816913e-27 2.007124e-23 3.756161e-20 5.233693e-17 4.901239e-14 2.783604e-11 8.677561e-09 1.353095e-06 9.722122e-05 0.003009122 0.03817283 0.1923295 0.3788421 0.2902285 0.08664117 0.01018544 0.0004830277 9.633913e-06 8.580434e-08 3.682475e-10 8.321122e-13 1.110223e-15 0
1.494182e-30 2.260586e-27 3.172363e-24 3.828945e-21 3.670538e-18 2.572698e-15 1.212239e-12 3.534493e-10 5.890856e-08 5.217645e-06 0.0002304075 0.004814304 0.04577057 0.1929439 0.3555446 0.2848892 0.09944535 0.01526986 0.001052336 3.363542e-05 5.222209e-07 4.176548e-09 1.843536e-11 4.851675e-14
7.093989e-31 6.84579e-28 6.250476e-25 5.075087e-22 3.434399e-19 1.810263e-16 6.935353e-14 1.80221e-11 2.969671e-09 2.911644e-07 1.60291e-05 0.0004710827 0.007091126 0.05298005 0.1922942 0.334849 0.2783548 0.1106426 0.02120992 0.001994098 9.440599e-05 2.334224e-06 3.156454e-08 2.476868e-10
3.674138e-31 2.379648e-28 1.480105e-25 8.394905e-23 4.115952e-20 1.649549e-17 5.101897e-15 1.149199e-12 1.780362e-10 1.795289e-08 1.119071e-06 4.115186e-05 0.0008572772 0.009784996 0.05964428 0.1906976 0.3163586 0.2710912 0.1201552 0.02775018 0.003386865 0.000223193 8.177749e-06 1.75061e-07
2.046271e-31 9.283982e-29 4.091605e-26 1.676135e-23 6.104414e-21 1.886369e-18 4.713414e-16 9.068489e-14 1.27955e-11 1.262473e-09 8.323044e-08 3.514598e-06 9.150844e-05 0.001421349 0.01281587 0.06567493 0.1884042 0.2997498 0.2634318 0.1280259 0.03462387 0.005272668 0.000460219 2.432478e-05
1.211647e-31 3.993223e-29 1.289927e-26 3.930814e-24 1.088455e-21 2.633167e-19 5.343378e-17 8.725622e-15 1.099804e-12 1.026827e-10 6.823767e-09 3.107962e-07 9.368427e-06 0.0001811178 0.002185456 0.01609192 0.07103587 0.1856086 0.2847573 0.255612 0.1343694 0.04158544 0.007652728 0.0009104814
7.558463e-32 1.866491e-29 4.550578e-27 1.058757e-24 2.277269e-22 4.3795e-20 7.274287e-18 1.007194e-15 1.121596e-13 9.693401e-12 6.278616e-10 2.947177e-08 9.712794e-07 2.182763e-05 0.0003258661 0.003159358 0.01952059 0.07572807 0.1824613 0.2711618 0.2477953 0.1393374 0.04842864 0.01205891
4.930855e-32 9.370236e-30 1.768667e-27 3.215044e-25 5.477309e-23 8.499328e-21 1.166146e-18 1.37226e-16 1.342779e-14 1.059258e-12 6.53334e-11 3.058226e-09 1.055918e-07 2.618205e-06 4.549124e-05 0.0005418299 0.00434044 0.02301612 0.07977712 0.1790778 0.2587808 0.2400933 0.1430945 0.07122984
3.343556e-32 5.003944e-30 7.476964e-28 1.083758e-25 1.488542e-23 1.890277e-21 2.16326e-19 2.173044e-17 1.865311e-15 1.331751e-13 7.698614e-12 3.509635e-10 1.229942e-08 3.233882e-07 6.236048e-06 8.637741e-05 0.00084356 0.005715348 0.02650399 0.08322365 0.1755463 0.2474618 0.2325802 0.2280322
2.344842e-32 2.819953e-30 3.401397e-28 4.003075e-26 4.504307e-24 4.743419e-22 4.572322e-20 3.942893e-18 2.971431e-16 1.911248e-14 1.024698e-12 4.473489e-11 1.55436e-09 4.204958e-08 8.673984e-07 1.338067e-05 0.0001516425 0.001242663 0.007262509 0.02992274 0.08611642 0.1719338 0.2370761 0.4662799
1.69363e-32 1.665859e-30 1.650225e-28 1.602549e-26 1.498797e-24 1.325106e-22 1.086211e-20 8.091646e-19 5.366843e-17 3.104078e-15 1.533239e-13 6.334815e-12 2.145047e-10 5.835803e-09 1.251581e-07 2.078244e-06 2.627521e-05 0.0002491006 0.001746873 0.008954902 0.03322413 0.08850744 0.1682908 0.6989982
Matrix for reader#  6
0.9999883 1.168394e-05 0 0 0 0 0 0 0 0 0 0 0 0 0 0 0 0 0 0 0 0 0 0
7.024544e-05 0.9999253 4.499634e-06 0 0 0 0 0 0 0 0 0 0 0 0 0 0 0 0 0 0 0 0 0
3.000425e-13 0.01153246 0.9868894 0.001578096 3.219647e-15 0 0 0 0 0 0 0 0 0 0 0 0 0 0 0 0 0 0 0
3.299985e-18 6.952487e-08 0.05944651 0.9286012 0.01195219 1.639525e-09 0 0 0 0 0 0 0 0 0 0 0 0 0 0 0 0 0 0
2.938012e-21 2.898785e-12 2.024556e-05 0.1253149 0.8431114 0.03155259 8.62802e-07 3.053113e-14 0 0 0 0 0 0 0 0 0 0 0 0 0 0 0 0
2.708517e-23 1.595049e-15 6.387791e-09 0.0004265194 0.1884956 0.7560684 0.05498155 2.793603e-05 1.126943e-10 0 0 0 0 0 0 0 0 0 0 0 0 0 0 0
9.675716e-25 5.793352e-18 7.071321e-12 7.065183e-07 0.002641306 0.2410013 0.6778656 0.07825316 0.0002378773 1.92384e-08 7.41629e-14 0 0 0 0 0 0 0 0 0 0 0 0 0
8.064587e-26 7.781958e-20 2.748223e-14 1.932982e-09 1.524768e-05 0.008580541 0.2805043 0.6106068 0.09930695 0.0009855419 5.924369e-07 2.9728e-11 2.220446e-16 0 0 0 0 0 0 0 0 0 0 0
1.180109e-26 2.618489e-21 2.976513e-16 1.13853e-11 9.668743e-08 0.000125924 0.01918486 0.3073069 0.5534973 0.1172083 0.002670062 6.54805e-06 2.086192e-09 1.19238e-13 0 0 0 0 0 0 0 0 0 0
2.55594e-27 1.707189e-22 7.173202e-18 1.404241e-13 9.441332e-10 1.634617e-06 0.0005708046 0.03396267 0.3231902 0.5050187 0.1316889 0.005529211 3.778638e-05 4.731888e-08 1.340561e-11 1.110223e-15 0 0 0 0 0 0 0 0
7.351992e-28 1.815367e-23 3.216464e-19 3.278635e-15 1.530853e-11 2.620411e-08 1.342547e-05 0.001744523 0.0514924 0.3304931 0.4636625 0.1428873 0.009564735 0.0001414658 5.011753e-07 4.906799e-10 1.603162e-13 0 0 0 0 0 0 0
2.613565e-28 2.796454e-24 2.344056e-20 1.302746e-16 4.035081e-13 5.856382e-10 3.378863e-07 6.700489e-05 0.0040685 0.07010618 0.3314803 0.4281348 0.1511604 0.01458704 0.0003923369 3.119514e-06 8.11115e-09 7.893464e-12 3.330669e-15 0 0 0 0 0
1.092682e-28 5.738967e-25 2.508833e-21 8.024977e-18 1.641304e-14 1.87244e-11 1.043276e-08 2.510393e-06 0.0002345404 0.00782885 0.08835791 0.3280507 0.3973813 0.1569499 0.02030369 0.0008772781 1.324606e-05 7.525618e-08 1.776551e-10 1.960654e-13 1.110223e-16 0 0 0
5.1864e-29 1.476761e-25 3.653795e-22 7.096708e-19 9.727692e-16 8.439831e-13 4.161294e-10 1.052165e-07 1.242703e-05 0.0006332166 0.01308681 0.1052198 0.3216734 0.3705585 0.1607 0.02639976 0.001673092 4.240215e-05 4.545085e-07 2.220392e-09 5.408118e-12 7.21645e-15 0 0
2.723722e-29 4.555675e-26 6.832157e-23 8.467521e-20 7.963026e-17 5.204491e-14 2.164857e-11 5.260937e-09 6.893332e-07 4.532175e-05 0.001407219 0.01968542 0.1200902 0.3134303 0.3469949 0.1628147 0.0325907 0.002828886 0.0001096343 1.981769e-06 1.769905e-08 8.371603e-11 2.269296e-13 3.330669e-16
1.552482e-29 1.628764e-26 1.568468e-23 1.296953e-20 8.591618e-18 4.244083e-15 1.454009e-12 3.21647e-10 4.290183e-08 3.238338e-06 0.0001307685 0.002694841 0.02731711 0.1327119 0.304093 0.3261541 0.1636414 0.03864787 0.004358551 0.0002404367 6.717624e-06 9.946626e-08 8.243827e-10 4.082845e-12
9.464335e-30 6.575598e-27 4.269071e-24 2.450138e-21 1.174133e-18 4.427994e-16 1.237393e-13 2.413039e-11 3.097581e-09 2.476711e-07 1.172514e-05 0.0003143218 0.004596451 0.03560679 0.1430678 0.2941987 0.307606 0.1634682 0.04440455 0.006242695 0.0004634167 1.868462e-05 4.243137e-07 5.716925e-09
6.101238e-30 2.937496e-27 1.340157e-24 5.527519e-22 1.965523e-19 5.735443e-17 1.30584e-14 2.205225e-12 2.627886e-10 2.106255e-08 1.085469e-06 3.452556e-05 0.0006538717 0.007155236 0.04418086 0.1512892 0.2841143 0.2910029 0.162529 0.04975084 0.008436385 0.0008059305 4.439193e-05 1.481766e-06
4.122173e-30 1.428954e-27 4.746542e-25 1.450596e-22 3.919199e-20 8.980384e-18 1.672403e-15 2.424679e-13 2.622318e-11 2.029353e-09 1.079998e-07 3.809089e-06 8.610393e-05 0.001211517 0.01035389 0.05271143 0.1575859 0.2740849 0.2760617 0.1610109 0.05462366 0.01087887 0.001290098 9.715069e-05
2.898124e-30 7.472728e-28 1.863272e-25 4.334228e-23 9.09272e-21 1.6608e-18 2.547082e-16 3.161581e-14 3.061544e-12 2.230744e-10 1.181017e-08 4.395255e-07 1.115133e-05 0.0001876261 0.002043735 0.01412376 0.06093743 0.1621993 0.26427 0.2625504 0.1590618 0.05899572 0.01350266 0.002115967
2.108089e-30 4.157582e-28 7.990181e-26 1.448563e-23 2.406715e-21 3.55573e-19 4.52858e-17 4.817202e-15 4.146007e-13 2.797649e-11 1.435281e-09 5.435623e-08 1.477969e-06 2.812344e-05 0.0003659931 0.003192851 0.01836051 0.06866875 0.1653728 0.2547696 0.2502771 0.1567984 0.06286552 0.01929882
1.579068e-30 2.440086e-28 3.698604e-26 5.336289e-24 7.148172e-22 8.662215e-20 9.24499e-18 8.455745e-16 6.447349e-14 3.987014e-12 1.946247e-10 7.305231e-09 2.056264e-07 4.239735e-06 6.266943e-05 0.0006513951 0.004681723 0.02294093 0.07578036 0.1673355 0.2456427 0.239082 0.1543117 0.08950649
1.213308e-30 1.500091e-28 1.829876e-26 2.140331e-24 2.349195e-22 2.365696e-20 2.13551e-18 1.687398e-16 1.139326e-14 6.416802e-13 2.94346e-11 1.074305e-09 3.050347e-08 6.595344e-07 1.064448e-05 0.0001259149 0.001073992 0.006512162 0.02773757 0.08220172 0.168294 0.2369201 0.2288313 0.2482918
9.532351e-31 9.603609e-29 9.596513e-27 9.250623e-25 8.441628e-23 7.150726e-21 5.509682e-19 3.782011e-17 2.264484e-15 1.157836e-13 4.94974e-12 1.732793e-10 4.868112e-09 1.076459e-07 1.839448e-06 2.387904e-05 0.0002318548 0.001660513 0.008666502 0.03262956 0.0879049 0.1684292 0.2286136 0.471838
Matrix for reader#  7
1 0 0 0 0 0 0 0 0 0 0 0 0 0 0 0 0 0 0 0 0 0 0 0
3.34675e-86 1 0 0 0 0 0 0 0 0 0 0 0 0 0 0 0 0 0 0 0 0 0 0
1.810707e-24 0.0002893969 0.9996948 1.578124e-05 0 0 0 0 0 0 0 0 0 0 0 0 0 0 0 0 0 0 0 0
8.220324e-20 1.191469e-08 0.04221867 0.946005 0.01177636 6.023565e-10 0 0 0 0 0 0 0 0 0 0 0 0 0 0 0 0 0 0
3.120201e-18 1.443289e-10 7.975037e-05 0.1323234 0.8112018 0.05638332 1.170127e-05 8.63698e-12 0 0 0 0 0 0 0 0 0 0 0 0 0 0 0 0
1.929645e-17 1.306094e-11 8.181978e-07 0.002348404 0.2086982 0.6811015 0.1072807 0.0005702469 9.808254e-08 8.820722e-13 0 0 0 0 0 0 0 0 0 0 0 0 0 0
5.757763e-17 2.904503e-12 3.348765e-08 5.980392e-05 0.01232971 0.2574975 0.5778394 0.1482832 0.00397931 1.096927e-05 3.712841e-09 2.133849e-13 0 0 0 0 0 0 0 0 0 0 0 0
1.192996e-16 1.039155e-12 3.323624e-09 3.085938e-06 0.0006825866 0.03134089 0.2815284 0.4983027 0.1758238 0.01215221 0.0001657828 4.850224e-07 3.562466e-10 8.11573e-14 0 0 0 0 0 0 0 0 0 0
2.006875e-16 4.924254e-13 5.860929e-10 2.905931e-07 5.244034e-05 0.003089724 0.05519908 0.2883099 0.436483 0.1915513 0.02438832 0.0009152682 1.062801e-05 4.161946e-08 6.187206e-11 4.019007e-14 0 0 0 0 0 0 0 0
2.963842e-16 2.79232e-13 1.523581e-10 4.336943e-08 5.855864e-06 0.0003454915 0.008346958 0.0789348 0.2847442 0.3875529 0.1986082 0.03850646 0.002869207 8.488757e-05 1.051024e-06 5.850505e-09 1.597922e-11 2.364775e-14 0 0 0 0 0 0
4.01335e-16 1.787796e-13 5.200744e-11 9.161108e-09 9.11818e-07 4.819101e-05 0.001282846 0.01649543 0.09941926 0.2756043 0.3480794 0.1998797 0.0524431 0.006369717 0.0003665915 1.035203e-05 1.502575e-07 1.18662e-09 5.442535e-12 1.565414e-14 0 0 0 0
5.114362e-16 1.247157e-13 2.16345e-11 2.520319e-09 1.872282e-07 8.456748e-06 0.0002226378 0.0032962 0.02667066 0.1154737 0.2638129 0.3156685 0.1975173 0.06489631 0.011312 0.001064119 5.535944e-05 1.644309e-06 2.898776e-08 3.1721e-10 2.2643e-12 1.121325e-14 0 0
6.23601e-16 9.263291e-14 1.043242e-11 8.501925e-10 4.818887e-08 1.83042e-06 4.504423e-05 0.0006970395 0.006613485 0.03769793 0.1271349 0.2510514 0.288636 0.1929879 0.07529131 0.01727577 0.002361284 0.000195701 1.006148e-05 3.298496e-07 7.118482e-09 1.04786e-10 1.093348e-12 8.437695e-15
7.356144e-16 7.212711e-14 5.632879e-12 3.365209e-10 1.491012e-08 4.757458e-07 1.063772e-05 0.0001626207 0.001663126 0.01117105 0.04855081 0.1349897 0.2382463 0.265777 0.1872489 0.08353559 0.02374245 0.00434083 0.0005173231 4.086786e-05 2.183729e-06 8.078717e-08 2.123975e-09 4.142764e-11
8.459443e-16 5.823835e-14 3.322424e-12 1.512816e-10 5.36395e-09 1.446432e-07 2.901237e-06 4.240779e-05 0.0004434693 0.003264325 0.01668216 0.05852931 0.1397777 0.2258837 0.2462127 0.1809102 0.08979306 0.03024856 0.006967264 0.001108366 0.00012333 9.745559e-06 5.565499e-07 2.418646e-08
9.53569e-16 4.838541e-14 2.102418e-12 7.537018e-11 2.18519e-09 5.026206e-08 9.005822e-07 1.235733e-05 0.0001278309 0.0009829549 0.005549416 0.02276217 0.06725345 0.1422011 0.2141988 0.2292901 0.1743534 0.09433383 0.03645062 0.01011669 0.002032554 0.0002985016 3.241953e-05 2.810691e-06
1.057839e-15 4.112705e-14 1.408213e-12 4.084411e-11 9.872023e-10 1.957125e-08 3.134597e-07 3.998306e-06 4.007846e-05 0.0003118798 0.001863585 0.008468969 0.02903303 0.07458483 0.142855 0.2032856 0.2145154 0.1678129 0.09744993 0.04213071 0.01362198 0.00331398 0.0006112717 9.653921e-05
1.158368e-15 3.561083e-14 9.88208e-13 2.372922e-11 4.863988e-10 8.399295e-09 1.206466e-07 1.424144e-06 1.365891e-05 0.0001053212 0.0006466479 0.003134178 0.01190156 0.03518227 0.08054088 0.142215 0.1931607 0.2015087 0.1614291 0.09941413 0.04717475 0.01731127 0.004936339 0.001323798
1.254961e-15 3.130775e-14 7.207957e-13 1.461236e-11 2.578892e-10 3.918556e-09 5.071452e-08 5.533245e-07 5.039969e-06 3.797531e-05 0.0002347058 0.001180722 0.004801525 0.01568931 0.040983 0.08522645 0.140649 0.1837998 0.189974 0.1552824 0.1004637 0.05154396 0.02103223 0.009095605
1.347549e-15 2.787594e-14 5.430662e-13 9.451743e-12 1.45553e-10 1.964647e-09 2.30316e-08 2.324385e-07 2.00253e-06 1.461102e-05 8.961533e-05 0.0004588851 0.001949562 0.006833836 0.01966878 0.04629023 0.08878685 0.1384356 0.1751578 0.1796771 0.1494149 0.100797 0.05524907 0.03717402
1.436155e-15 2.508669e-14 4.205482e-13 6.375258e-12 8.667917e-11 1.048481e-09 1.119486e-08 1.047093e-07 8.517047e-07 5.982913e-06 3.605894e-05 0.0001853274 0.0008077044 0.002969877 0.00917119 0.02369167 0.05102645 0.09137872 0.1357833 0.1671813 0.1704304 0.1438449 0.1005756 0.1029105
1.520862e-15 2.278232e-14 3.334002e-13 4.457688e-12 5.406954e-11 5.908418e-10 5.777122e-09 5.021187e-08 3.854712e-07 2.597908e-06 1.528244e-05 7.804418e-05 0.0003442497 0.001305498 0.004238613 0.01173795 0.0276356 0.05516458 0.09315359 0.1328469 0.1598147 0.1620822 0.1385758 0.2130039
1.60179e-15 2.085125e-14 2.697059e-13 3.215435e-12 3.511667e-11 3.492097e-10 3.143319e-09 2.546345e-08 1.846084e-07 1.191417e-06 6.809794e-06 3.430518e-05 0.0001516247 0.0005855101 0.001967772 0.005735532 0.01445383 0.03140732 0.05871237 0.0942496 0.12974 0.1530038 0.1545086 0.3554415
1.679084e-15 1.92127e-14 2.220381e-13 2.3831e-12 2.36269e-11 2.152423e-10 1.792485e-09 1.35767e-08 9.307069e-08 5.747178e-07 3.182349e-06 1.573313e-05 6.916466e-05 0.0002693365 0.0009257857 0.002799765 0.007427752 0.01724209 0.03494139 0.0616998 0.09478823 0.1265458 0.1466977 0.5065736

Variable estimate SD
BiasPar 1.00345944129978 0.00555481796651704
BiasPar 0.963160850479742 0.00497464223939943
BiasPar 1.08212560450274 0.00596522495544216
BiasPar 1.01614442144807 0.00495111057425834
BiasPar 0.973683084367473 0.00478765155896023
BiasPar 0.980579730740603 0.00549772486079827
SDPar 0.0568536443052657 0.0433056238888567
SDPar 2.63561402426047 0.171885296108782
SDPar 0.371465482870103 0.0565648517143428
SDPar 1.58135337635329 0.168658975047837
SDPar 0.0292669716118765 0.0404578376015222
SDPar 1.93979502551433 0.144549500491567
SDPar 0.21471612123755 0.06530829309806
SDPar 2.35842727022214 0.208316080894775
SDPar 0.148635278327148 0.042254058140732
SDPar 1.68582627068795 0.149174544371321
SDPar 0.119482721222924 0.0445259336946704
SDPar 1.6765253567845 0.15515998962502
SDPar 0.01 0.0530519875422169
SDPar 2.64732223718849 0.185421540840834
Slope 0.00137821860871086 7.05504522457598
Probs -1.95104964337093 702.058997313628
Probs 15.4085936723258 188.145043723539
Probs 19.1214708186465 188.142824818661
Probs 19.3627999664294 188.142815689178
Probs 19.6365870123631 188.142808341136
Probs 19.5821194532913 188.142811878045
Probs 19.6347840227188 188.142814215615
Probs 19.9985155192402 188.142805882032
Probs 19.491572960779 188.142824531237
Probs 18.9972079652135 188.142862597519
Probs 18.7285327957522 188.142900434467
Probs 18.6472407228709 188.142929494347
Probs 16.8804637060264 188.144537889514
Probs 16.2862121595545 188.144555254397
Probs -1.45695604333391 699.723591205099
Probs -1.95393659922982 702.076759082915
Probs -0.819660854776989 691.833267197876
Probs 3.10985991246198 254.864443389062
