
Structure of the data set
Data set # Entries Reader boolean
1 2 0 0 0 0 0 0 0
1 2 1 2 0 4 0 6 7
1 544 1 2 3 4 5 6 7
1 2 1 2 3 4 0 6 7
1 1 1 2 3 0 5 6 7
1 1 0 2 3 0 5 6 7
ReaderSumm
1 5 6
Number of reads by data set:        7
Minimum and Maximum Ages:           2   17

total cells  7962624
Structure of the data set
Data set # Entries Reader boolean
1 2 0 0 0 0 0 0 0
1 2 1 2 0 4 0 6 7
1 544 1 2 3 4 5 6 7
1 2 1 2 3 4 0 6 7
1 1 1 2 3 0 5 6 7
1 1 0 2 3 0 5 6 7
ReaderSumm
1 5 6
Number of reads by data set:        7
Minimum and Maximum Ages:           2   17

total cells  7962624
Structure of the data set
Data set # Entries Reader boolean
1 2 0 0 0 0 0 0 0
1 2 0 2 3 0 5 6 7
1 544 1 2 3 4 5 6 7
1 2 0 2 3 4 5 6 7
1 1 1 2 3 4 0 6 7
1 1 1 0 3 4 0 6 7
ReaderSumm
1 5 6
Number of reads by data set:        7
Minimum and Maximum Ages:           2   17

total cells  7962624
Structure of the data set
Data set # Entries Reader boolean
1 2 0 0 0 0 0 0 0
1 2 0 2 3 0 5 6 7
1 544 1 2 3 4 5 6 7
1 2 0 2 3 4 5 6 7
1 1 1 2 3 4 0 6 7
1 1 1 0 3 4 0 6 7
ReaderSumm
1 5 6
Number of reads by data set:        7
Minimum and Maximum Ages:           2   17

total cells  7962624
Structure of the data set
Data set # Entries Reader boolean
1 2 0 0 0 0 0 0 0
1 2 0 2 3 0 5 6 7
1 544 1 2 3 4 5 6 7
1 2 0 2 3 4 5 6 7
1 1 1 2 3 4 0 6 7
1 1 1 0 3 4 0 6 7
ReaderSumm
1 5 6
Number of reads by data set:        7
Minimum and Maximum Ages:           2   17

total cells  7962624
Structure of the data set
Data set # Entries Reader boolean
1 2 0 0 0 0 0 0 0
1 2 0 2 3 0 5 6 7
1 544 1 2 3 4 5 6 7
1 2 0 2 3 4 5 6 7
1 1 1 2 3 4 0 6 7
1 1 1 0 3 4 0 6 7
ReaderSumm
1 5 6
Number of reads by data set:        7
Minimum and Maximum Ages:           2   17

total cells  7962624
Structure of the data set
Data set # Entries Reader boolean
1 2 0 0 0 0 0 0 0
1 2 0 2 3 0 5 6 7
1 544 1 2 3 4 5 6 7
1 2 0 2 3 4 5 6 7
1 1 1 2 3 4 0 6 7
1 1 1 0 3 4 0 6 7
ReaderSumm
1 5 6
Number of reads by data set:        7
Minimum and Maximum Ages:           2   17

total cells  7962624
Structure of the data set
Data set # Entries Reader boolean
1 2 0 0 0 0 0 0 0
1 2 0 2 3 0 5 6 7
1 544 1 2 3 4 5 6 7
1 2 0 2 3 4 5 6 7
1 1 1 2 3 4 0 6 7
1 1 1 0 3 4 0 6 7
ReaderSumm
1 5 6
Number of reads by data set:        7
Minimum and Maximum Ages:           2   17

total cells  7962624
Structure of the data set
Data set # Entries Reader boolean
1 2 0 0 0 0 0 0 0
1 2 0 2 3 0 5 6 7
1 544 1 2 3 4 5 6 7
1 2 0 2 3 4 5 6 7
1 1 1 2 3 4 0 6 7
1 1 1 0 3 4 0 6 7
ReaderSumm
1 5 6
Number of reads by data set:        7
Minimum and Maximum Ages:           2   17

total cells  7962624
